#
# There is insufficient memory for the Java Runtime Environment to continue.
# Native memory allocation (malloc) failed to allocate 2632800 bytes for Chunk::new
# Possible reasons:
#   The system is out of physical RAM or swap space
#   The process is running with CompressedOops enabled, and the Java Heap may be blocking the growth of the native heap
# Possible solutions:
#   Reduce memory load on the system
#   Increase physical memory or swap space
#   Check if swap backing store is full
#   Decrease Java heap size (-Xmx/-Xms)
#   Decrease number of Java threads
#   Decrease Java thread stack sizes (-Xss)
#   Set larger code cache with -XX:ReservedCodeCacheSize=
#   JVM is running with Unscaled Compressed Oops mode in which the Java heap is
#     placed in the first 4GB address space. The Java Heap base address is the
#     maximum limit for the native heap growth. Please use -XX:HeapBaseMinAddress
#     to set the Java Heap base and to place the Java Heap above 4GB virtual address.
# This output file may be truncated or incomplete.
#
#  Out of Memory Error (arena.cpp:189), pid=8112, tid=6596
#
# JRE version: OpenJDK Runtime Environment (17.0+35) (build 17+35-2724)
# Java VM: OpenJDK 64-Bit Server VM (17+35-2724, mixed mode, sharing, tiered, compressed oops, compressed class ptrs, g1 gc, windows-amd64)
# No core dump will be written. Minidumps are not enabled by default on client versions of Windows
#

---------------  S U M M A R Y ------------

Command Line: -XX:MaxMetaspaceSize=512m --add-opens=java.base/java.util=ALL-UNNAMED --add-opens=java.base/java.lang=ALL-UNNAMED --add-opens=java.base/java.lang.invoke=ALL-UNNAMED --add-opens=java.prefs/java.util.prefs=ALL-UNNAMED --add-opens=java.base/java.nio.charset=ALL-UNNAMED --add-opens=java.base/java.net=ALL-UNNAMED --add-opens=java.base/java.util.concurrent.atomic=ALL-UNNAMED -Xmx2048m -Dfile.encoding=UTF-8 -Duser.country=US -Duser.language=en -Duser.variant -javaagent:C:\Users\Kiran\.gradle\wrapper\dists\gradle-8.6-bin\afr5mpiioh2wthjmwnkmdsd5w\gradle-8.6\lib\agents\gradle-instrumentation-agent-8.6.jar org.gradle.launcher.daemon.bootstrap.GradleDaemon 8.6

Host: Intel(R) Core(TM) i3-2330M CPU @ 2.20GHz, 4 cores, 5G,  Windows 10 , 64 bit Build 18362 (10.0.18362.1500)
Time: Wed Feb 18 13:45:05 2026 Sri Lanka Standard Time elapsed time: 350.984229 seconds (0d 0h 5m 50s)

---------------  T H R E A D  ---------------

Current thread (0x000001caba143fc0):  JavaThread "C2 CompilerThread0" daemon [_thread_in_native, id=6596, stack(0x0000003c1aa00000,0x0000003c1ab00000)]


Current CompileTask:
C2: 350984 10181       4       org.gradle.internal.instantiation.generator.AbstractClassGenerator::inspectType (560 bytes)

Stack: [0x0000003c1aa00000,0x0000003c1ab00000]
Native frames: (J=compiled Java code, j=interpreted, Vv=VM code, C=native code)
V  [jvm.dll+0x66f8ea]
V  [jvm.dll+0x7ce224]
V  [jvm.dll+0x7cf9ce]
V  [jvm.dll+0x7d0033]
V  [jvm.dll+0x242bb5]
V  [jvm.dll+0xaa05b]
V  [jvm.dll+0xaa5ec]
V  [jvm.dll+0x35f9f7]
V  [jvm.dll+0x329f61]
V  [jvm.dll+0x32940a]
V  [jvm.dll+0x215ca1]
V  [jvm.dll+0x2150c1]
V  [jvm.dll+0x1a168d]
V  [jvm.dll+0x2248f8]
V  [jvm.dll+0x222a5c]
V  [jvm.dll+0x78422b]
V  [jvm.dll+0x77e7ea]
V  [jvm.dll+0x66e715]
C  [ucrtbase.dll+0x210b2]
C  [KERNEL32.DLL+0x17c24]
C  [ntdll.dll+0x6d721]


---------------  P R O C E S S  ---------------

Threads class SMR info:
_java_thread_list=0x000001cac081adb0, length=41, elements={
0x000001ca9c8cf860, 0x000001caba1234b0, 0x000001caba124230, 0x000001caba1343c0,
0x000001caba134c80, 0x000001caba137550, 0x000001caba13fe20, 0x000001caba143fc0,
0x000001caba146980, 0x000001caba159e50, 0x000001ca9c99e050, 0x000001cabacf3080,
0x000001cabc2b3900, 0x000001cabc178060, 0x000001cabbf3e9e0, 0x000001cabb88efc0,
0x000001cabb88e620, 0x000001cabb88eaf0, 0x000001cabb88e150, 0x000001cabb88f490,
0x000001cabf7d84a0, 0x000001cabf7d9310, 0x000001cabf7d62f0, 0x000001cabf7d8e40,
0x000001cabf7db4c0, 0x000001cabf7d4140, 0x000001cabf7d7630, 0x000001cabf7d9cb0,
0x000001cabf7d6c90, 0x000001cabf7d4ae0, 0x000001cabf7db990, 0x000001cabf7d7b00,
0x000001cabf7d4610, 0x000001cabf7d7fd0, 0x000001cabf7d4fb0, 0x000001cabb88f960,
0x000001cabb88fe30, 0x000001cabb890300, 0x000001cabb890ca0, 0x000001cac12466b0,
0x000001cac124c6f0
}

Java Threads: ( => current thread )
  0x000001ca9c8cf860 JavaThread "main" [_thread_blocked, id=5860, stack(0x0000003c19d00000,0x0000003c19e00000)]
  0x000001caba1234b0 JavaThread "Reference Handler" daemon [_thread_blocked, id=5924, stack(0x0000003c1a400000,0x0000003c1a500000)]
  0x000001caba124230 JavaThread "Finalizer" daemon [_thread_blocked, id=12268, stack(0x0000003c1a500000,0x0000003c1a600000)]
  0x000001caba1343c0 JavaThread "Signal Dispatcher" daemon [_thread_blocked, id=868, stack(0x0000003c1a600000,0x0000003c1a700000)]
  0x000001caba134c80 JavaThread "Attach Listener" daemon [_thread_blocked, id=11736, stack(0x0000003c1a700000,0x0000003c1a800000)]
  0x000001caba137550 JavaThread "Service Thread" daemon [_thread_blocked, id=5532, stack(0x0000003c1a800000,0x0000003c1a900000)]
  0x000001caba13fe20 JavaThread "Monitor Deflation Thread" daemon [_thread_blocked, id=1336, stack(0x0000003c1a900000,0x0000003c1aa00000)]
=>0x000001caba143fc0 JavaThread "C2 CompilerThread0" daemon [_thread_in_native, id=6596, stack(0x0000003c1aa00000,0x0000003c1ab00000)]
  0x000001caba146980 JavaThread "C1 CompilerThread0" daemon [_thread_blocked, id=11292, stack(0x0000003c1ab00000,0x0000003c1ac00000)]
  0x000001caba159e50 JavaThread "Sweeper thread" daemon [_thread_blocked, id=7772, stack(0x0000003c1ac00000,0x0000003c1ad00000)]
  0x000001ca9c99e050 JavaThread "Common-Cleaner" daemon [_thread_blocked, id=5492, stack(0x0000003c1ad00000,0x0000003c1ae00000)]
  0x000001cabacf3080 JavaThread "Notification Thread" daemon [_thread_blocked, id=2016, stack(0x0000003c1ae00000,0x0000003c1af00000)]
  0x000001cabc2b3900 JavaThread "Daemon health stats" [_thread_blocked, id=8608, stack(0x0000003c1b300000,0x0000003c1b400000)]
  0x000001cabc178060 JavaThread "Incoming local TCP Connector on port 13822" [_thread_in_native, id=8740, stack(0x0000003c19b00000,0x0000003c19c00000)]
  0x000001cabbf3e9e0 JavaThread "Daemon periodic checks" [_thread_blocked, id=8940, stack(0x0000003c1b400000,0x0000003c1b500000)]
  0x000001cabb88efc0 JavaThread "Cache worker for journal cache (C:\Users\Kiran\.gradle\caches\journal-1)" [_thread_blocked, id=12100, stack(0x0000003c1bd00000,0x0000003c1be00000)]
  0x000001cabb88e620 JavaThread "File lock request listener" [_thread_in_native, id=344, stack(0x0000003c1be00000,0x0000003c1bf00000)]
  0x000001cabb88eaf0 JavaThread "Cache worker for file hash cache (C:\Users\Kiran\.gradle\caches\8.6\fileHashes)" [_thread_blocked, id=10996, stack(0x0000003c1bf00000,0x0000003c1c000000)]
  0x000001cabb88e150 JavaThread "File watcher server" daemon [_thread_in_native, id=9168, stack(0x0000003c1c100000,0x0000003c1c200000)]
  0x000001cabb88f490 JavaThread "File watcher consumer" daemon [_thread_blocked, id=724, stack(0x0000003c1c200000,0x0000003c1c300000)]
  0x000001cabf7d84a0 JavaThread "Cache worker for file content cache (C:\Users\Kiran\.gradle\caches\8.6\fileContent)" [_thread_blocked, id=7908, stack(0x0000003c1c600000,0x0000003c1c700000)]
  0x000001cabf7d9310 JavaThread "jar transforms" [_thread_blocked, id=10300, stack(0x0000003c1c700000,0x0000003c1c800000)]
  0x000001cabf7d62f0 JavaThread "jar transforms Thread 2" [_thread_blocked, id=660, stack(0x0000003c1ca00000,0x0000003c1cb00000)]
  0x000001cabf7d8e40 JavaThread "jar transforms Thread 3" [_thread_blocked, id=9488, stack(0x0000003c1cc00000,0x0000003c1cd00000)]
  0x000001cabf7db4c0 JavaThread "jar transforms Thread 4" [_thread_blocked, id=4340, stack(0x0000003c1d200000,0x0000003c1d300000)]
  0x000001cabf7d4140 JavaThread "Memory manager" [_thread_blocked, id=6588, stack(0x0000003c19c00000,0x0000003c19d00000)]
  0x000001cabf7d7630 JavaThread "Daemon Thread 2" [_thread_blocked, id=7348, stack(0x0000003c19a00000,0x0000003c19b00000)]
  0x000001cabf7d9cb0 JavaThread "Handler for socket connection from /127.0.0.1:13822 to /127.0.0.1:13927" [_thread_in_native, id=8264, stack(0x0000003c1b500000,0x0000003c1b600000)]
  0x000001cabf7d6c90 JavaThread "Cancel handler" [_thread_blocked, id=8432, stack(0x0000003c1b600000,0x0000003c1b700000)]
  0x000001cabf7d4ae0 JavaThread "Daemon worker Thread 2" [_thread_in_native, id=6068, stack(0x0000003c1b700000,0x0000003c1b800000)]
  0x000001cabf7db990 JavaThread "Asynchronous log dispatcher for DefaultDaemonConnection: socket connection from /127.0.0.1:13822 to /127.0.0.1:13927" [_thread_blocked, id=10328, stack(0x0000003c1b800000,0x0000003c1b900000)]
  0x000001cabf7d7b00 JavaThread "Stdin handler" [_thread_blocked, id=9728, stack(0x0000003c1b900000,0x0000003c1ba00000)]
  0x000001cabf7d4610 JavaThread "Daemon client event forwarder" [_thread_blocked, id=6492, stack(0x0000003c1ba00000,0x0000003c1bb00000)]
  0x000001cabf7d7fd0 JavaThread "Cache worker for checksums cache (D:\Msc sc\BloodBuddy\BloodBuddy\.gradle\8.6\checksums)" [_thread_blocked, id=10532, stack(0x0000003c1bb00000,0x0000003c1bc00000)]
  0x000001cabf7d4fb0 JavaThread "Cache worker for file hash cache (D:\Msc sc\BloodBuddy\BloodBuddy\.gradle\8.6\fileHashes)" [_thread_blocked, id=11684, stack(0x0000003c1bc00000,0x0000003c1bd00000)]
  0x000001cabb88f960 JavaThread "Cache worker for cache directory md-supplier (C:\Users\Kiran\.gradle\caches\8.6\md-supplier)" [_thread_blocked, id=7420, stack(0x0000003c1c000000,0x0000003c1c100000)]
  0x000001cabb88fe30 JavaThread "Cache worker for cache directory md-rule (C:\Users\Kiran\.gradle\caches\8.6\md-rule)" [_thread_blocked, id=9772, stack(0x0000003c1c300000,0x0000003c1c400000)]
  0x000001cabb890300 JavaThread "Cache worker for Build Output Cleanup Cache (D:\Msc sc\BloodBuddy\BloodBuddy\.gradle\buildOutputCleanup)" [_thread_blocked, id=10976, stack(0x0000003c1c400000,0x0000003c1c500000)]
  0x000001cabb890ca0 JavaThread "Unconstrained build operations" [_thread_blocked, id=10920, stack(0x0000003c1c500000,0x0000003c1c600000)]
  0x000001cac12466b0 JavaThread "Unconstrained build operations Thread 2" [_thread_blocked, id=11824, stack(0x0000003c1cb00000,0x0000003c1cc00000)]
  0x000001cac124c6f0 JavaThread "Unconstrained build operations Thread 3" [_thread_blocked, id=6112, stack(0x0000003c1cf00000,0x0000003c1d000000)]

Other Threads:
  0x000001caba11b6a0 VMThread "VM Thread" [stack: 0x0000003c1a300000,0x0000003c1a400000] [id=11812]
  0x000001cabadb3cb0 WatcherThread [stack: 0x0000003c1af00000,0x0000003c1b000000] [id=10448]
  0x000001ca9c90e340 GCTaskThread "GC Thread#0" [stack: 0x0000003c19e00000,0x0000003c19f00000] [id=10332]
  0x000001cabb13e6c0 GCTaskThread "GC Thread#1" [stack: 0x0000003c1b100000,0x0000003c1b200000] [id=9336]
  0x000001cabaffeb90 GCTaskThread "GC Thread#2" [stack: 0x0000003c1b200000,0x0000003c1b300000] [id=10216]
  0x000001cabb89d7f0 GCTaskThread "GC Thread#3" [stack: 0x0000003c1b000000,0x0000003c1b100000] [id=7468]
  0x000001ca9c91f9a0 ConcurrentGCThread "G1 Main Marker" [stack: 0x0000003c19f00000,0x0000003c1a000000] [id=8896]
  0x000001ca9c9212d0 ConcurrentGCThread "G1 Conc#0" [stack: 0x0000003c1a000000,0x0000003c1a100000] [id=6148]
  0x000001ca9c9892f0 ConcurrentGCThread "G1 Refine#0" [stack: 0x0000003c1a100000,0x0000003c1a200000] [id=2756]
  0x000001cabc334ed0 ConcurrentGCThread "G1 Refine#1" [stack: 0x0000003c1c800000,0x0000003c1c900000] [id=7948]
  0x000001cabc3351b0 ConcurrentGCThread "G1 Refine#2" [stack: 0x0000003c1c900000,0x0000003c1ca00000] [id=6016]
  0x000001ca9c989c20 ConcurrentGCThread "G1 Service" [stack: 0x0000003c1a200000,0x0000003c1a300000] [id=12052]

Threads with active compile tasks:
C2 CompilerThread0   353040 10181       4       org.gradle.internal.instantiation.generator.AbstractClassGenerator::inspectType (560 bytes)

VM state: not at safepoint (normal execution)

VM Mutex/Monitor currently owned by a thread: None

Heap address: 0x0000000080000000, size: 2048 MB, Compressed Oops mode: 32-bit

CDS archive(s) mapped at: [0x0000000800000000-0x0000000800bc0000-0x0000000800bc0000), size 12320768, SharedBaseAddress: 0x0000000800000000, ArchiveRelocationMode: 0.
Compressed class space mapped at: 0x0000000800c00000-0x000000081a800000, reserved size: 432013312
Narrow klass base: 0x0000000800000000, Narrow klass shift: 0, Narrow klass range: 0x100000000

GC Precious Log:
 CPUs: 4 total, 4 available
 Memory: 6052M
 Large Page Support: Disabled
 NUMA Support: Disabled
 Compressed Oops: Enabled (32-bit)
 Heap Region Size: 1M
 Heap Min Capacity: 8M
 Heap Initial Capacity: 96M
 Heap Max Capacity: 2G
 Pre-touch: Disabled
 Parallel Workers: 4
 Concurrent Workers: 1
 Concurrent Refinement Workers: 4
 Periodic GC: Disabled

Heap:
 garbage-first heap   total 135168K, used 93705K [0x0000000080000000, 0x0000000100000000)
  region size 1024K, 22 young (22528K), 5 survivors (5120K)
 Metaspace       used 72305K, committed 73024K, reserved 487424K
  class space    used 10085K, committed 10432K, reserved 421888K

Heap Regions: E=young(eden), S=young(survivor), O=old, HS=humongous(starts), HC=humongous(continues), CS=collection set, F=free, OA=open archive, CA=closed archive, TAMS=top-at-mark-start (previous, next)
|   0|0x0000000080000000, 0x0000000080100000, 0x0000000080100000|100%| O|  |TAMS 0x0000000080100000, 0x0000000080000000| Untracked 
|   1|0x0000000080100000, 0x0000000080200000, 0x0000000080200000|100%| O|  |TAMS 0x0000000080200000, 0x0000000080100000| Untracked 
|   2|0x0000000080200000, 0x0000000080300000, 0x0000000080300000|100%|HS|  |TAMS 0x0000000080300000, 0x0000000080200000| Complete 
|   3|0x0000000080300000, 0x0000000080400000, 0x0000000080400000|100%|HC|  |TAMS 0x0000000080400000, 0x0000000080300000| Complete 
|   4|0x0000000080400000, 0x0000000080500000, 0x0000000080500000|100%|HC|  |TAMS 0x0000000080500000, 0x0000000080400000| Complete 
|   5|0x0000000080500000, 0x0000000080600000, 0x0000000080600000|100%|HC|  |TAMS 0x0000000080600000, 0x0000000080500000| Complete 
|   6|0x0000000080600000, 0x0000000080700000, 0x0000000080700000|100%| O|  |TAMS 0x0000000080700000, 0x0000000080600000| Untracked 
|   7|0x0000000080700000, 0x0000000080800000, 0x0000000080800000|100%| O|  |TAMS 0x0000000080800000, 0x0000000080700000| Untracked 
|   8|0x0000000080800000, 0x0000000080900000, 0x0000000080900000|100%| O|  |TAMS 0x0000000080900000, 0x0000000080800000| Untracked 
|   9|0x0000000080900000, 0x0000000080a00000, 0x0000000080a00000|100%| O|  |TAMS 0x0000000080a00000, 0x0000000080900000| Untracked 
|  10|0x0000000080a00000, 0x0000000080b00000, 0x0000000080b00000|100%| O|  |TAMS 0x0000000080b00000, 0x0000000080a00000| Untracked 
|  11|0x0000000080b00000, 0x0000000080c00000, 0x0000000080c00000|100%| O|  |TAMS 0x0000000080c00000, 0x0000000080b00000| Untracked 
|  12|0x0000000080c00000, 0x0000000080d00000, 0x0000000080d00000|100%| O|  |TAMS 0x0000000080d00000, 0x0000000080c00000| Untracked 
|  13|0x0000000080d00000, 0x0000000080e00000, 0x0000000080e00000|100%| O|  |TAMS 0x0000000080e00000, 0x0000000080d00000| Untracked 
|  14|0x0000000080e00000, 0x0000000080f00000, 0x0000000080f00000|100%| O|  |TAMS 0x0000000080f00000, 0x0000000080e00000| Untracked 
|  15|0x0000000080f00000, 0x0000000081000000, 0x0000000081000000|100%| O|  |TAMS 0x0000000081000000, 0x0000000080f00000| Untracked 
|  16|0x0000000081000000, 0x0000000081100000, 0x0000000081100000|100%| O|  |TAMS 0x0000000081100000, 0x0000000081000000| Untracked 
|  17|0x0000000081100000, 0x00000000811fae00, 0x0000000081200000| 97%| O|  |TAMS 0x00000000811fae00, 0x0000000081100000| Untracked 
|  18|0x0000000081200000, 0x0000000081300000, 0x0000000081300000|100%| O|  |TAMS 0x0000000081300000, 0x0000000081200000| Untracked 
|  19|0x0000000081300000, 0x0000000081400000, 0x0000000081400000|100%| O|  |TAMS 0x0000000081400000, 0x0000000081300000| Untracked 
|  20|0x0000000081400000, 0x0000000081500000, 0x0000000081500000|100%| O|  |TAMS 0x0000000081500000, 0x0000000081400000| Untracked 
|  21|0x0000000081500000, 0x0000000081600000, 0x0000000081600000|100%| O|  |TAMS 0x0000000081600000, 0x0000000081500000| Untracked 
|  22|0x0000000081600000, 0x0000000081700000, 0x0000000081700000|100%| O|  |TAMS 0x0000000081700000, 0x0000000081600000| Untracked 
|  23|0x0000000081700000, 0x0000000081800000, 0x0000000081800000|100%| O|  |TAMS 0x0000000081800000, 0x0000000081700000| Untracked 
|  24|0x0000000081800000, 0x0000000081900000, 0x0000000081900000|100%| O|  |TAMS 0x0000000081900000, 0x0000000081800000| Untracked 
|  25|0x0000000081900000, 0x0000000081a00000, 0x0000000081a00000|100%| O|  |TAMS 0x0000000081a00000, 0x0000000081900000| Untracked 
|  26|0x0000000081a00000, 0x0000000081b00000, 0x0000000081b00000|100%| O|  |TAMS 0x0000000081b00000, 0x0000000081a00000| Untracked 
|  27|0x0000000081b00000, 0x0000000081c00000, 0x0000000081c00000|100%| O|  |TAMS 0x0000000081c00000, 0x0000000081b00000| Untracked 
|  28|0x0000000081c00000, 0x0000000081d00000, 0x0000000081d00000|100%| O|  |TAMS 0x0000000081d00000, 0x0000000081c00000| Untracked 
|  29|0x0000000081d00000, 0x0000000081e00000, 0x0000000081e00000|100%| O|  |TAMS 0x0000000081e00000, 0x0000000081d00000| Untracked 
|  30|0x0000000081e00000, 0x0000000081f00000, 0x0000000081f00000|100%| O|  |TAMS 0x0000000081f00000, 0x0000000081e00000| Untracked 
|  31|0x0000000081f00000, 0x0000000082000000, 0x0000000082000000|100%| O|  |TAMS 0x0000000082000000, 0x0000000081f00000| Untracked 
|  32|0x0000000082000000, 0x0000000082100000, 0x0000000082100000|100%| O|  |TAMS 0x0000000082100000, 0x0000000082000000| Untracked 
|  33|0x0000000082100000, 0x0000000082200000, 0x0000000082200000|100%| O|  |TAMS 0x0000000082200000, 0x0000000082100000| Untracked 
|  34|0x0000000082200000, 0x0000000082300000, 0x0000000082300000|100%| O|  |TAMS 0x0000000082300000, 0x0000000082200000| Untracked 
|  35|0x0000000082300000, 0x0000000082400000, 0x0000000082400000|100%| O|  |TAMS 0x0000000082400000, 0x0000000082300000| Untracked 
|  36|0x0000000082400000, 0x0000000082500000, 0x0000000082500000|100%| O|  |TAMS 0x0000000082500000, 0x0000000082400000| Untracked 
|  37|0x0000000082500000, 0x0000000082600000, 0x0000000082600000|100%| O|  |TAMS 0x0000000082600000, 0x0000000082500000| Untracked 
|  38|0x0000000082600000, 0x0000000082700000, 0x0000000082700000|100%| O|  |TAMS 0x0000000082700000, 0x0000000082600000| Untracked 
|  39|0x0000000082700000, 0x0000000082800000, 0x0000000082800000|100%| O|  |TAMS 0x0000000082800000, 0x0000000082700000| Complete 
|  40|0x0000000082800000, 0x0000000082900000, 0x0000000082900000|100%|HS|  |TAMS 0x0000000082900000, 0x0000000082800000| Complete 
|  41|0x0000000082900000, 0x0000000082a00000, 0x0000000082a00000|100%|HS|  |TAMS 0x0000000082a00000, 0x0000000082900000| Complete 
|  42|0x0000000082a00000, 0x0000000082b00000, 0x0000000082b00000|100%|HS|  |TAMS 0x0000000082b00000, 0x0000000082a00000| Complete 
|  43|0x0000000082b00000, 0x0000000082c00000, 0x0000000082c00000|100%| O|  |TAMS 0x0000000082c00000, 0x0000000082b00000| Untracked 
|  44|0x0000000082c00000, 0x0000000082d00000, 0x0000000082d00000|100%|HS|  |TAMS 0x0000000082d00000, 0x0000000082c00000| Complete 
|  45|0x0000000082d00000, 0x0000000082e00000, 0x0000000082e00000|100%|HS|  |TAMS 0x0000000082e00000, 0x0000000082d00000| Complete 
|  46|0x0000000082e00000, 0x0000000082f00000, 0x0000000082f00000|100%| O|  |TAMS 0x0000000082f00000, 0x0000000082e00000| Untracked 
|  47|0x0000000082f00000, 0x0000000083000000, 0x0000000083000000|100%| O|  |TAMS 0x0000000083000000, 0x0000000082f00000| Untracked 
|  48|0x0000000083000000, 0x0000000083100000, 0x0000000083100000|100%| O|  |TAMS 0x0000000083100000, 0x0000000083000000| Untracked 
|  49|0x0000000083100000, 0x0000000083200000, 0x0000000083200000|100%|HS|  |TAMS 0x0000000083200000, 0x0000000083100000| Complete 
|  50|0x0000000083200000, 0x0000000083300000, 0x0000000083300000|100%| O|  |TAMS 0x0000000083300000, 0x0000000083200000| Untracked 
|  51|0x0000000083300000, 0x0000000083400000, 0x0000000083400000|100%| O|  |TAMS 0x0000000083400000, 0x0000000083300000| Untracked 
|  52|0x0000000083400000, 0x0000000083500000, 0x0000000083500000|100%| O|  |TAMS 0x0000000083500000, 0x0000000083400000| Untracked 
|  53|0x0000000083500000, 0x0000000083600000, 0x0000000083600000|100%|HS|  |TAMS 0x0000000083600000, 0x0000000083500000| Complete 
|  54|0x0000000083600000, 0x0000000083700000, 0x0000000083700000|100%| O|  |TAMS 0x0000000083700000, 0x0000000083600000| Untracked 
|  55|0x0000000083700000, 0x0000000083800000, 0x0000000083800000|100%| O|  |TAMS 0x0000000083800000, 0x0000000083700000| Untracked 
|  56|0x0000000083800000, 0x0000000083900000, 0x0000000083900000|100%| O|  |TAMS 0x0000000083900000, 0x0000000083800000| Untracked 
|  57|0x0000000083900000, 0x0000000083a00000, 0x0000000083a00000|100%| O|  |TAMS 0x0000000083a00000, 0x0000000083900000| Untracked 
|  58|0x0000000083a00000, 0x0000000083b00000, 0x0000000083b00000|100%| O|  |TAMS 0x0000000083b00000, 0x0000000083a00000| Untracked 
|  59|0x0000000083b00000, 0x0000000083c00000, 0x0000000083c00000|100%| O|  |TAMS 0x0000000083c00000, 0x0000000083b00000| Untracked 
|  60|0x0000000083c00000, 0x0000000083d00000, 0x0000000083d00000|100%| O|  |TAMS 0x0000000083d00000, 0x0000000083c00000| Untracked 
|  61|0x0000000083d00000, 0x0000000083e00000, 0x0000000083e00000|100%| O|  |TAMS 0x0000000083e00000, 0x0000000083d00000| Untracked 
|  62|0x0000000083e00000, 0x0000000083f00000, 0x0000000083f00000|100%| O|  |TAMS 0x0000000083f00000, 0x0000000083e00000| Untracked 
|  63|0x0000000083f00000, 0x0000000084000000, 0x0000000084000000|100%| O|  |TAMS 0x0000000084000000, 0x0000000083f00000| Untracked 
|  64|0x0000000084000000, 0x0000000084100000, 0x0000000084100000|100%| O|  |TAMS 0x00000000840fb600, 0x0000000084000000| Untracked 
|  65|0x0000000084100000, 0x0000000084200000, 0x0000000084200000|100%| O|  |TAMS 0x0000000084200000, 0x0000000084100000| Untracked 
|  66|0x0000000084200000, 0x0000000084300000, 0x0000000084300000|100%| O|  |TAMS 0x0000000084300000, 0x0000000084200000| Untracked 
|  67|0x0000000084300000, 0x0000000084400000, 0x0000000084400000|100%| O|  |TAMS 0x0000000084300000, 0x0000000084300000| Untracked 
|  68|0x0000000084400000, 0x0000000084500000, 0x0000000084500000|100%| O|  |TAMS 0x0000000084400000, 0x0000000084400000| Untracked 
|  69|0x0000000084500000, 0x0000000084600000, 0x0000000084600000|100%| O|  |TAMS 0x0000000084500000, 0x0000000084500000| Untracked 
|  70|0x0000000084600000, 0x0000000084687800, 0x0000000084700000| 52%| O|  |TAMS 0x0000000084600000, 0x0000000084600000| Untracked 
|  71|0x0000000084700000, 0x0000000084700000, 0x0000000084800000|  0%| F|  |TAMS 0x0000000084700000, 0x0000000084700000| Untracked 
|  72|0x0000000084800000, 0x0000000084800000, 0x0000000084900000|  0%| F|  |TAMS 0x0000000084800000, 0x0000000084800000| Untracked 
|  73|0x0000000084900000, 0x0000000084900000, 0x0000000084a00000|  0%| F|  |TAMS 0x0000000084900000, 0x0000000084900000| Untracked 
|  74|0x0000000084a00000, 0x0000000084a00000, 0x0000000084b00000|  0%| F|  |TAMS 0x0000000084a00000, 0x0000000084a00000| Untracked 
|  75|0x0000000084b00000, 0x0000000084b00000, 0x0000000084c00000|  0%| F|  |TAMS 0x0000000084b00000, 0x0000000084b00000| Untracked 
|  76|0x0000000084c00000, 0x0000000084c00000, 0x0000000084d00000|  0%| F|  |TAMS 0x0000000084c00000, 0x0000000084c00000| Untracked 
|  77|0x0000000084d00000, 0x0000000084d00000, 0x0000000084e00000|  0%| F|  |TAMS 0x0000000084d00000, 0x0000000084d00000| Untracked 
|  78|0x0000000084e00000, 0x0000000084e00000, 0x0000000084f00000|  0%| F|  |TAMS 0x0000000084e00000, 0x0000000084e00000| Untracked 
|  79|0x0000000084f00000, 0x0000000084f00000, 0x0000000085000000|  0%| F|  |TAMS 0x0000000084f00000, 0x0000000084f00000| Untracked 
|  80|0x0000000085000000, 0x0000000085000000, 0x0000000085100000|  0%| F|  |TAMS 0x0000000085000000, 0x0000000085000000| Untracked 
|  81|0x0000000085100000, 0x0000000085100000, 0x0000000085200000|  0%| F|  |TAMS 0x0000000085100000, 0x0000000085100000| Untracked 
|  82|0x0000000085200000, 0x0000000085300000, 0x0000000085300000|100%| S|CS|TAMS 0x0000000085200000, 0x0000000085200000| Complete 
|  83|0x0000000085300000, 0x0000000085300000, 0x0000000085400000|  0%| F|  |TAMS 0x0000000085300000, 0x0000000085300000| Untracked 
|  84|0x0000000085400000, 0x0000000085400000, 0x0000000085500000|  0%| F|  |TAMS 0x0000000085400000, 0x0000000085400000| Untracked 
|  85|0x0000000085500000, 0x0000000085600000, 0x0000000085600000|100%| S|CS|TAMS 0x0000000085500000, 0x0000000085500000| Complete 
|  86|0x0000000085600000, 0x0000000085700000, 0x0000000085700000|100%| S|CS|TAMS 0x0000000085600000, 0x0000000085600000| Complete 
|  87|0x0000000085700000, 0x0000000085800000, 0x0000000085800000|100%| S|CS|TAMS 0x0000000085700000, 0x0000000085700000| Complete 
|  88|0x0000000085800000, 0x0000000085800000, 0x0000000085900000|  0%| F|  |TAMS 0x0000000085800000, 0x0000000085800000| Untracked 
|  89|0x0000000085900000, 0x0000000085900000, 0x0000000085a00000|  0%| F|  |TAMS 0x0000000085900000, 0x0000000085900000| Untracked 
|  90|0x0000000085a00000, 0x0000000085b00000, 0x0000000085b00000|100%| S|CS|TAMS 0x0000000085a00000, 0x0000000085a00000| Complete 
|  91|0x0000000085b00000, 0x0000000085b00000, 0x0000000085c00000|  0%| F|  |TAMS 0x0000000085b00000, 0x0000000085b00000| Untracked 
|  92|0x0000000085c00000, 0x0000000085c00000, 0x0000000085d00000|  0%| F|  |TAMS 0x0000000085c00000, 0x0000000085c00000| Untracked 
|  93|0x0000000085d00000, 0x0000000085d00000, 0x0000000085e00000|  0%| F|  |TAMS 0x0000000085d00000, 0x0000000085d00000| Untracked 
|  94|0x0000000085e00000, 0x0000000085e00000, 0x0000000085f00000|  0%| F|  |TAMS 0x0000000085e00000, 0x0000000085e00000| Untracked 
|  95|0x0000000085f00000, 0x0000000085f00000, 0x0000000086000000|  0%| F|  |TAMS 0x0000000085f00000, 0x0000000085f00000| Untracked 
|  96|0x0000000086000000, 0x0000000086000000, 0x0000000086100000|  0%| F|  |TAMS 0x0000000086000000, 0x0000000086000000| Untracked 
|  97|0x0000000086100000, 0x0000000086100000, 0x0000000086200000|  0%| F|  |TAMS 0x0000000086100000, 0x0000000086100000| Untracked 
|  98|0x0000000086200000, 0x0000000086200000, 0x0000000086300000|  0%| F|  |TAMS 0x0000000086200000, 0x0000000086200000| Untracked 
|  99|0x0000000086300000, 0x0000000086300000, 0x0000000086400000|  0%| F|  |TAMS 0x0000000086300000, 0x0000000086300000| Untracked 
| 100|0x0000000086400000, 0x0000000086400000, 0x0000000086500000|  0%| F|  |TAMS 0x0000000086400000, 0x0000000086400000| Untracked 
| 101|0x0000000086500000, 0x0000000086500000, 0x0000000086600000|  0%| F|  |TAMS 0x0000000086500000, 0x0000000086500000| Untracked 
| 102|0x0000000086600000, 0x0000000086600000, 0x0000000086700000|  0%| F|  |TAMS 0x0000000086600000, 0x0000000086600000| Untracked 
| 103|0x0000000086700000, 0x0000000086700000, 0x0000000086800000|  0%| F|  |TAMS 0x0000000086700000, 0x0000000086700000| Untracked 
| 104|0x0000000086800000, 0x0000000086800000, 0x0000000086900000|  0%| F|  |TAMS 0x0000000086800000, 0x0000000086800000| Untracked 
| 105|0x0000000086900000, 0x0000000086900000, 0x0000000086a00000|  0%| F|  |TAMS 0x0000000086900000, 0x0000000086900000| Untracked 
| 106|0x0000000086a00000, 0x0000000086a00000, 0x0000000086b00000|  0%| F|  |TAMS 0x0000000086a00000, 0x0000000086a00000| Untracked 
| 107|0x0000000086b00000, 0x0000000086b00000, 0x0000000086c00000|  0%| F|  |TAMS 0x0000000086b00000, 0x0000000086b00000| Untracked 
| 108|0x0000000086c00000, 0x0000000086c00000, 0x0000000086d00000|  0%| F|  |TAMS 0x0000000086c00000, 0x0000000086c00000| Untracked 
| 109|0x0000000086d00000, 0x0000000086d00000, 0x0000000086e00000|  0%| F|  |TAMS 0x0000000086d00000, 0x0000000086d00000| Untracked 
| 110|0x0000000086e00000, 0x0000000086e00000, 0x0000000086f00000|  0%| F|  |TAMS 0x0000000086e00000, 0x0000000086e00000| Untracked 
| 111|0x0000000086f00000, 0x0000000086f00000, 0x0000000087000000|  0%| F|  |TAMS 0x0000000086f00000, 0x0000000086f00000| Untracked 
| 112|0x0000000087000000, 0x0000000087000000, 0x0000000087100000|  0%| F|  |TAMS 0x0000000087000000, 0x0000000087000000| Untracked 
| 113|0x0000000087100000, 0x0000000087100000, 0x0000000087200000|  0%| F|  |TAMS 0x0000000087100000, 0x0000000087100000| Untracked 
| 114|0x0000000087200000, 0x0000000087200000, 0x0000000087300000|  0%| F|  |TAMS 0x0000000087200000, 0x0000000087200000| Untracked 
| 115|0x0000000087300000, 0x00000000873ae1b8, 0x0000000087400000| 68%| E|  |TAMS 0x0000000087300000, 0x0000000087300000| Complete 
| 116|0x0000000087400000, 0x0000000087500000, 0x0000000087500000|100%| E|CS|TAMS 0x0000000087400000, 0x0000000087400000| Complete 
| 117|0x0000000087500000, 0x0000000087600000, 0x0000000087600000|100%| E|CS|TAMS 0x0000000087500000, 0x0000000087500000| Complete 
| 118|0x0000000087600000, 0x0000000087700000, 0x0000000087700000|100%| E|CS|TAMS 0x0000000087600000, 0x0000000087600000| Complete 
| 119|0x0000000087700000, 0x0000000087800000, 0x0000000087800000|100%| E|CS|TAMS 0x0000000087700000, 0x0000000087700000| Complete 
| 120|0x0000000087800000, 0x0000000087900000, 0x0000000087900000|100%| E|CS|TAMS 0x0000000087800000, 0x0000000087800000| Complete 
| 121|0x0000000087900000, 0x0000000087a00000, 0x0000000087a00000|100%| E|CS|TAMS 0x0000000087900000, 0x0000000087900000| Complete 
| 122|0x0000000087a00000, 0x0000000087b00000, 0x0000000087b00000|100%| E|CS|TAMS 0x0000000087a00000, 0x0000000087a00000| Complete 
| 123|0x0000000087b00000, 0x0000000087c00000, 0x0000000087c00000|100%| E|CS|TAMS 0x0000000087b00000, 0x0000000087b00000| Complete 
| 124|0x0000000087c00000, 0x0000000087d00000, 0x0000000087d00000|100%| E|CS|TAMS 0x0000000087c00000, 0x0000000087c00000| Complete 
| 125|0x0000000087d00000, 0x0000000087e00000, 0x0000000087e00000|100%| E|CS|TAMS 0x0000000087d00000, 0x0000000087d00000| Complete 
| 126|0x0000000087e00000, 0x0000000087f00000, 0x0000000087f00000|100%| E|CS|TAMS 0x0000000087e00000, 0x0000000087e00000| Complete 
| 127|0x0000000087f00000, 0x0000000088000000, 0x0000000088000000|100%| E|CS|TAMS 0x0000000087f00000, 0x0000000087f00000| Complete 
| 128|0x0000000088000000, 0x0000000088100000, 0x0000000088100000|100%| E|CS|TAMS 0x0000000088000000, 0x0000000088000000| Complete 
| 129|0x0000000088100000, 0x0000000088200000, 0x0000000088200000|100%| E|CS|TAMS 0x0000000088100000, 0x0000000088100000| Complete 
| 130|0x0000000088200000, 0x0000000088300000, 0x0000000088300000|100%| E|CS|TAMS 0x0000000088200000, 0x0000000088200000| Complete 
| 131|0x0000000088300000, 0x0000000088400000, 0x0000000088400000|100%| E|CS|TAMS 0x0000000088300000, 0x0000000088300000| Complete 

Card table byte_map: [0x000001cab34c0000,0x000001cab38c0000] _byte_map_base: 0x000001cab30c0000

Marking Bits (Prev, Next): (CMBitMap*) 0x000001ca9c90e860, (CMBitMap*) 0x000001ca9c90e8a0
 Prev Bits: [0x000001cab3cc0000, 0x000001cab5cc0000)
 Next Bits: [0x000001cab5cc0000, 0x000001cab7cc0000)

Polling page: 0x000001ca9c0a0000

Metaspace:

Usage:
  Non-class:     60.76 MB used.
      Class:      9.85 MB used.
       Both:     70.61 MB used.

Virtual space:
  Non-class space:       64.00 MB reserved,      61.13 MB ( 96%) committed,  8 nodes.
      Class space:      412.00 MB reserved,      10.19 MB (  2%) committed,  1 nodes.
             Both:      476.00 MB reserved,      71.31 MB ( 15%) committed. 

Chunk freelists:
   Non-Class:  2.14 MB
       Class:  1.67 MB
        Both:  3.81 MB

MaxMetaspaceSize: 512.00 MB
CompressedClassSpaceSize: 412.00 MB
Initial GC threshold: 21.00 MB
Current GC threshold: 117.44 MB
CDS: on
MetaspaceReclaimPolicy: balanced
 - commit_granule_bytes: 65536.
 - commit_granule_words: 8192.
 - virtual_space_node_default_size: 1048576.
 - enlarge_chunks_in_place: 1.
 - new_chunks_are_fully_committed: 0.
 - uncommit_free_chunks: 1.
 - use_allocation_guard: 0.
 - handle_deallocations: 1.


Internal statistics:

num_allocs_failed_limit: 6.
num_arena_births: 858.
num_arena_deaths: 0.
num_vsnodes_births: 9.
num_vsnodes_deaths: 0.
num_space_committed: 1141.
num_space_uncommitted: 0.
num_chunks_returned_to_freelist: 6.
num_chunks_taken_from_freelist: 3950.
num_chunk_merges: 6.
num_chunk_splits: 2555.
num_chunks_enlarged: 1639.
num_purges: 0.
num_inconsistent_stats: 0.

CodeHeap 'non-profiled nmethods': size=120000Kb used=5522Kb max_used=5522Kb free=114477Kb
 bounds [0x000001caabb90000, 0x000001caac100000, 0x000001cab30c0000]
CodeHeap 'profiled nmethods': size=120000Kb used=19445Kb max_used=19445Kb free=100554Kb
 bounds [0x000001caa4660000, 0x000001caa5960000, 0x000001caabb90000]
CodeHeap 'non-nmethods': size=5760Kb used=2371Kb max_used=2429Kb free=3388Kb
 bounds [0x000001caa40c0000, 0x000001caa4330000, 0x000001caa4660000]
 total_blobs=10356 nmethods=9462 adapters=805
 compilation: enabled
              stopped_count=0, restarted_count=0
 full_count=0

Compilation events (20 events):
Event: 350.739 Thread 0x000001caba146980 10241       3       org.gradle.internal.reflect.annotations.impl.DefaultTypeAnnotationMetadataStore$$Lambda$790/0x00000008011fe130::test (12 bytes)
Event: 350.740 Thread 0x000001caba146980 nmethod 10241 0x000001caa5953510 code [0x000001caa59536c0, 0x000001caa5953968]
Event: 350.743 Thread 0x000001caba146980 10242       3       com.google.common.collect.ImmutableMap::isEmpty (13 bytes)
Event: 350.744 Thread 0x000001caba146980 nmethod 10242 0x000001caa5953a90 code [0x000001caa5953c40, 0x000001caa5953e68]
Event: 350.744 Thread 0x000001caba146980 10243       3       org.gradle.model.internal.type.ClassTypeWrapper::effectiveClassOf (28 bytes)
Event: 350.745 Thread 0x000001caba146980 nmethod 10243 0x000001caa5953f10 code [0x000001caa59540e0, 0x000001caa59544a8]
Event: 350.745 Thread 0x000001caba146980 10244       3       org.gradle.model.internal.type.ModelType::<init> (6 bytes)
Event: 350.745 Thread 0x000001caba146980 nmethod 10244 0x000001caa5954610 code [0x000001caa59547c0, 0x000001caa59549d8]
Event: 350.745 Thread 0x000001caba146980 10245       3       org.gradle.model.internal.type.ModelType::<init> (10 bytes)
Event: 350.745 Thread 0x000001caba146980 nmethod 10245 0x000001caa5954b10 code [0x000001caa5954ca0, 0x000001caa5954e58]
Event: 350.748 Thread 0x000001caba146980 10246   !   3       jdk.proxy1.$Proxy74::annotationType (29 bytes)
Event: 350.748 Thread 0x000001caba146980 nmethod 10246 0x000001caa5954f10 code [0x000001caa59550e0, 0x000001caa59554d8]
Event: 350.761 Thread 0x000001caba146980 10247       3       java.io.WinNTFileSystem::normalize (143 bytes)
Event: 350.763 Thread 0x000001caba146980 nmethod 10247 0x000001caa5955690 code [0x000001caa5955920, 0x000001caa5956558]
Event: 350.766 Thread 0x000001caba146980 10249       1       org.gradle.api.internal.file.pattern.EndOfPathMatcher::getMaxSegments (2 bytes)
Event: 350.766 Thread 0x000001caba146980 nmethod 10249 0x000001caac0f4310 code [0x000001caac0f44a0, 0x000001caac0f4578]
Event: 350.766 Thread 0x000001caba146980 10250       3       org.gradle.api.internal.file.pattern.PatternMatcherFactory::compile (117 bytes)
Event: 350.767 Thread 0x000001caba146980 nmethod 10250 0x000001caa5956a10 code [0x000001caa5956ca0, 0x000001caa59579f8]
Event: 350.767 Thread 0x000001caba146980 10252       1       org.gradle.internal.graph.CachingDirectedGraphWalker$NodeDetails::access$400 (5 bytes)
Event: 350.767 Thread 0x000001caba146980 nmethod 10252 0x000001caac0f4610 code [0x000001caac0f47a0, 0x000001caac0f4858]

GC Heap History (20 events):
Event: 120.253 GC heap before
{Heap before GC invocations=32 (full 0):
 garbage-first heap   total 97280K, used 67559K [0x0000000080000000, 0x0000000100000000)
  region size 1024K, 16 young (16384K), 2 survivors (2048K)
 Metaspace       used 55154K, committed 55744K, reserved 471040K
  class space    used 7558K, committed 7872K, reserved 421888K
}
Event: 120.270 GC heap after
{Heap after GC invocations=33 (full 0):
 garbage-first heap   total 97280K, used 56924K [0x0000000080000000, 0x0000000100000000)
  region size 1024K, 3 young (3072K), 3 survivors (3072K)
 Metaspace       used 55154K, committed 55744K, reserved 471040K
  class space    used 7558K, committed 7872K, reserved 421888K
}
Event: 120.911 GC heap before
{Heap before GC invocations=34 (full 0):
 garbage-first heap   total 128000K, used 74332K [0x0000000080000000, 0x0000000100000000)
  region size 1024K, 18 young (18432K), 3 survivors (3072K)
 Metaspace       used 55162K, committed 55808K, reserved 471040K
  class space    used 7559K, committed 7872K, reserved 421888K
}
Event: 120.936 GC heap after
{Heap after GC invocations=35 (full 0):
 garbage-first heap   total 128000K, used 59204K [0x0000000080000000, 0x0000000100000000)
  region size 1024K, 3 young (3072K), 3 survivors (3072K)
 Metaspace       used 55162K, committed 55808K, reserved 471040K
  class space    used 7559K, committed 7872K, reserved 421888K
}
Event: 123.666 GC heap before
{Heap before GC invocations=35 (full 0):
 garbage-first heap   total 128000K, used 101188K [0x0000000080000000, 0x0000000100000000)
  region size 1024K, 43 young (44032K), 3 survivors (3072K)
 Metaspace       used 57968K, committed 58624K, reserved 479232K
  class space    used 7938K, committed 8256K, reserved 421888K
}
Event: 123.675 GC heap after
{Heap after GC invocations=36 (full 0):
 garbage-first heap   total 128000K, used 62259K [0x0000000080000000, 0x0000000100000000)
  region size 1024K, 5 young (5120K), 5 survivors (5120K)
 Metaspace       used 57968K, committed 58624K, reserved 479232K
  class space    used 7938K, committed 8256K, reserved 421888K
}
Event: 127.340 GC heap before
{Heap before GC invocations=36 (full 0):
 garbage-first heap   total 128000K, used 102195K [0x0000000080000000, 0x0000000100000000)
  region size 1024K, 44 young (45056K), 5 survivors (5120K)
 Metaspace       used 59416K, committed 60032K, reserved 479232K
  class space    used 8139K, committed 8448K, reserved 421888K
}
Event: 127.395 GC heap after
{Heap after GC invocations=37 (full 0):
 garbage-first heap   total 128000K, used 64940K [0x0000000080000000, 0x0000000100000000)
  region size 1024K, 5 young (5120K), 5 survivors (5120K)
 Metaspace       used 59416K, committed 60032K, reserved 479232K
  class space    used 8139K, committed 8448K, reserved 421888K
}
Event: 129.552 GC heap before
{Heap before GC invocations=37 (full 0):
 garbage-first heap   total 128000K, used 102828K [0x0000000080000000, 0x0000000100000000)
  region size 1024K, 42 young (43008K), 5 survivors (5120K)
 Metaspace       used 60951K, committed 61568K, reserved 479232K
  class space    used 8355K, committed 8640K, reserved 421888K
}
Event: 129.564 GC heap after
{Heap after GC invocations=38 (full 0):
 garbage-first heap   total 128000K, used 67123K [0x0000000080000000, 0x0000000100000000)
  region size 1024K, 5 young (5120K), 5 survivors (5120K)
 Metaspace       used 60951K, committed 61568K, reserved 479232K
  class space    used 8355K, committed 8640K, reserved 421888K
}
Event: 130.813 GC heap before
{Heap before GC invocations=39 (full 0):
 garbage-first heap   total 128000K, used 84531K [0x0000000080000000, 0x0000000100000000)
  region size 1024K, 23 young (23552K), 5 survivors (5120K)
 Metaspace       used 62197K, committed 62848K, reserved 479232K
  class space    used 8531K, committed 8832K, reserved 421888K
}
Event: 130.824 GC heap after
{Heap after GC invocations=40 (full 0):
 garbage-first heap   total 128000K, used 67926K [0x0000000080000000, 0x0000000100000000)
  region size 1024K, 3 young (3072K), 3 survivors (3072K)
 Metaspace       used 62197K, committed 62848K, reserved 479232K
  class space    used 8531K, committed 8832K, reserved 421888K
}
Event: 135.093 GC heap before
{Heap before GC invocations=41 (full 0):
 garbage-first heap   total 128000K, used 106838K [0x0000000080000000, 0x0000000100000000)
  region size 1024K, 40 young (40960K), 3 survivors (3072K)
 Metaspace       used 64799K, committed 65408K, reserved 479232K
  class space    used 9028K, committed 9344K, reserved 421888K
}
Event: 135.101 GC heap after
{Heap after GC invocations=42 (full 0):
 garbage-first heap   total 128000K, used 68784K [0x0000000080000000, 0x0000000100000000)
  region size 1024K, 2 young (2048K), 2 survivors (2048K)
 Metaspace       used 64799K, committed 65408K, reserved 479232K
  class space    used 9028K, committed 9344K, reserved 421888K
}
Event: 137.956 GC heap before
{Heap before GC invocations=42 (full 0):
 garbage-first heap   total 128000K, used 106672K [0x0000000080000000, 0x0000000100000000)
  region size 1024K, 39 young (39936K), 2 survivors (2048K)
 Metaspace       used 67543K, committed 68160K, reserved 487424K
  class space    used 9432K, committed 9728K, reserved 421888K
}
Event: 137.979 GC heap after
{Heap after GC invocations=43 (full 0):
 garbage-first heap   total 128000K, used 70587K [0x0000000080000000, 0x0000000100000000)
  region size 1024K, 4 young (4096K), 4 survivors (4096K)
 Metaspace       used 67543K, committed 68160K, reserved 487424K
  class space    used 9432K, committed 9728K, reserved 421888K
}
Event: 345.247 GC heap before
{Heap before GC invocations=44 (full 0):
 garbage-first heap   total 128000K, used 105403K [0x0000000080000000, 0x0000000100000000)
  region size 1024K, 39 young (39936K), 4 survivors (4096K)
 Metaspace       used 70196K, committed 70912K, reserved 487424K
  class space    used 9845K, committed 10176K, reserved 421888K
}
Event: 345.261 GC heap after
{Heap after GC invocations=45 (full 0):
 garbage-first heap   total 128000K, used 72646K [0x0000000080000000, 0x0000000100000000)
  region size 1024K, 4 young (4096K), 4 survivors (4096K)
 Metaspace       used 70196K, committed 70912K, reserved 487424K
  class space    used 9845K, committed 10176K, reserved 421888K
}
Event: 349.464 GC heap before
{Heap before GC invocations=45 (full 0):
 garbage-first heap   total 128000K, used 107462K [0x0000000080000000, 0x0000000100000000)
  region size 1024K, 38 young (38912K), 4 survivors (4096K)
 Metaspace       used 71237K, committed 71872K, reserved 487424K
  class space    used 9929K, committed 10240K, reserved 421888K
}
Event: 349.484 GC heap after
{Heap after GC invocations=46 (full 0):
 garbage-first heap   total 128000K, used 77321K [0x0000000080000000, 0x0000000100000000)
  region size 1024K, 5 young (5120K), 5 survivors (5120K)
 Metaspace       used 71237K, committed 71872K, reserved 487424K
  class space    used 9929K, committed 10240K, reserved 421888K
}

Deoptimization events (20 events):
Event: 348.802 Thread 0x000001cabf7d4ae0 Uncommon trap: trap_request=0xffffffc6 fr.pc=0x000001caabc286e0 relative=0x00000000000001a0
Event: 348.802 Thread 0x000001cabf7d4ae0 Uncommon trap: reason=bimorphic_or_optimized_type_check action=maybe_recompile pc=0x000001caabc286e0 method=com.google.common.collect.ImmutableList.copyOf(Ljava/util/Collection;)Lcom/google/common/collect/ImmutableList; @ 16 c2
Event: 348.802 Thread 0x000001cabf7d4ae0 DEOPT PACKING pc=0x000001caabc286e0 sp=0x0000003c1b7f8620
Event: 348.802 Thread 0x000001cabf7d4ae0 DEOPT UNPACKING pc=0x000001caa41123a3 sp=0x0000003c1b7f85c8 mode 2
Event: 349.306 Thread 0x000001cabf7d4ae0 Uncommon trap: trap_request=0xffffff45 fr.pc=0x000001caac01ba88 relative=0x0000000000000328
Event: 349.306 Thread 0x000001cabf7d4ae0 Uncommon trap: reason=unstable_if action=reinterpret pc=0x000001caac01ba88 method=org.gradle.internal.reflect.PropertyAccessorType.isSetterName(Ljava/lang/String;)Z @ 14 c2
Event: 349.306 Thread 0x000001cabf7d4ae0 DEOPT PACKING pc=0x000001caac01ba88 sp=0x0000003c1b7f90a0
Event: 349.306 Thread 0x000001cabf7d4ae0 DEOPT UNPACKING pc=0x000001caa41123a3 sp=0x0000003c1b7f8ff8 mode 2
Event: 350.387 Thread 0x000001cabf7d4ae0 DEOPT PACKING pc=0x000001caa530481e sp=0x0000003c1b7f8f10
Event: 350.387 Thread 0x000001cabf7d4ae0 DEOPT UNPACKING pc=0x000001caa4112b43 sp=0x0000003c1b7f84b0 mode 0
Event: 350.680 Thread 0x000001cabf7d4ae0 Uncommon trap: trap_request=0xffffff45 fr.pc=0x000001caabbe9e1c relative=0x00000000000000fc
Event: 350.680 Thread 0x000001cabf7d4ae0 Uncommon trap: reason=unstable_if action=reinterpret pc=0x000001caabbe9e1c method=java.io.WinNTFileSystem.normalize(Ljava/lang/String;)Ljava/lang/String; @ 74 c2
Event: 350.680 Thread 0x000001cabf7d4ae0 DEOPT PACKING pc=0x000001caabbe9e1c sp=0x0000003c1b7f8da0
Event: 350.680 Thread 0x000001cabf7d4ae0 DEOPT UNPACKING pc=0x000001caa41123a3 sp=0x0000003c1b7f8d78 mode 2
Event: 350.680 Thread 0x000001cabf7d4ae0 Uncommon trap: trap_request=0xffffff45 fr.pc=0x000001caabc0cf28 relative=0x0000000000001528
Event: 350.680 Thread 0x000001cabf7d4ae0 Uncommon trap: reason=unstable_if action=reinterpret pc=0x000001caabc0cf28 method=java.io.WinNTFileSystem.normalize(Ljava/lang/String;II)Ljava/lang/String; @ 100 c2
Event: 350.680 Thread 0x000001cabf7d4ae0 DEOPT PACKING pc=0x000001caabc0cf28 sp=0x0000003c1b7f8cd0
Event: 350.680 Thread 0x000001cabf7d4ae0 DEOPT UNPACKING pc=0x000001caa41123a3 sp=0x0000003c1b7f8cd8 mode 2
Event: 350.688 Thread 0x000001cabf7d4ae0 DEOPT PACKING pc=0x000001caa530481e sp=0x0000003c1b7f8ce0
Event: 350.688 Thread 0x000001cabf7d4ae0 DEOPT UNPACKING pc=0x000001caa4112b43 sp=0x0000003c1b7f8280 mode 0

Classes unloaded (0 events):
No events

Classes redefined (0 events):
No events

Internal exceptions (20 events):
Event: 345.029 Thread 0x000001cabf7d4ae0 Exception <a 'sun/nio/fs/WindowsException'{0x0000000085c10118}> (0x0000000085c10118) 
thrown [t:\workspace\open\src\hotspot\share\prims\jni.cpp, line 516]
Event: 345.031 Thread 0x000001cabf7d4ae0 Exception <a 'sun/nio/fs/WindowsException'{0x0000000085c116a0}> (0x0000000085c116a0) 
thrown [t:\workspace\open\src\hotspot\share\prims\jni.cpp, line 516]
Event: 345.032 Thread 0x000001cabf7d4ae0 Exception <a 'sun/nio/fs/WindowsException'{0x0000000085c12c28}> (0x0000000085c12c28) 
thrown [t:\workspace\open\src\hotspot\share\prims\jni.cpp, line 516]
Event: 345.032 Thread 0x000001cabf7d4ae0 Exception <a 'sun/nio/fs/WindowsException'{0x0000000085c14190}> (0x0000000085c14190) 
thrown [t:\workspace\open\src\hotspot\share\prims\jni.cpp, line 516]
Event: 345.071 Thread 0x000001cabf7d4ae0 Exception <a 'sun/nio/fs/WindowsException'{0x0000000085c61e50}> (0x0000000085c61e50) 
thrown [t:\workspace\open\src\hotspot\share\prims\jni.cpp, line 516]
Event: 345.071 Thread 0x000001cabf7d4ae0 Exception <a 'sun/nio/fs/WindowsException'{0x0000000085c620d8}> (0x0000000085c620d8) 
thrown [t:\workspace\open\src\hotspot\share\prims\jni.cpp, line 516]
Event: 345.071 Thread 0x000001cabf7d4ae0 Exception <a 'sun/nio/fs/WindowsException'{0x0000000085c64870}> (0x0000000085c64870) 
thrown [t:\workspace\open\src\hotspot\share\prims\jni.cpp, line 516]
Event: 345.071 Thread 0x000001cabf7d4ae0 Exception <a 'sun/nio/fs/WindowsException'{0x0000000085c64bf0}> (0x0000000085c64bf0) 
thrown [t:\workspace\open\src\hotspot\share\prims\jni.cpp, line 516]
Event: 345.073 Thread 0x000001cabf7d4ae0 Exception <a 'sun/nio/fs/WindowsException'{0x0000000085c69998}> (0x0000000085c69998) 
thrown [t:\workspace\open\src\hotspot\share\prims\jni.cpp, line 516]
Event: 345.073 Thread 0x000001cabf7d4ae0 Exception <a 'sun/nio/fs/WindowsException'{0x0000000085c69d18}> (0x0000000085c69d18) 
thrown [t:\workspace\open\src\hotspot\share\prims\jni.cpp, line 516]
Event: 348.148 Thread 0x000001cabf7d4ae0 Exception <a 'sun/nio/fs/WindowsException'{0x000000008690de90}> (0x000000008690de90) 
thrown [t:\workspace\open\src\hotspot\share\prims\jni.cpp, line 516]
Event: 348.436 Thread 0x000001cabf7d4ae0 Exception <a 'java/lang/NoClassDefFoundError'{0x000000008685c638}: org/jetbrains/kotlin/gradle/plugin/KotlinBasePluginWrapper> (0x000000008685c638) 
thrown [t:\workspace\open\src\hotspot\share\oops\constantPool.cpp, line 835]
Event: 348.462 Thread 0x000001cabf7d4ae0 Exception <a 'java/lang/NoClassDefFoundError'{0x0000000086878e98}: org/jetbrains/kotlin/gradle/plugin/KotlinBasePluginWrapper> (0x0000000086878e98) 
thrown [t:\workspace\open\src\hotspot\share\oops\constantPool.cpp, line 835]
Event: 348.474 Thread 0x000001cabf7d4ae0 Exception <a 'java/lang/NoClassDefFoundError'{0x0000000086889240}: org/jetbrains/kotlin/gradle/plugin/KotlinBasePluginWrapper> (0x0000000086889240) 
thrown [t:\workspace\open\src\hotspot\share\oops\constantPool.cpp, line 835]
Event: 348.487 Thread 0x000001cabf7d4ae0 Exception <a 'java/lang/NoClassDefFoundError'{0x00000000868acab0}: org/jetbrains/kotlin/gradle/plugin/KotlinBasePluginWrapper> (0x00000000868acab0) 
thrown [t:\workspace\open\src\hotspot\share\oops\constantPool.cpp, line 835]
Event: 348.495 Thread 0x000001cabf7d4ae0 Exception <a 'java/lang/NoClassDefFoundError'{0x00000000868c84f8}: org/jetbrains/kotlin/gradle/plugin/KotlinBasePluginWrapper> (0x00000000868c84f8) 
thrown [t:\workspace\open\src\hotspot\share\oops\constantPool.cpp, line 835]
Event: 348.642 Thread 0x000001cabf7d4ae0 Exception <a 'java/lang/NoClassDefFoundError'{0x0000000086504b08}: org/jetbrains/kotlin/gradle/plugin/KotlinBasePluginWrapper> (0x0000000086504b08) 
thrown [t:\workspace\open\src\hotspot\share\oops\constantPool.cpp, line 835]
Event: 349.314 Thread 0x000001cabf7d4ae0 Exception <a 'java/lang/NoSuchMethodError'{0x0000000085d61700}: 'java.lang.Object java.lang.invoke.DirectMethodHandle$Holder.newInvokeSpecial(java.lang.Object, java.lang.Object, java.lang.Object, java.lang.Object, java.lang.Object, java.lang.Object, int)'> (0x0000000085d61700) 
thrown [t:\workspace\open\src\hotspot\share\interpreter\linkResolver.cpp, line 766]
Event: 349.315 Thread 0x000001cabf7d4ae0 Exception <a 'java/lang/NoSuchMethodError'{0x0000000085d66ef0}: 'java.lang.Object java.lang.invoke.DirectMethodHandle$Holder.invokeSpecial(java.lang.Object, java.lang.Object, java.lang.Object, java.lang.Object, java.lang.Object, java.lang.Object, java.lang.Object, int)'> (0x0000000085d66ef0) 
thrown [t:\workspace\open\src\hotspot\share\interpreter\linkResolver.cpp, line 766]
Event: 349.315 Thread 0x000001cabf7d4ae0 Exception <a 'java/lang/NoSuchMethodError'{0x0000000085d6c530}: 'java.lang.Object java.lang.invoke.Invokers$Holder.linkToTargetMethod(java.lang.Object, java.lang.Object, java.lang.Object, java.lang.Object, java.lang.Object, int, java.lang.Object)'> (0x0000000085d6c530) 
thrown [t:\workspace\open\src\hotspot\share\interpreter\linkResolver.cpp, line 766]

VM Operations (20 events):
Event: 348.477 Executing VM operation: ICBufferFull
Event: 348.477 Executing VM operation: ICBufferFull done
Event: 348.482 Executing VM operation: ICBufferFull
Event: 348.482 Executing VM operation: ICBufferFull done
Event: 348.500 Executing VM operation: ICBufferFull
Event: 348.500 Executing VM operation: ICBufferFull done
Event: 348.565 Executing VM operation: ICBufferFull
Event: 348.566 Executing VM operation: ICBufferFull done
Event: 348.592 Executing VM operation: ICBufferFull
Event: 348.592 Executing VM operation: ICBufferFull done
Event: 349.047 Executing VM operation: ICBufferFull
Event: 349.047 Executing VM operation: ICBufferFull done
Event: 349.464 Executing VM operation: G1CollectForAllocation
Event: 349.490 Executing VM operation: G1CollectForAllocation done
Event: 349.510 Executing VM operation: HandshakeAllThreads
Event: 349.510 Executing VM operation: HandshakeAllThreads done
Event: 349.728 Executing VM operation: G1Concurrent
Event: 349.736 Executing VM operation: G1Concurrent done
Event: 349.842 Executing VM operation: G1Concurrent
Event: 349.842 Executing VM operation: G1Concurrent done

Events (20 events):
Event: 344.850 loading class jdk/internal/math/FormattedFloatingDecimal$Form
Event: 344.879 loading class jdk/internal/math/FormattedFloatingDecimal$Form done
Event: 344.879 loading class jdk/internal/math/FormattedFloatingDecimal
Event: 344.880 loading class jdk/internal/math/FormattedFloatingDecimal done
Event: 344.880 loading class jdk/internal/math/FormattedFloatingDecimal$1
Event: 344.881 loading class jdk/internal/math/FormattedFloatingDecimal$1 done
Event: 344.881 loading class jdk/internal/math/FormattedFloatingDecimal$2
Event: 344.881 loading class jdk/internal/math/FormattedFloatingDecimal$2 done
Event: 344.883 Thread 0x000001cabf7d7b00 Thread added: 0x000001cabf7d7b00
Event: 344.884 Thread 0x000001cabf7d4610 Thread added: 0x000001cabf7d4610
Event: 344.934 Thread 0x000001cabf7d7fd0 Thread added: 0x000001cabf7d7fd0
Event: 344.941 Thread 0x000001cabf7d4fb0 Thread added: 0x000001cabf7d4fb0
Event: 344.965 Thread 0x000001cabb88f960 Thread added: 0x000001cabb88f960
Event: 344.971 Thread 0x000001cabb88fe30 Thread added: 0x000001cabb88fe30
Event: 345.148 loading class java/util/AbstractList$ListItr
Event: 345.148 loading class java/util/AbstractList$ListItr done
Event: 345.224 Thread 0x000001cabb890300 Thread added: 0x000001cabb890300
Event: 347.027 Thread 0x000001cabb890ca0 Thread added: 0x000001cabb890ca0
Event: 347.030 Thread 0x000001cac12466b0 Thread added: 0x000001cac12466b0
Event: 347.031 Thread 0x000001cac124c6f0 Thread added: 0x000001cac124c6f0


Dynamic libraries:
0x00007ff7fc040000 - 0x00007ff7fc04e000 	E:\Java\jdk-17\jdk-17\bin\java.exe
0x00007ff8b7940000 - 0x00007ff8b7b30000 	C:\WINDOWS\SYSTEM32\ntdll.dll
0x00007ff8b7690000 - 0x00007ff8b7742000 	C:\WINDOWS\System32\KERNEL32.DLL
0x00007ff8b53a0000 - 0x00007ff8b5645000 	C:\WINDOWS\System32\KERNELBASE.dll
0x00007ff8b58f0000 - 0x00007ff8b59ea000 	C:\WINDOWS\System32\ucrtbase.dll
0x00007ff8a27b0000 - 0x00007ff8a27ca000 	E:\Java\jdk-17\jdk-17\bin\VCRUNTIME140.dll
0x00007ff8add40000 - 0x00007ff8add58000 	E:\Java\jdk-17\jdk-17\bin\jli.dll
0x00007ff8b5b30000 - 0x00007ff8b5cc4000 	C:\WINDOWS\System32\USER32.dll
0x00007ff8a43e0000 - 0x00007ff8a4664000 	C:\WINDOWS\WinSxS\amd64_microsoft.windows.common-controls_6595b64144ccf1df_6.0.18362.1556_none_9e7e372fe45e41d5\COMCTL32.dll
0x00007ff8b49b0000 - 0x00007ff8b49d1000 	C:\WINDOWS\System32\win32u.dll
0x00007ff8b7280000 - 0x00007ff8b731e000 	C:\WINDOWS\System32\msvcrt.dll
0x00007ff8b5d30000 - 0x00007ff8b5d56000 	C:\WINDOWS\System32\GDI32.dll
0x00007ff8b5650000 - 0x00007ff8b57e8000 	C:\WINDOWS\System32\gdi32full.dll
0x00007ff8b68d0000 - 0x00007ff8b6c06000 	C:\WINDOWS\System32\combase.dll
0x00007ff8b48b0000 - 0x00007ff8b494e000 	C:\WINDOWS\System32\msvcp_win.dll
0x00007ff8b66a0000 - 0x00007ff8b67bf000 	C:\WINDOWS\System32\RPCRT4.dll
0x00007ff8b51b0000 - 0x00007ff8b5231000 	C:\WINDOWS\System32\bcryptPrimitives.dll
0x00007ff8b68a0000 - 0x00007ff8b68ce000 	C:\WINDOWS\System32\IMM32.DLL
0x00007ff8b1180000 - 0x00007ff8b118c000 	E:\Java\jdk-17\jdk-17\bin\vcruntime140_1.dll
0x00007ff894400000 - 0x00007ff89448d000 	E:\Java\jdk-17\jdk-17\bin\msvcp140.dll
0x00007ff86b0b0000 - 0x00007ff86bc6e000 	E:\Java\jdk-17\jdk-17\bin\server\jvm.dll
0x00007ff8b74d0000 - 0x00007ff8b7573000 	C:\WINDOWS\System32\ADVAPI32.dll
0x00007ff8b71e0000 - 0x00007ff8b7277000 	C:\WINDOWS\System32\sechost.dll
0x00007ff8b67c0000 - 0x00007ff8b67c8000 	C:\WINDOWS\System32\PSAPI.DLL
0x00007ff8b1070000 - 0x00007ff8b1079000 	C:\WINDOWS\SYSTEM32\WSOCK32.dll
0x00007ff8b0b90000 - 0x00007ff8b0bb4000 	C:\WINDOWS\SYSTEM32\WINMM.dll
0x00007ff8b67d0000 - 0x00007ff8b683f000 	C:\WINDOWS\System32\WS2_32.dll
0x00007ff8a5530000 - 0x00007ff8a553a000 	C:\WINDOWS\SYSTEM32\VERSION.dll
0x00007ff8b0b60000 - 0x00007ff8b0b8d000 	C:\WINDOWS\SYSTEM32\WINMMBASE.dll
0x00007ff8b49e0000 - 0x00007ff8b4a2a000 	C:\WINDOWS\System32\cfgmgr32.dll
0x00007ff8b4890000 - 0x00007ff8b48a1000 	C:\WINDOWS\System32\kernel.appcore.dll
0x00007ff8a9e00000 - 0x00007ff8a9e0a000 	E:\Java\jdk-17\jdk-17\bin\jimage.dll
0x00007ff8a4850000 - 0x00007ff8a4a44000 	C:\WINDOWS\SYSTEM32\DBGHELP.DLL
0x00007ff8a2bd0000 - 0x00007ff8a2bfa000 	C:\WINDOWS\SYSTEM32\dbgcore.DLL
0x00007ff8a9d40000 - 0x00007ff8a9d4e000 	E:\Java\jdk-17\jdk-17\bin\instrument.dll
0x00007ff8a9d80000 - 0x00007ff8a9da5000 	E:\Java\jdk-17\jdk-17\bin\java.dll
0x00007ff871080000 - 0x00007ff871156000 	E:\Java\jdk-17\jdk-17\bin\svml.dll
0x00007ff8b5e10000 - 0x00007ff8b64f7000 	C:\WINDOWS\System32\SHELL32.dll
0x00007ff8b7760000 - 0x00007ff8b7808000 	C:\WINDOWS\System32\shcore.dll
0x00007ff8b4a30000 - 0x00007ff8b51ab000 	C:\WINDOWS\System32\windows.storage.dll
0x00007ff8b4870000 - 0x00007ff8b488e000 	C:\WINDOWS\System32\profapi.dll
0x00007ff8b4800000 - 0x00007ff8b484a000 	C:\WINDOWS\System32\powrprof.dll
0x00007ff8b47f0000 - 0x00007ff8b4800000 	C:\WINDOWS\System32\UMPDC.dll
0x00007ff8b6840000 - 0x00007ff8b6892000 	C:\WINDOWS\System32\shlwapi.dll
0x00007ff8b58d0000 - 0x00007ff8b58e7000 	C:\WINDOWS\System32\cryptsp.dll
0x00007ff8a5a00000 - 0x00007ff8a5a18000 	E:\Java\jdk-17\jdk-17\bin\zip.dll
0x00007ff8a9cd0000 - 0x00007ff8a9ce9000 	E:\Java\jdk-17\jdk-17\bin\net.dll
0x00007ff8aa4e0000 - 0x00007ff8aa5da000 	C:\WINDOWS\SYSTEM32\WINHTTP.dll
0x00007ff8b3fe0000 - 0x00007ff8b4047000 	C:\WINDOWS\system32\mswsock.dll
0x00007ff8a5a20000 - 0x00007ff8a5a35000 	E:\Java\jdk-17\jdk-17\bin\nio.dll
0x00007ff8a9df0000 - 0x00007ff8a9e00000 	E:\Java\jdk-17\jdk-17\bin\verify.dll
0x00007ff8a5910000 - 0x00007ff8a5937000 	C:\Users\Kiran\.gradle\native\c067742578af261105cb4f569cf0c3c89f3d7b1fecec35dd04571415982c5e48\windows-amd64\native-platform.dll
0x00007ff8a57c0000 - 0x00007ff8a5904000 	C:\Users\Kiran\.gradle\native\38dada09dfb8b06ba9b0570ebf7e218e3eb74d4ef43ca46872605cf95ebc2f47\windows-amd64\native-platform-file-events.dll
0x00007ff8b0600000 - 0x00007ff8b0609000 	E:\Java\jdk-17\jdk-17\bin\management.dll
0x00007ff8a9d50000 - 0x00007ff8a9d5b000 	E:\Java\jdk-17\jdk-17\bin\management_ext.dll
0x00007ff8b3b70000 - 0x00007ff8b3ba3000 	C:\WINDOWS\system32\rsaenh.dll
0x00007ff8b58a0000 - 0x00007ff8b58c6000 	C:\WINDOWS\System32\bcrypt.dll
0x00007ff8b46e0000 - 0x00007ff8b4705000 	C:\WINDOWS\SYSTEM32\USERENV.dll
0x00007ff8b4160000 - 0x00007ff8b416c000 	C:\WINDOWS\SYSTEM32\CRYPTBASE.dll
0x00007ff8b3d00000 - 0x00007ff8b3d3a000 	C:\WINDOWS\SYSTEM32\IPHLPAPI.DLL
0x00007ff8b7750000 - 0x00007ff8b7758000 	C:\WINDOWS\System32\NSI.dll
0x00007ff8aa880000 - 0x00007ff8aa896000 	C:\WINDOWS\SYSTEM32\dhcpcsvc6.DLL
0x00007ff8aa860000 - 0x00007ff8aa87c000 	C:\WINDOWS\SYSTEM32\dhcpcsvc.DLL
0x00007ff8b3d40000 - 0x00007ff8b3e0b000 	C:\WINDOWS\SYSTEM32\DNSAPI.dll
0x00007ff8b1170000 - 0x00007ff8b117e000 	E:\Java\jdk-17\jdk-17\bin\sunmscapi.dll
0x00007ff8b5240000 - 0x00007ff8b5391000 	C:\WINDOWS\System32\CRYPT32.dll
0x00007ff8b4850000 - 0x00007ff8b4862000 	C:\WINDOWS\System32\MSASN1.dll
0x00007ff8b4270000 - 0x00007ff8b4296000 	C:\WINDOWS\SYSTEM32\ncrypt.dll
0x00007ff8b4230000 - 0x00007ff8b426b000 	C:\WINDOWS\SYSTEM32\NTASN1.dll
0x00007ff8b1160000 - 0x00007ff8b1167000 	C:\WINDOWS\system32\wshunix.dll

dbghelp: loaded successfully - version: 4.0.5 - missing functions: none
symbol engine: initialized successfully - sym options: 0x614 - pdb path: .;E:\Java\jdk-17\jdk-17\bin;C:\WINDOWS\SYSTEM32;C:\WINDOWS\WinSxS\amd64_microsoft.windows.common-controls_6595b64144ccf1df_6.0.18362.1556_none_9e7e372fe45e41d5;E:\Java\jdk-17\jdk-17\bin\server;C:\Users\Kiran\.gradle\native\c067742578af261105cb4f569cf0c3c89f3d7b1fecec35dd04571415982c5e48\windows-amd64;C:\Users\Kiran\.gradle\native\38dada09dfb8b06ba9b0570ebf7e218e3eb74d4ef43ca46872605cf95ebc2f47\windows-amd64

VM Arguments:
jvm_args: -XX:MaxMetaspaceSize=512m --add-opens=java.base/java.util=ALL-UNNAMED --add-opens=java.base/java.lang=ALL-UNNAMED --add-opens=java.base/java.lang.invoke=ALL-UNNAMED --add-opens=java.prefs/java.util.prefs=ALL-UNNAMED --add-opens=java.base/java.nio.charset=ALL-UNNAMED --add-opens=java.base/java.net=ALL-UNNAMED --add-opens=java.base/java.util.concurrent.atomic=ALL-UNNAMED -Xmx2048m -Dfile.encoding=UTF-8 -Duser.country=US -Duser.language=en -Duser.variant -javaagent:C:\Users\Kiran\.gradle\wrapper\dists\gradle-8.6-bin\afr5mpiioh2wthjmwnkmdsd5w\gradle-8.6\lib\agents\gradle-instrumentation-agent-8.6.jar 
java_command: org.gradle.launcher.daemon.bootstrap.GradleDaemon 8.6
java_class_path (initial): C:\Users\Kiran\.gradle\wrapper\dists\gradle-8.6-bin\afr5mpiioh2wthjmwnkmdsd5w\gradle-8.6\lib\gradle-launcher-8.6.jar
Launcher Type: SUN_STANDARD

[Global flags]
     intx CICompilerCount                          = 3                                         {product} {ergonomic}
   size_t CompressedClassSpaceSize                 = 432013312                                 {product} {ergonomic}
     uint ConcGCThreads                            = 1                                         {product} {ergonomic}
     uint G1ConcRefinementThreads                  = 4                                         {product} {ergonomic}
   size_t G1HeapRegionSize                         = 1048576                                   {product} {ergonomic}
    uintx GCDrainStackTargetSize                   = 64                                        {product} {ergonomic}
   size_t InitialHeapSize                          = 100663296                                 {product} {ergonomic}
   size_t MarkStackSize                            = 4194304                                   {product} {ergonomic}
   size_t MaxHeapSize                              = 2147483648                                {product} {command line}
   size_t MaxMetaspaceSize                         = 536870912                                 {product} {command line}
   size_t MaxNewSize                               = 1287651328                                {product} {ergonomic}
   size_t MinHeapDeltaBytes                        = 1048576                                   {product} {ergonomic}
   size_t MinHeapSize                              = 8388608                                   {product} {ergonomic}
    uintx NonNMethodCodeHeapSize                   = 5832780                                {pd product} {ergonomic}
    uintx NonProfiledCodeHeapSize                  = 122912730                              {pd product} {ergonomic}
    uintx ProfiledCodeHeapSize                     = 122912730                              {pd product} {ergonomic}
    uintx ReservedCodeCacheSize                    = 251658240                              {pd product} {ergonomic}
     bool SegmentedCodeCache                       = true                                      {product} {ergonomic}
   size_t SoftMaxHeapSize                          = 2147483648                             {manageable} {ergonomic}
     bool UseCompressedClassPointers               = true                           {product lp64_product} {ergonomic}
     bool UseCompressedOops                        = true                           {product lp64_product} {ergonomic}
     bool UseG1GC                                  = true                                      {product} {ergonomic}
     bool UseLargePagesIndividualAllocation        = false                                  {pd product} {ergonomic}

Logging:
Log output configuration:
 #0: stdout all=warning uptime,level,tags
 #1: stderr all=off uptime,level,tags

Environment Variables:
JAVA_HOME=E:\Java\jdk-17\jdk-17
CLASSPATH=D:\Msc sc\BloodBuddy\BloodBuddy\\gradle\wrapper\gradle-wrapper.jar
PATH=C:\WINDOWS\system32;C:\WINDOWS;C:\WINDOWS\System32\Wbem;C:\WINDOWS\System32\WindowsPowerShell\v1.0\;C:\WINDOWS\System32\OpenSSH\;C:\Program Files\Docker\Docker\resources\bin;C:\ProgramData\DockerDesktop\version-bin;E:\bin;E:\nodejs\;E:\Java\jdk-17\jdk-17\bin;C:\Users\Kiran\AppData\Local\Microsoft\WindowsApps;;C:\Users\Kiran\AppData\Local\Programs\Microsoft VS Code\bin;E:\Antigravity\bin;C:\Users\Kiran\go\bin;C:\Users\Kiran\AppData\Roaming\npm
USERNAME=Kiran
OS=Windows_NT
PROCESSOR_IDENTIFIER=Intel64 Family 6 Model 42 Stepping 7, GenuineIntel



---------------  S Y S T E M  ---------------

OS:
 Windows 10 , 64 bit Build 18362 (10.0.18362.1500)
OS uptime: 0 days 2:47 hours
Hyper-V role detected

CPU: total 4 (initial active 4) (2 cores per cpu, 2 threads per core) family 6 model 42 stepping 7 microcode 0x2f, cx8, cmov, fxsr, ht, mmx, sse, sse2, sse3, ssse3, sse4.1, sse4.2, popcnt, tsc, tscinvbit, avx, clmul, vzeroupper, clflush, hv

Memory: 4k page, system-wide physical 6052M (375M free)
TotalPageFile size 6052M (AvailPageFile size 11M)
current process WorkingSet (physical memory assigned to process): 346M, peak: 346M
current process commit charge ("private bytes"): 382M, peak: 385M

vm_info: OpenJDK 64-Bit Server VM (17+35-2724) for windows-amd64 JRE (17+35-2724), built on Aug  5 2021 23:26:02 by "mach5one" with MS VC++ 16.8 (VS2019)

END.
