#
# There is insufficient memory for the Java Runtime Environment to continue.
# Native memory allocation (mmap) failed to map 85983232 bytes for G1 virtual space
# Possible reasons:
#   The system is out of physical RAM or swap space
#   The process is running with CompressedOops enabled, and the Java Heap may be blocking the growth of the native heap
# Possible solutions:
#   Reduce memory load on the system
#   Increase physical memory or swap space
#   Check if swap backing store is full
#   Decrease Java heap size (-Xmx/-Xms)
#   Decrease number of Java threads
#   Decrease Java thread stack sizes (-Xss)
#   Set larger code cache with -XX:ReservedCodeCacheSize=
#   JVM is running with Unscaled Compressed Oops mode in which the Java heap is
#     placed in the first 4GB address space. The Java Heap base address is the
#     maximum limit for the native heap growth. Please use -XX:HeapBaseMinAddress
#     to set the Java Heap base and to place the Java Heap above 4GB virtual address.
# This output file may be truncated or incomplete.
#
#  Out of Memory Error (os_windows.cpp:3469), pid=9012, tid=10908
#
# JRE version: OpenJDK Runtime Environment (17.0+35) (build 17+35-2724)
# Java VM: OpenJDK 64-Bit Server VM (17+35-2724, mixed mode, sharing, tiered, compressed oops, compressed class ptrs, g1 gc, windows-amd64)
# No core dump will be written. Minidumps are not enabled by default on client versions of Windows
#

---------------  S U M M A R Y ------------

Command Line: -XX:MaxMetaspaceSize=384m --add-opens=java.base/java.util=ALL-UNNAMED --add-opens=java.base/java.lang=ALL-UNNAMED --add-opens=java.base/java.lang.invoke=ALL-UNNAMED --add-opens=java.prefs/java.util.prefs=ALL-UNNAMED --add-opens=java.base/java.nio.charset=ALL-UNNAMED --add-opens=java.base/java.net=ALL-UNNAMED --add-opens=java.base/java.util.concurrent.atomic=ALL-UNNAMED -Xmx1536m -Dfile.encoding=UTF-8 -Duser.country=US -Duser.language=en -Duser.variant -javaagent:C:\Users\Kiran\.gradle\wrapper\dists\gradle-8.6-bin\afr5mpiioh2wthjmwnkmdsd5w\gradle-8.6\lib\agents\gradle-instrumentation-agent-8.6.jar org.gradle.launcher.daemon.bootstrap.GradleDaemon 8.6

Host: Intel(R) Core(TM) i3-2330M CPU @ 2.20GHz, 4 cores, 5G,  Windows 10 , 64 bit Build 18362 (10.0.18362.1500)
Time: Wed Feb 18 14:01:11 2026 Sri Lanka Standard Time elapsed time: 40.449545 seconds (0d 0h 0m 40s)

---------------  T H R E A D  ---------------

Current thread (0x000002182985d3c0):  VMThread "VM Thread" [stack: 0x000000ce2a300000,0x000000ce2a400000] [id=10908]

Stack: [0x000000ce2a300000,0x000000ce2a400000]
Native frames: (J=compiled Java code, j=interpreted, Vv=VM code, C=native code)
V  [jvm.dll+0x66f8ea]
V  [jvm.dll+0x7ce224]
V  [jvm.dll+0x7cf9ce]
V  [jvm.dll+0x7d0033]
V  [jvm.dll+0x242bb5]
V  [jvm.dll+0x66c909]
V  [jvm.dll+0x6613d2]
V  [jvm.dll+0x30082b]
V  [jvm.dll+0x307db6]
V  [jvm.dll+0x357a0e]
V  [jvm.dll+0x357c3f]
V  [jvm.dll+0x2d7ae8]
V  [jvm.dll+0x2d5db4]
V  [jvm.dll+0x2d53bc]
V  [jvm.dll+0x318d1b]
V  [jvm.dll+0x7d44cb]
V  [jvm.dll+0x7d5204]
V  [jvm.dll+0x7d571c]
V  [jvm.dll+0x7d5af4]
V  [jvm.dll+0x7d5bc0]
V  [jvm.dll+0x77e7ea]
V  [jvm.dll+0x66e715]
C  [ucrtbase.dll+0x210b2]
C  [KERNEL32.DLL+0x17c24]
C  [ntdll.dll+0x6d721]

VM_Operation (0x000000ce2b9f5a10): G1CollectForAllocation, mode: safepoint, requested by thread 0x00000218479080b0


---------------  P R O C E S S  ---------------

Threads class SMR info:
_java_thread_list=0x000002184aefd300, length=42, elements={
0x0000021829791e30, 0x0000021845cd4330, 0x0000021845cd50b0, 0x0000021845ce5380,
0x0000021845ce5e40, 0x0000021845ce8710, 0x0000021845cf2ff0, 0x0000021845cf70e0,
0x0000021845cf9ea0, 0x0000021845d0cf70, 0x0000021845ccc440, 0x0000021846969350,
0x0000021847344300, 0x000002184839d360, 0x00000218483ce8c0, 0x0000021847b42790,
0x00000218484b64e0, 0x0000021848f59d10, 0x00000218479080b0, 0x0000021847efb2b0,
0x0000021847efd460, 0x0000021847efc120, 0x0000021847efa910, 0x0000021847efcac0,
0x0000021847efe2d0, 0x0000021847efd930, 0x0000021847efde00, 0x0000021847efade0,
0x0000021847efc5f0, 0x0000021847efbc50, 0x000002184a0ed920, 0x000002184a0f2620,
0x000002184a0ef130, 0x000002184a0f47d0, 0x000002184a0f2150, 0x000002184a0ed450,
0x000002184a0f2fc0, 0x000002184a0f3490, 0x000002184a0ef600, 0x000002184a0f3e30,
0x000002184a0f0470, 0x000002184aa72b00
}

Java Threads: ( => current thread )
  0x0000021829791e30 JavaThread "main" [_thread_blocked, id=10436, stack(0x000000ce29d00000,0x000000ce29e00000)]
  0x0000021845cd4330 JavaThread "Reference Handler" daemon [_thread_blocked, id=3996, stack(0x000000ce2a400000,0x000000ce2a500000)]
  0x0000021845cd50b0 JavaThread "Finalizer" daemon [_thread_blocked, id=1316, stack(0x000000ce2a500000,0x000000ce2a600000)]
  0x0000021845ce5380 JavaThread "Signal Dispatcher" daemon [_thread_blocked, id=11116, stack(0x000000ce2a600000,0x000000ce2a700000)]
  0x0000021845ce5e40 JavaThread "Attach Listener" daemon [_thread_blocked, id=6720, stack(0x000000ce2a700000,0x000000ce2a800000)]
  0x0000021845ce8710 JavaThread "Service Thread" daemon [_thread_blocked, id=10872, stack(0x000000ce2a800000,0x000000ce2a900000)]
  0x0000021845cf2ff0 JavaThread "Monitor Deflation Thread" daemon [_thread_blocked, id=7508, stack(0x000000ce2a900000,0x000000ce2aa00000)]
  0x0000021845cf70e0 JavaThread "C2 CompilerThread0" daemon [_thread_in_native, id=5652, stack(0x000000ce2aa00000,0x000000ce2ab00000)]
  0x0000021845cf9ea0 JavaThread "C1 CompilerThread0" daemon [_thread_blocked, id=11384, stack(0x000000ce2ab00000,0x000000ce2ac00000)]
  0x0000021845d0cf70 JavaThread "Sweeper thread" daemon [_thread_blocked, id=10840, stack(0x000000ce2ac00000,0x000000ce2ad00000)]
  0x0000021845ccc440 JavaThread "Common-Cleaner" daemon [_thread_blocked, id=10604, stack(0x000000ce2ad00000,0x000000ce2ae00000)]
  0x0000021846969350 JavaThread "Notification Thread" daemon [_thread_blocked, id=4808, stack(0x000000ce2ae00000,0x000000ce2af00000)]
  0x0000021847344300 JavaThread "Daemon health stats" [_thread_blocked, id=10932, stack(0x000000ce2b400000,0x000000ce2b500000)]
  0x000002184839d360 JavaThread "Incoming local TCP Connector on port 14469" [_thread_in_native, id=11900, stack(0x000000ce2b000000,0x000000ce2b100000)]
  0x00000218483ce8c0 JavaThread "Daemon periodic checks" [_thread_blocked, id=2324, stack(0x000000ce2b500000,0x000000ce2b600000)]
  0x0000021847b42790 JavaThread "Daemon" [_thread_blocked, id=6772, stack(0x000000ce2b600000,0x000000ce2b700000)]
  0x00000218484b64e0 JavaThread "Handler for socket connection from /127.0.0.1:14469 to /127.0.0.1:14470" [_thread_in_native, id=3036, stack(0x000000ce2b700000,0x000000ce2b800000)]
  0x0000021848f59d10 JavaThread "Cancel handler" [_thread_blocked, id=10892, stack(0x000000ce2b800000,0x000000ce2b900000)]
  0x00000218479080b0 JavaThread "Daemon worker" [_thread_blocked, id=11444, stack(0x000000ce2b900000,0x000000ce2ba00000)]
  0x0000021847efb2b0 JavaThread "Asynchronous log dispatcher for DefaultDaemonConnection: socket connection from /127.0.0.1:14469 to /127.0.0.1:14470" [_thread_blocked, id=5760, stack(0x000000ce2ba00000,0x000000ce2bb00000)]
  0x0000021847efd460 JavaThread "Stdin handler" [_thread_blocked, id=11828, stack(0x000000ce2bb00000,0x000000ce2bc00000)]
  0x0000021847efc120 JavaThread "Daemon client event forwarder" [_thread_blocked, id=8324, stack(0x000000ce2bc00000,0x000000ce2bd00000)]
  0x0000021847efa910 JavaThread "Cache worker for journal cache (C:\Users\Kiran\.gradle\caches\journal-1)" [_thread_blocked, id=11636, stack(0x000000ce2bd00000,0x000000ce2be00000)]
  0x0000021847efcac0 JavaThread "File lock request listener" [_thread_in_native, id=9376, stack(0x000000ce2be00000,0x000000ce2bf00000)]
  0x0000021847efe2d0 JavaThread "Cache worker for file hash cache (C:\Users\Kiran\.gradle\caches\8.6\fileHashes)" [_thread_blocked, id=7792, stack(0x000000ce2bf00000,0x000000ce2c000000)]
  0x0000021847efd930 JavaThread "File watcher server" daemon [_thread_in_native, id=7048, stack(0x000000ce2c000000,0x000000ce2c100000)]
  0x0000021847efde00 JavaThread "File watcher consumer" daemon [_thread_blocked, id=9448, stack(0x000000ce2c100000,0x000000ce2c200000)]
  0x0000021847efade0 JavaThread "Cache worker for checksums cache (D:\Msc sc\BloodBuddy\BloodBuddy\.gradle\8.6\checksums)" [_thread_blocked, id=8644, stack(0x000000ce2c200000,0x000000ce2c300000)]
  0x0000021847efc5f0 JavaThread "Cache worker for file hash cache (D:\Msc sc\BloodBuddy\BloodBuddy\.gradle\8.6\fileHashes)" [_thread_blocked, id=7476, stack(0x000000ce2c300000,0x000000ce2c400000)]
  0x0000021847efbc50 JavaThread "Cache worker for cache directory md-supplier (C:\Users\Kiran\.gradle\caches\8.6\md-supplier)" [_thread_blocked, id=9572, stack(0x000000ce2c500000,0x000000ce2c600000)]
  0x000002184a0ed920 JavaThread "Cache worker for cache directory md-rule (C:\Users\Kiran\.gradle\caches\8.6\md-rule)" [_thread_blocked, id=10888, stack(0x000000ce2c600000,0x000000ce2c700000)]
  0x000002184a0f2620 JavaThread "Cache worker for file content cache (C:\Users\Kiran\.gradle\caches\8.6\fileContent)" [_thread_blocked, id=11508, stack(0x000000ce2c700000,0x000000ce2c800000)]
  0x000002184a0ef130 JavaThread "jar transforms" [_thread_blocked, id=4196, stack(0x000000ce2ca00000,0x000000ce2cb00000)]
  0x000002184a0f47d0 JavaThread "jar transforms Thread 2" [_thread_blocked, id=5648, stack(0x000000ce2cb00000,0x000000ce2cc00000)]
  0x000002184a0f2150 JavaThread "jar transforms Thread 3" [_thread_blocked, id=7712, stack(0x000000ce2cc00000,0x000000ce2cd00000)]
  0x000002184a0ed450 JavaThread "Cache worker for Build Output Cleanup Cache (D:\Msc sc\BloodBuddy\BloodBuddy\.gradle\buildOutputCleanup)" [_thread_blocked, id=11628, stack(0x000000ce2cd00000,0x000000ce2ce00000)]
  0x000002184a0f2fc0 JavaThread "Unconstrained build operations" [_thread_blocked, id=11700, stack(0x000000ce2ce00000,0x000000ce2cf00000)]
  0x000002184a0f3490 JavaThread "Unconstrained build operations Thread 2" [_thread_blocked, id=8252, stack(0x000000ce2cf00000,0x000000ce2d000000)]
  0x000002184a0ef600 JavaThread "Unconstrained build operations Thread 3" [_thread_blocked, id=1348, stack(0x000000ce2d000000,0x000000ce2d100000)]
  0x000002184a0f3e30 JavaThread "jar transforms Thread 4" [_thread_blocked, id=7396, stack(0x000000ce2d100000,0x000000ce2d200000)]
  0x000002184a0f0470 JavaThread "Memory manager" [_thread_blocked, id=10860, stack(0x000000ce2d200000,0x000000ce2d300000)]
  0x000002184aa72b00 JavaThread "C2 CompilerThread1" daemon [_thread_in_native, id=976, stack(0x000000ce2c400000,0x000000ce2c500000)]

Other Threads:
=>0x000002182985d3c0 VMThread "VM Thread" [stack: 0x000000ce2a300000,0x000000ce2a400000] [id=10908]
  0x0000021829792a90 WatcherThread [stack: 0x000000ce2af00000,0x000000ce2b000000] [id=9852]
  0x00000218297c93c0 GCTaskThread "GC Thread#0" [stack: 0x000000ce29e00000,0x000000ce29f00000] [id=11552]
  0x0000021846c6a920 GCTaskThread "GC Thread#1" [stack: 0x000000ce2b100000,0x000000ce2b200000] [id=5900]
  0x0000021846a50440 GCTaskThread "GC Thread#2" [stack: 0x000000ce2b200000,0x000000ce2b300000] [id=8648]
  0x0000021847343040 GCTaskThread "GC Thread#3" [stack: 0x000000ce2b300000,0x000000ce2b400000] [id=10056]
  0x00000218297d6210 ConcurrentGCThread "G1 Main Marker" [stack: 0x000000ce29f00000,0x000000ce2a000000] [id=7812]
  0x00000218297d82e0 ConcurrentGCThread "G1 Conc#0" [stack: 0x000000ce2a000000,0x000000ce2a100000] [id=8368]
  0x000002182983f750 ConcurrentGCThread "G1 Refine#0" [stack: 0x000000ce2a100000,0x000000ce2a200000] [id=6108]
  0x00000218491d8cd0 ConcurrentGCThread "G1 Refine#1" [stack: 0x000000ce2c800000,0x000000ce2c900000] [id=7744]
  0x00000218491d72f0 ConcurrentGCThread "G1 Refine#2" [stack: 0x000000ce2c900000,0x000000ce2ca00000] [id=5692]
  0x0000021829840080 ConcurrentGCThread "G1 Service" [stack: 0x000000ce2a200000,0x000000ce2a300000] [id=10944]

Threads with active compile tasks:
C2 CompilerThread0    40647 8312 %     4       org.gradle.internal.instantiation.generator.AbstractClassGenerator::inspectType @ 107 (560 bytes)
C2 CompilerThread1    40647 8334       4       java.beans.MethodRef::set (58 bytes)

VM state: at safepoint (normal execution)

VM Mutex/Monitor currently owned by a thread:  ([mutex/lock_event])
[0x000002182978e450] Threads_lock - owner thread: 0x000002182985d3c0
[0x000002182978cd40] Heap_lock - owner thread: 0x00000218479080b0

Heap address: 0x00000000a0000000, size: 1536 MB, Compressed Oops mode: 32-bit

CDS archive(s) mapped at: [0x0000000800000000-0x0000000800bc0000-0x0000000800bc0000), size 12320768, SharedBaseAddress: 0x0000000800000000, ArchiveRelocationMode: 0.
Compressed class space mapped at: 0x0000000800c00000-0x0000000814000000, reserved size: 322961408
Narrow klass base: 0x0000000800000000, Narrow klass shift: 0, Narrow klass range: 0x100000000

GC Precious Log:
 CPUs: 4 total, 4 available
 Memory: 6052M
 Large Page Support: Disabled
 NUMA Support: Disabled
 Compressed Oops: Enabled (32-bit)
 Heap Region Size: 1M
 Heap Min Capacity: 8M
 Heap Initial Capacity: 96M
 Heap Max Capacity: 1536M
 Pre-touch: Disabled
 Parallel Workers: 4
 Concurrent Workers: 1
 Concurrent Refinement Workers: 4
 Periodic GC: Disabled

Heap:
 garbage-first heap   total 132096K, used 70833K [0x00000000a0000000, 0x0000000100000000)
  region size 1024K, 3 young (3072K), 3 survivors (3072K)
 Metaspace       used 67639K, committed 68288K, reserved 380928K
  class space    used 9455K, committed 9792K, reserved 315392K

Heap Regions: E=young(eden), S=young(survivor), O=old, HS=humongous(starts), HC=humongous(continues), CS=collection set, F=free, OA=open archive, CA=closed archive, TAMS=top-at-mark-start (previous, next)
|   0|0x00000000a0000000, 0x00000000a0100000, 0x00000000a0100000|100%| O|  |TAMS 0x00000000a0100000, 0x00000000a0100000| Untracked 
|   1|0x00000000a0100000, 0x00000000a0200000, 0x00000000a0200000|100%| O|  |TAMS 0x00000000a0200000, 0x00000000a0200000| Untracked 
|   2|0x00000000a0200000, 0x00000000a0300000, 0x00000000a0300000|100%|HS|  |TAMS 0x00000000a0300000, 0x00000000a0300000| Complete 
|   3|0x00000000a0300000, 0x00000000a0400000, 0x00000000a0400000|100%|HC|  |TAMS 0x00000000a0400000, 0x00000000a0400000| Complete 
|   4|0x00000000a0400000, 0x00000000a0500000, 0x00000000a0500000|100%|HC|  |TAMS 0x00000000a0500000, 0x00000000a0500000| Complete 
|   5|0x00000000a0500000, 0x00000000a0600000, 0x00000000a0600000|100%|HC|  |TAMS 0x00000000a0600000, 0x00000000a0600000| Complete 
|   6|0x00000000a0600000, 0x00000000a0700000, 0x00000000a0700000|100%| O|  |TAMS 0x00000000a0700000, 0x00000000a0700000| Untracked 
|   7|0x00000000a0700000, 0x00000000a0800000, 0x00000000a0800000|100%| O|  |TAMS 0x00000000a0800000, 0x00000000a0800000| Untracked 
|   8|0x00000000a0800000, 0x00000000a0900000, 0x00000000a0900000|100%| O|  |TAMS 0x00000000a0900000, 0x00000000a0900000| Untracked 
|   9|0x00000000a0900000, 0x00000000a0a00000, 0x00000000a0a00000|100%| O|  |TAMS 0x00000000a0a00000, 0x00000000a0a00000| Untracked 
|  10|0x00000000a0a00000, 0x00000000a0b00000, 0x00000000a0b00000|100%| O|  |TAMS 0x00000000a0b00000, 0x00000000a0b00000| Untracked 
|  11|0x00000000a0b00000, 0x00000000a0c00000, 0x00000000a0c00000|100%| O|  |TAMS 0x00000000a0c00000, 0x00000000a0c00000| Untracked 
|  12|0x00000000a0c00000, 0x00000000a0d00000, 0x00000000a0d00000|100%| O|  |TAMS 0x00000000a0d00000, 0x00000000a0d00000| Untracked 
|  13|0x00000000a0d00000, 0x00000000a0e00000, 0x00000000a0e00000|100%| O|  |TAMS 0x00000000a0e00000, 0x00000000a0e00000| Untracked 
|  14|0x00000000a0e00000, 0x00000000a0f00000, 0x00000000a0f00000|100%| O|  |TAMS 0x00000000a0f00000, 0x00000000a0f00000| Untracked 
|  15|0x00000000a0f00000, 0x00000000a1000000, 0x00000000a1000000|100%| O|  |TAMS 0x00000000a1000000, 0x00000000a1000000| Untracked 
|  16|0x00000000a1000000, 0x00000000a1100000, 0x00000000a1100000|100%| O|  |TAMS 0x00000000a1100000, 0x00000000a1100000| Untracked 
|  17|0x00000000a1100000, 0x00000000a1200000, 0x00000000a1200000|100%| O|  |TAMS 0x00000000a1200000, 0x00000000a1200000| Untracked 
|  18|0x00000000a1200000, 0x00000000a1200000, 0x00000000a1300000|  0%| F|  |TAMS 0x00000000a1200000, 0x00000000a1200000| Untracked 
|  19|0x00000000a1300000, 0x00000000a1400000, 0x00000000a1400000|100%| O|  |TAMS 0x00000000a1400000, 0x00000000a1400000| Untracked 
|  20|0x00000000a1400000, 0x00000000a1500000, 0x00000000a1500000|100%| O|  |TAMS 0x00000000a1500000, 0x00000000a1500000| Untracked 
|  21|0x00000000a1500000, 0x00000000a1600000, 0x00000000a1600000|100%| O|  |TAMS 0x00000000a1600000, 0x00000000a1600000| Untracked 
|  22|0x00000000a1600000, 0x00000000a1700000, 0x00000000a1700000|100%| O|  |TAMS 0x00000000a1700000, 0x00000000a1700000| Untracked 
|  23|0x00000000a1700000, 0x00000000a1800000, 0x00000000a1800000|100%| O|  |TAMS 0x00000000a1800000, 0x00000000a1800000| Untracked 
|  24|0x00000000a1800000, 0x00000000a1900000, 0x00000000a1900000|100%| O|  |TAMS 0x00000000a1900000, 0x00000000a1900000| Untracked 
|  25|0x00000000a1900000, 0x00000000a1a00000, 0x00000000a1a00000|100%| O|  |TAMS 0x00000000a1a00000, 0x00000000a1a00000| Untracked 
|  26|0x00000000a1a00000, 0x00000000a1b00000, 0x00000000a1b00000|100%| O|  |TAMS 0x00000000a1b00000, 0x00000000a1b00000| Untracked 
|  27|0x00000000a1b00000, 0x00000000a1c00000, 0x00000000a1c00000|100%| O|  |TAMS 0x00000000a1c00000, 0x00000000a1c00000| Untracked 
|  28|0x00000000a1c00000, 0x00000000a1d00000, 0x00000000a1d00000|100%| O|  |TAMS 0x00000000a1d00000, 0x00000000a1d00000| Untracked 
|  29|0x00000000a1d00000, 0x00000000a1e00000, 0x00000000a1e00000|100%| O|  |TAMS 0x00000000a1e00000, 0x00000000a1e00000| Untracked 
|  30|0x00000000a1e00000, 0x00000000a1f00000, 0x00000000a1f00000|100%| O|  |TAMS 0x00000000a1f00000, 0x00000000a1f00000| Untracked 
|  31|0x00000000a1f00000, 0x00000000a2000000, 0x00000000a2000000|100%|HS|  |TAMS 0x00000000a2000000, 0x00000000a2000000| Complete 
|  32|0x00000000a2000000, 0x00000000a2100000, 0x00000000a2100000|100%|HS|  |TAMS 0x00000000a2100000, 0x00000000a2100000| Complete 
|  33|0x00000000a2100000, 0x00000000a2200000, 0x00000000a2200000|100%|HS|  |TAMS 0x00000000a2200000, 0x00000000a2200000| Complete 
|  34|0x00000000a2200000, 0x00000000a2300000, 0x00000000a2300000|100%| O|  |TAMS 0x00000000a2300000, 0x00000000a2300000| Untracked 
|  35|0x00000000a2300000, 0x00000000a2400000, 0x00000000a2400000|100%| O|  |TAMS 0x00000000a2400000, 0x00000000a2400000| Untracked 
|  36|0x00000000a2400000, 0x00000000a2500000, 0x00000000a2500000|100%| O|  |TAMS 0x00000000a2500000, 0x00000000a2500000| Untracked 
|  37|0x00000000a2500000, 0x00000000a2600000, 0x00000000a2600000|100%| O|  |TAMS 0x00000000a2600000, 0x00000000a2600000| Untracked 
|  38|0x00000000a2600000, 0x00000000a2700000, 0x00000000a2700000|100%|HS|  |TAMS 0x00000000a2700000, 0x00000000a2700000| Complete 
|  39|0x00000000a2700000, 0x00000000a2800000, 0x00000000a2800000|100%| O|  |TAMS 0x00000000a2800000, 0x00000000a2800000| Untracked 
|  40|0x00000000a2800000, 0x00000000a2900000, 0x00000000a2900000|100%|HS|  |TAMS 0x00000000a2900000, 0x00000000a2900000| Complete 
|  41|0x00000000a2900000, 0x00000000a2a00000, 0x00000000a2a00000|100%|HS|  |TAMS 0x00000000a2a00000, 0x00000000a2a00000| Complete 
|  42|0x00000000a2a00000, 0x00000000a2b00000, 0x00000000a2b00000|100%| O|  |TAMS 0x00000000a2b00000, 0x00000000a2b00000| Untracked 
|  43|0x00000000a2b00000, 0x00000000a2c00000, 0x00000000a2c00000|100%| O|  |TAMS 0x00000000a2c00000, 0x00000000a2c00000| Untracked 
|  44|0x00000000a2c00000, 0x00000000a2d00000, 0x00000000a2d00000|100%| O|  |TAMS 0x00000000a2d00000, 0x00000000a2d00000| Untracked 
|  45|0x00000000a2d00000, 0x00000000a2e00000, 0x00000000a2e00000|100%| O|  |TAMS 0x00000000a2e00000, 0x00000000a2e00000| Untracked 
|  46|0x00000000a2e00000, 0x00000000a2f00000, 0x00000000a2f00000|100%| O|  |TAMS 0x00000000a2f00000, 0x00000000a2f00000| Untracked 
|  47|0x00000000a2f00000, 0x00000000a3000000, 0x00000000a3000000|100%| O|  |TAMS 0x00000000a3000000, 0x00000000a3000000| Untracked 
|  48|0x00000000a3000000, 0x00000000a3100000, 0x00000000a3100000|100%| O|  |TAMS 0x00000000a3100000, 0x00000000a3100000| Untracked 
|  49|0x00000000a3100000, 0x00000000a3200000, 0x00000000a3200000|100%| O|  |TAMS 0x00000000a3200000, 0x00000000a3200000| Untracked 
|  50|0x00000000a3200000, 0x00000000a3300000, 0x00000000a3300000|100%|HS|  |TAMS 0x00000000a3300000, 0x00000000a3300000| Complete 
|  51|0x00000000a3300000, 0x00000000a3400000, 0x00000000a3400000|100%| O|  |TAMS 0x00000000a3400000, 0x00000000a3400000| Untracked 
|  52|0x00000000a3400000, 0x00000000a3500000, 0x00000000a3500000|100%| O|  |TAMS 0x00000000a3500000, 0x00000000a3500000| Untracked 
|  53|0x00000000a3500000, 0x00000000a3600000, 0x00000000a3600000|100%| O|  |TAMS 0x00000000a3600000, 0x00000000a3600000| Untracked 
|  54|0x00000000a3600000, 0x00000000a3700000, 0x00000000a3700000|100%| O|  |TAMS 0x00000000a3700000, 0x00000000a3700000| Untracked 
|  55|0x00000000a3700000, 0x00000000a3800000, 0x00000000a3800000|100%| O|  |TAMS 0x00000000a3800000, 0x00000000a3800000| Untracked 
|  56|0x00000000a3800000, 0x00000000a3900000, 0x00000000a3900000|100%| O|  |TAMS 0x00000000a3900000, 0x00000000a3900000| Untracked 
|  57|0x00000000a3900000, 0x00000000a3a00000, 0x00000000a3a00000|100%| O|  |TAMS 0x00000000a39f1400, 0x00000000a3a00000| Untracked 
|  58|0x00000000a3a00000, 0x00000000a3b00000, 0x00000000a3b00000|100%| O|  |TAMS 0x00000000a3b00000, 0x00000000a3b00000| Untracked 
|  59|0x00000000a3b00000, 0x00000000a3c00000, 0x00000000a3c00000|100%| O|  |TAMS 0x00000000a3c00000, 0x00000000a3c00000| Untracked 
|  60|0x00000000a3c00000, 0x00000000a3d00000, 0x00000000a3d00000|100%| O|  |TAMS 0x00000000a3c00000, 0x00000000a3d00000| Untracked 
|  61|0x00000000a3d00000, 0x00000000a3e00000, 0x00000000a3e00000|100%| O|  |TAMS 0x00000000a3d00000, 0x00000000a3e00000| Untracked 
|  62|0x00000000a3e00000, 0x00000000a3f00000, 0x00000000a3f00000|100%| O|  |TAMS 0x00000000a3e00000, 0x00000000a3f00000| Untracked 
|  63|0x00000000a3f00000, 0x00000000a4000000, 0x00000000a4000000|100%| O|  |TAMS 0x00000000a3f00000, 0x00000000a4000000| Untracked 
|  64|0x00000000a4000000, 0x00000000a4100000, 0x00000000a4100000|100%| O|  |TAMS 0x00000000a4000000, 0x00000000a4100000| Untracked 
|  65|0x00000000a4100000, 0x00000000a4200000, 0x00000000a4200000|100%| O|  |TAMS 0x00000000a4100000, 0x00000000a4200000| Untracked 
|  66|0x00000000a4200000, 0x00000000a4300000, 0x00000000a4300000|100%| O|  |TAMS 0x00000000a4200000, 0x00000000a4300000| Untracked 
|  67|0x00000000a4300000, 0x00000000a4400000, 0x00000000a4400000|100%| O|  |TAMS 0x00000000a4300000, 0x00000000a4400000| Untracked 
|  68|0x00000000a4400000, 0x00000000a4421200, 0x00000000a4500000| 12%| O|  |TAMS 0x00000000a4400000, 0x00000000a4421200| Untracked 
|  69|0x00000000a4500000, 0x00000000a4500000, 0x00000000a4600000|  0%| F|  |TAMS 0x00000000a4500000, 0x00000000a4500000| Untracked 
|  70|0x00000000a4600000, 0x00000000a4600000, 0x00000000a4700000|  0%| F|  |TAMS 0x00000000a4600000, 0x00000000a4600000| Untracked 
|  71|0x00000000a4700000, 0x00000000a4700000, 0x00000000a4800000|  0%| F|  |TAMS 0x00000000a4700000, 0x00000000a4700000| Untracked 
|  72|0x00000000a4800000, 0x00000000a4800000, 0x00000000a4900000|  0%| F|  |TAMS 0x00000000a4800000, 0x00000000a4800000| Untracked 
|  73|0x00000000a4900000, 0x00000000a4900000, 0x00000000a4a00000|  0%| F|  |TAMS 0x00000000a4900000, 0x00000000a4900000| Untracked 
|  74|0x00000000a4a00000, 0x00000000a4a00000, 0x00000000a4b00000|  0%| F|  |TAMS 0x00000000a4a00000, 0x00000000a4a00000| Untracked 
|  75|0x00000000a4b00000, 0x00000000a4b00000, 0x00000000a4c00000|  0%| F|  |TAMS 0x00000000a4b00000, 0x00000000a4b00000| Untracked 
|  76|0x00000000a4c00000, 0x00000000a4c00000, 0x00000000a4d00000|  0%| F|  |TAMS 0x00000000a4c00000, 0x00000000a4c00000| Untracked 
|  77|0x00000000a4d00000, 0x00000000a4d00000, 0x00000000a4e00000|  0%| F|  |TAMS 0x00000000a4d00000, 0x00000000a4d00000| Untracked 
|  78|0x00000000a4e00000, 0x00000000a4e00000, 0x00000000a4f00000|  0%| F|  |TAMS 0x00000000a4e00000, 0x00000000a4e00000| Untracked 
|  79|0x00000000a4f00000, 0x00000000a4f00000, 0x00000000a5000000|  0%| F|  |TAMS 0x00000000a4f00000, 0x00000000a4f00000| Untracked 
|  80|0x00000000a5000000, 0x00000000a5000000, 0x00000000a5100000|  0%| F|  |TAMS 0x00000000a5000000, 0x00000000a5000000| Untracked 
|  81|0x00000000a5100000, 0x00000000a5100000, 0x00000000a5200000|  0%| F|  |TAMS 0x00000000a5100000, 0x00000000a5100000| Untracked 
|  82|0x00000000a5200000, 0x00000000a5200000, 0x00000000a5300000|  0%| F|  |TAMS 0x00000000a5200000, 0x00000000a5200000| Untracked 
|  83|0x00000000a5300000, 0x00000000a5300000, 0x00000000a5400000|  0%| F|  |TAMS 0x00000000a5300000, 0x00000000a5300000| Untracked 
|  84|0x00000000a5400000, 0x00000000a5400000, 0x00000000a5500000|  0%| F|  |TAMS 0x00000000a5400000, 0x00000000a5400000| Untracked 
|  85|0x00000000a5500000, 0x00000000a5500000, 0x00000000a5600000|  0%| F|  |TAMS 0x00000000a5500000, 0x00000000a5500000| Untracked 
|  86|0x00000000a5600000, 0x00000000a560b280, 0x00000000a5700000|  4%| S|CS|TAMS 0x00000000a5600000, 0x00000000a5600000| Complete 
|  87|0x00000000a5700000, 0x00000000a5800000, 0x00000000a5800000|100%| S|CS|TAMS 0x00000000a5700000, 0x00000000a5700000| Complete 
|  88|0x00000000a5800000, 0x00000000a5900000, 0x00000000a5900000|100%| S|CS|TAMS 0x00000000a5800000, 0x00000000a5800000| Complete 
|  89|0x00000000a5900000, 0x00000000a5900000, 0x00000000a5a00000|  0%| F|  |TAMS 0x00000000a5900000, 0x00000000a5900000| Untracked 
|  90|0x00000000a5a00000, 0x00000000a5a00000, 0x00000000a5b00000|  0%| F|  |TAMS 0x00000000a5a00000, 0x00000000a5a00000| Untracked 
|  91|0x00000000a5b00000, 0x00000000a5b00000, 0x00000000a5c00000|  0%| F|  |TAMS 0x00000000a5b00000, 0x00000000a5b00000| Untracked 
|  92|0x00000000a5c00000, 0x00000000a5c00000, 0x00000000a5d00000|  0%| F|  |TAMS 0x00000000a5c00000, 0x00000000a5c00000| Untracked 
|  93|0x00000000a5d00000, 0x00000000a5d00000, 0x00000000a5e00000|  0%| F|  |TAMS 0x00000000a5d00000, 0x00000000a5d00000| Untracked 
|  94|0x00000000a5e00000, 0x00000000a5e00000, 0x00000000a5f00000|  0%| F|  |TAMS 0x00000000a5e00000, 0x00000000a5e00000| Untracked 
|  95|0x00000000a5f00000, 0x00000000a5f00000, 0x00000000a6000000|  0%| F|  |TAMS 0x00000000a5f00000, 0x00000000a5f00000| Untracked 
|  96|0x00000000a6000000, 0x00000000a6000000, 0x00000000a6100000|  0%| F|  |TAMS 0x00000000a6000000, 0x00000000a6000000| Untracked 
|  97|0x00000000a6100000, 0x00000000a6100000, 0x00000000a6200000|  0%| F|  |TAMS 0x00000000a6100000, 0x00000000a6100000| Untracked 
|  98|0x00000000a6200000, 0x00000000a6200000, 0x00000000a6300000|  0%| F|  |TAMS 0x00000000a6200000, 0x00000000a6200000| Untracked 
|  99|0x00000000a6300000, 0x00000000a6300000, 0x00000000a6400000|  0%| F|  |TAMS 0x00000000a6300000, 0x00000000a6300000| Untracked 
| 100|0x00000000a6400000, 0x00000000a6400000, 0x00000000a6500000|  0%| F|  |TAMS 0x00000000a6400000, 0x00000000a6400000| Untracked 
| 101|0x00000000a6500000, 0x00000000a6500000, 0x00000000a6600000|  0%| F|  |TAMS 0x00000000a6500000, 0x00000000a6500000| Untracked 
| 102|0x00000000a6600000, 0x00000000a6600000, 0x00000000a6700000|  0%| F|  |TAMS 0x00000000a6600000, 0x00000000a6600000| Untracked 
| 103|0x00000000a6700000, 0x00000000a6700000, 0x00000000a6800000|  0%| F|  |TAMS 0x00000000a6700000, 0x00000000a6700000| Untracked 
| 104|0x00000000a6800000, 0x00000000a6800000, 0x00000000a6900000|  0%| F|  |TAMS 0x00000000a6800000, 0x00000000a6800000| Untracked 
| 105|0x00000000a6900000, 0x00000000a6900000, 0x00000000a6a00000|  0%| F|  |TAMS 0x00000000a6900000, 0x00000000a6900000| Untracked 
| 106|0x00000000a6a00000, 0x00000000a6a00000, 0x00000000a6b00000|  0%| F|  |TAMS 0x00000000a6a00000, 0x00000000a6a00000| Untracked 
| 107|0x00000000a6b00000, 0x00000000a6b00000, 0x00000000a6c00000|  0%| F|  |TAMS 0x00000000a6b00000, 0x00000000a6b00000| Untracked 
| 108|0x00000000a6c00000, 0x00000000a6c00000, 0x00000000a6d00000|  0%| F|  |TAMS 0x00000000a6c00000, 0x00000000a6c00000| Untracked 
| 109|0x00000000a6d00000, 0x00000000a6d00000, 0x00000000a6e00000|  0%| F|  |TAMS 0x00000000a6d00000, 0x00000000a6d00000| Untracked 
| 110|0x00000000a6e00000, 0x00000000a6e00000, 0x00000000a6f00000|  0%| F|  |TAMS 0x00000000a6e00000, 0x00000000a6e00000| Untracked 
| 111|0x00000000a6f00000, 0x00000000a6f00000, 0x00000000a7000000|  0%| F|  |TAMS 0x00000000a6f00000, 0x00000000a6f00000| Untracked 
| 112|0x00000000a7000000, 0x00000000a7000000, 0x00000000a7100000|  0%| F|  |TAMS 0x00000000a7000000, 0x00000000a7000000| Untracked 
| 113|0x00000000a7100000, 0x00000000a7100000, 0x00000000a7200000|  0%| F|  |TAMS 0x00000000a7100000, 0x00000000a7100000| Untracked 
| 114|0x00000000a7200000, 0x00000000a7200000, 0x00000000a7300000|  0%| F|  |TAMS 0x00000000a7200000, 0x00000000a7200000| Untracked 
| 115|0x00000000a7300000, 0x00000000a7300000, 0x00000000a7400000|  0%| F|  |TAMS 0x00000000a7300000, 0x00000000a7300000| Untracked 
| 116|0x00000000a7400000, 0x00000000a7400000, 0x00000000a7500000|  0%| F|  |TAMS 0x00000000a7400000, 0x00000000a7400000| Untracked 
| 117|0x00000000a7500000, 0x00000000a7500000, 0x00000000a7600000|  0%| F|  |TAMS 0x00000000a7500000, 0x00000000a7500000| Untracked 
| 118|0x00000000a7600000, 0x00000000a7600000, 0x00000000a7700000|  0%| F|  |TAMS 0x00000000a7600000, 0x00000000a7600000| Untracked 
| 119|0x00000000a7700000, 0x00000000a7700000, 0x00000000a7800000|  0%| F|  |TAMS 0x00000000a7700000, 0x00000000a7700000| Untracked 
| 120|0x00000000a7800000, 0x00000000a7800000, 0x00000000a7900000|  0%| F|  |TAMS 0x00000000a7800000, 0x00000000a7800000| Untracked 
| 121|0x00000000a7900000, 0x00000000a7900000, 0x00000000a7a00000|  0%| F|  |TAMS 0x00000000a7900000, 0x00000000a7900000| Untracked 
| 122|0x00000000a7a00000, 0x00000000a7a00000, 0x00000000a7b00000|  0%| F|  |TAMS 0x00000000a7a00000, 0x00000000a7a00000| Untracked 
| 123|0x00000000a7b00000, 0x00000000a7b00000, 0x00000000a7c00000|  0%| F|  |TAMS 0x00000000a7b00000, 0x00000000a7b00000| Untracked 
| 124|0x00000000a7c00000, 0x00000000a7c00000, 0x00000000a7d00000|  0%| F|  |TAMS 0x00000000a7c00000, 0x00000000a7c00000| Untracked 
| 125|0x00000000a7d00000, 0x00000000a7d00000, 0x00000000a7e00000|  0%| F|  |TAMS 0x00000000a7d00000, 0x00000000a7d00000| Untracked 
| 126|0x00000000a7e00000, 0x00000000a7e00000, 0x00000000a7f00000|  0%| F|  |TAMS 0x00000000a7e00000, 0x00000000a7e00000| Untracked 
| 127|0x00000000a7f00000, 0x00000000a7f00000, 0x00000000a8000000|  0%| F|  |TAMS 0x00000000a7f00000, 0x00000000a7f00000| Untracked 
| 128|0x00000000a8000000, 0x00000000a8000000, 0x00000000a8100000|  0%| F|  |TAMS 0x00000000a8000000, 0x00000000a8000000| Untracked 

Card table byte_map: [0x0000021840280000,0x0000021840580000] _byte_map_base: 0x000002183fd80000

Marking Bits (Prev, Next): (CMBitMap*) 0x00000218297c9920, (CMBitMap*) 0x00000218297c98e0
 Prev Bits: [0x0000021842080000, 0x0000021843880000)
 Next Bits: [0x0000021840880000, 0x0000021842080000)

Polling page: 0x0000021827550000

Metaspace:

Usage:
  Non-class:     56.82 MB used.
      Class:      9.23 MB used.
       Both:     66.05 MB used.

Virtual space:
  Non-class space:       64.00 MB reserved,      57.13 MB ( 89%) committed,  8 nodes.
      Class space:      308.00 MB reserved,       9.56 MB (  3%) committed,  1 nodes.
             Both:      372.00 MB reserved,      66.69 MB ( 18%) committed. 

Chunk freelists:
   Non-Class:  2.78 MB
       Class:  2.30 MB
        Both:  5.08 MB

MaxMetaspaceSize: 384.00 MB
CompressedClassSpaceSize: 308.00 MB
Initial GC threshold: 21.00 MB
Current GC threshold: 102.31 MB
CDS: on
MetaspaceReclaimPolicy: balanced
 - commit_granule_bytes: 65536.
 - commit_granule_words: 8192.
 - virtual_space_node_default_size: 1048576.
 - enlarge_chunks_in_place: 1.
 - new_chunks_are_fully_committed: 0.
 - uncommit_free_chunks: 1.
 - use_allocation_guard: 0.
 - handle_deallocations: 1.


Internal statistics:

num_allocs_failed_limit: 6.
num_arena_births: 742.
num_arena_deaths: 0.
num_vsnodes_births: 9.
num_vsnodes_deaths: 0.
num_space_committed: 1067.
num_space_uncommitted: 0.
num_chunks_returned_to_freelist: 6.
num_chunks_taken_from_freelist: 3528.
num_chunk_merges: 3.
num_chunk_splits: 2336.
num_chunks_enlarged: 1555.
num_purges: 0.
num_inconsistent_stats: 0.

CodeHeap 'non-profiled nmethods': size=120000Kb used=4469Kb max_used=4469Kb free=115530Kb
 bounds [0x0000021838a50000, 0x0000021838eb0000, 0x000002183ff80000]
CodeHeap 'profiled nmethods': size=120000Kb used=15083Kb max_used=15083Kb free=104916Kb
 bounds [0x0000021831520000, 0x00000218323e0000, 0x0000021838a50000]
CodeHeap 'non-nmethods': size=5760Kb used=2353Kb max_used=2428Kb free=3406Kb
 bounds [0x0000021830f80000, 0x00000218311f0000, 0x0000021831520000]
 total_blobs=8374 nmethods=7501 adapters=784
 compilation: enabled
              stopped_count=0, restarted_count=0
 full_count=0

Compilation events (20 events):
Event: 39.554 Thread 0x0000021845cf9ea0 8327       3       org.gradle.internal.instantiation.generator.AbstractClassGenerator$InjectAnnotationPropertyHandler::applyTo (130 bytes)
Event: 39.557 Thread 0x0000021845cf9ea0 nmethod 8327 0x00000218323cf890 code [0x00000218323cfb40, 0x00000218323d0af8]
Event: 39.843 Thread 0x0000021845cf70e0 nmethod 8303 0x0000021838e9a210 code [0x0000021838e9a820, 0x0000021838e9f218]
Event: 39.844 Thread 0x0000021845cf70e0 8312 %     4       org.gradle.internal.instantiation.generator.AbstractClassGenerator::inspectType @ 107 (560 bytes)
Event: 39.892 Thread 0x000002184aa72b00 nmethod 8300 0x0000021838ea2010 code [0x0000021838ea26e0, 0x0000021838ea8178]
Event: 39.894 Thread 0x000002184aa72b00 8313       4       java.util.ArrayList$ArrayListSpliterator::tryAdvance (79 bytes)
Event: 39.926 Thread 0x000002184aa72b00 nmethod 8313 0x0000021838eab810 code [0x0000021838eab9e0, 0x0000021838eabe58]
Event: 39.980 Thread 0x0000021845cf9ea0 8329   !   3       jdk.proxy2.$Proxy1::value (29 bytes)
Event: 39.980 Thread 0x0000021845cf9ea0 nmethod 8329 0x00000218323d0f10 code [0x00000218323d10e0, 0x00000218323d14d8]
Event: 39.982 Thread 0x000002184aa72b00 8330       4       java.nio.Buffer::limit (65 bytes)
Event: 39.983 Thread 0x000002184aa72b00 nmethod 8330 0x0000021838eac290 code [0x0000021838eac400, 0x0000021838eac4f8]
Event: 39.989 Thread 0x0000021845cf9ea0 8331       3       org.gradle.internal.instantiation.generator.DefaultInstantiationScheme::withServices (25 bytes)
Event: 39.990 Thread 0x0000021845cf9ea0 nmethod 8331 0x00000218323d1690 code [0x00000218323d1840, 0x00000218323d1a08]
Event: 39.995 Thread 0x000002184aa72b00 8332       4       groovy.lang.MetaClassImpl$1::methodNameAction (169 bytes)
Event: 40.018 Thread 0x000002184aa72b00 nmethod 8332 0x0000021838eac610 code [0x0000021838eac7e0, 0x0000021838eace58]
Event: 40.018 Thread 0x000002184aa72b00 8334       4       java.beans.MethodRef::set (58 bytes)
Event: 40.155 Thread 0x0000021845cf9ea0 8337       3       java.beans.Introspector::processPropertyDescriptors (964 bytes)
Event: 40.164 Thread 0x0000021845cf9ea0 nmethod 8337 0x00000218323d1b10 code [0x00000218323d2440, 0x00000218323d9398]
Event: 40.420 Thread 0x0000021845cf9ea0 8338       1       com.google.common.collect.SingletonImmutableList::size (2 bytes)
Event: 40.420 Thread 0x0000021845cf9ea0 nmethod 8338 0x0000021838ead290 code [0x0000021838ead420, 0x0000021838ead4f8]

GC Heap History (20 events):
Event: 25.397 GC heap after
{Heap after GC invocations=16 (full 0):
 garbage-first heap   total 103424K, used 53124K [0x00000000a0000000, 0x0000000100000000)
  region size 1024K, 6 young (6144K), 6 survivors (6144K)
 Metaspace       used 47708K, committed 48192K, reserved 364544K
  class space    used 6628K, committed 6848K, reserved 315392K
}
Event: 27.410 GC heap before
{Heap before GC invocations=16 (full 0):
 garbage-first heap   total 103424K, used 80772K [0x00000000a0000000, 0x0000000100000000)
  region size 1024K, 34 young (34816K), 6 survivors (6144K)
 Metaspace       used 50249K, committed 50816K, reserved 364544K
  class space    used 6901K, committed 7168K, reserved 315392K
}
Event: 27.425 GC heap after
{Heap after GC invocations=17 (full 0):
 garbage-first heap   total 103424K, used 54829K [0x00000000a0000000, 0x0000000100000000)
  region size 1024K, 1 young (1024K), 1 survivors (1024K)
 Metaspace       used 50249K, committed 50816K, reserved 364544K
  class space    used 6901K, committed 7168K, reserved 315392K
}
Event: 28.753 GC heap before
{Heap before GC invocations=18 (full 0):
 garbage-first heap   total 107520K, used 83501K [0x00000000a0000000, 0x0000000100000000)
  region size 1024K, 29 young (29696K), 1 survivors (1024K)
 Metaspace       used 53033K, committed 53568K, reserved 364544K
  class space    used 7304K, committed 7552K, reserved 315392K
}
Event: 28.760 GC heap after
{Heap after GC invocations=19 (full 0):
 garbage-first heap   total 107520K, used 55632K [0x00000000a0000000, 0x0000000100000000)
  region size 1024K, 2 young (2048K), 2 survivors (2048K)
 Metaspace       used 53033K, committed 53568K, reserved 364544K
  class space    used 7304K, committed 7552K, reserved 315392K
}
Event: 29.413 GC heap before
{Heap before GC invocations=19 (full 0):
 garbage-first heap   total 107520K, used 70992K [0x00000000a0000000, 0x0000000100000000)
  region size 1024K, 18 young (18432K), 2 survivors (2048K)
 Metaspace       used 55104K, committed 55680K, reserved 364544K
  class space    used 7565K, committed 7872K, reserved 315392K
}
Event: 29.421 GC heap after
{Heap after GC invocations=20 (full 0):
 garbage-first heap   total 107520K, used 57396K [0x00000000a0000000, 0x0000000100000000)
  region size 1024K, 4 young (4096K), 4 survivors (4096K)
 Metaspace       used 55104K, committed 55680K, reserved 364544K
  class space    used 7565K, committed 7872K, reserved 315392K
}
Event: 29.742 GC heap before
{Heap before GC invocations=21 (full 0):
 garbage-first heap   total 132096K, used 74804K [0x00000000a0000000, 0x0000000100000000)
  region size 1024K, 19 young (19456K), 4 survivors (4096K)
 Metaspace       used 55114K, committed 55744K, reserved 364544K
  class space    used 7565K, committed 7872K, reserved 315392K
}
Event: 29.753 GC heap after
{Heap after GC invocations=22 (full 0):
 garbage-first heap   total 132096K, used 59450K [0x00000000a0000000, 0x0000000100000000)
  region size 1024K, 4 young (4096K), 4 survivors (4096K)
 Metaspace       used 55114K, committed 55744K, reserved 364544K
  class space    used 7565K, committed 7872K, reserved 315392K
}
Event: 31.261 GC heap before
{Heap before GC invocations=22 (full 0):
 garbage-first heap   total 132096K, used 106554K [0x00000000a0000000, 0x0000000100000000)
  region size 1024K, 49 young (50176K), 4 survivors (4096K)
 Metaspace       used 58337K, committed 58880K, reserved 372736K
  class space    used 7994K, committed 8256K, reserved 315392K
}
Event: 31.271 GC heap after
{Heap after GC invocations=23 (full 0):
 garbage-first heap   total 132096K, used 62799K [0x00000000a0000000, 0x0000000100000000)
  region size 1024K, 5 young (5120K), 5 survivors (5120K)
 Metaspace       used 58337K, committed 58880K, reserved 372736K
  class space    used 7994K, committed 8256K, reserved 315392K
}
Event: 33.667 GC heap before
{Heap before GC invocations=23 (full 0):
 garbage-first heap   total 132096K, used 106831K [0x00000000a0000000, 0x0000000100000000)
  region size 1024K, 48 young (49152K), 5 survivors (5120K)
 Metaspace       used 59374K, committed 59968K, reserved 372736K
  class space    used 8140K, committed 8448K, reserved 315392K
}
Event: 33.712 GC heap after
{Heap after GC invocations=24 (full 0):
 garbage-first heap   total 132096K, used 65755K [0x00000000a0000000, 0x0000000100000000)
  region size 1024K, 6 young (6144K), 6 survivors (6144K)
 Metaspace       used 59374K, committed 59968K, reserved 372736K
  class space    used 8140K, committed 8448K, reserved 315392K
}
Event: 34.983 GC heap before
{Heap before GC invocations=24 (full 0):
 garbage-first heap   total 132096K, used 106715K [0x00000000a0000000, 0x0000000100000000)
  region size 1024K, 46 young (47104K), 6 survivors (6144K)
 Metaspace       used 61812K, committed 62336K, reserved 372736K
  class space    used 8483K, committed 8768K, reserved 315392K
}
Event: 34.996 GC heap after
{Heap after GC invocations=25 (full 0):
 garbage-first heap   total 132096K, used 68103K [0x00000000a0000000, 0x0000000100000000)
  region size 1024K, 6 young (6144K), 6 survivors (6144K)
 Metaspace       used 61812K, committed 62336K, reserved 372736K
  class space    used 8483K, committed 8768K, reserved 315392K
}
Event: 36.319 GC heap before
{Heap before GC invocations=26 (full 0):
 garbage-first heap   total 132096K, used 108039K [0x00000000a0000000, 0x0000000100000000)
  region size 1024K, 44 young (45056K), 6 survivors (6144K)
 Metaspace       used 64524K, committed 65088K, reserved 372736K
  class space    used 8973K, committed 9280K, reserved 315392K
}
Event: 36.331 GC heap after
{Heap after GC invocations=27 (full 0):
 garbage-first heap   total 132096K, used 68875K [0x00000000a0000000, 0x0000000100000000)
  region size 1024K, 3 young (3072K), 3 survivors (3072K)
 Metaspace       used 64524K, committed 65088K, reserved 372736K
  class space    used 8973K, committed 9280K, reserved 315392K
}
Event: 36.407 GC heap before
{Heap before GC invocations=27 (full 0):
 garbage-first heap   total 132096K, used 71947K [0x00000000a0000000, 0x0000000100000000)
  region size 1024K, 6 young (6144K), 3 survivors (3072K)
 Metaspace       used 64745K, committed 65344K, reserved 372736K
  class space    used 9025K, committed 9344K, reserved 315392K
}
Event: 36.415 GC heap after
{Heap after GC invocations=28 (full 0):
 garbage-first heap   total 132096K, used 69408K [0x00000000a0000000, 0x0000000100000000)
  region size 1024K, 1 young (1024K), 1 survivors (1024K)
 Metaspace       used 64745K, committed 65344K, reserved 372736K
  class space    used 9025K, committed 9344K, reserved 315392K
}
Event: 40.432 GC heap before
{Heap before GC invocations=28 (full 0):
 garbage-first heap   total 132096K, used 109344K [0x00000000a0000000, 0x0000000100000000)
  region size 1024K, 40 young (40960K), 1 survivors (1024K)
 Metaspace       used 67639K, committed 68288K, reserved 380928K
  class space    used 9455K, committed 9792K, reserved 315392K
}

Deoptimization events (20 events):
Event: 35.455 Thread 0x00000218479080b0 Uncommon trap: trap_request=0xffffff45 fr.pc=0x0000021838a8fb3c relative=0x000000000000011c
Event: 35.455 Thread 0x00000218479080b0 Uncommon trap: reason=unstable_if action=reinterpret pc=0x0000021838a8fb3c method=java.lang.AbstractStringBuilder.putStringAt(ILjava/lang/String;II)V @ 8 c2
Event: 35.455 Thread 0x00000218479080b0 DEOPT PACKING pc=0x0000021838a8fb3c sp=0x000000ce2b9f7000
Event: 35.455 Thread 0x00000218479080b0 DEOPT UNPACKING pc=0x0000021830fd23a3 sp=0x000000ce2b9f6f48 mode 2
Event: 36.776 Thread 0x00000218479080b0 DEOPT PACKING pc=0x0000021831db2959 sp=0x000000ce2b9f79b0
Event: 36.776 Thread 0x00000218479080b0 DEOPT UNPACKING pc=0x0000021830fd2b43 sp=0x000000ce2b9f6ea8 mode 0
Event: 36.909 Thread 0x00000218479080b0 Uncommon trap: trap_request=0xfffffff4 fr.pc=0x0000021838e1cbec relative=0x000000000000006c
Event: 36.909 Thread 0x00000218479080b0 Uncommon trap: reason=null_check action=make_not_entrant pc=0x0000021838e1cbec method=java.lang.Class.isAnnotation()Z @ 1 c2
Event: 36.910 Thread 0x00000218479080b0 DEOPT PACKING pc=0x0000021838e1cbec sp=0x000000ce2b9f7eb0
Event: 36.910 Thread 0x00000218479080b0 DEOPT UNPACKING pc=0x0000021830fd23a3 sp=0x000000ce2b9f7e40 mode 2
Event: 37.010 Thread 0x00000218479080b0 Uncommon trap: trap_request=0xffffff45 fr.pc=0x0000021838bec7ac relative=0x000000000000026c
Event: 37.010 Thread 0x00000218479080b0 Uncommon trap: reason=unstable_if action=reinterpret pc=0x0000021838bec7ac method=java.io.WinNTFileSystem.prefixLength(Ljava/lang/String;)I @ 11 c2
Event: 37.010 Thread 0x00000218479080b0 DEOPT PACKING pc=0x0000021838bec7ac sp=0x000000ce2b9f88a0
Event: 37.010 Thread 0x00000218479080b0 DEOPT UNPACKING pc=0x0000021830fd23a3 sp=0x000000ce2b9f8820 mode 2
Event: 37.065 Thread 0x00000218479080b0 DEOPT PACKING pc=0x0000021831d1a782 sp=0x000000ce2b9f8010
Event: 37.065 Thread 0x00000218479080b0 DEOPT UNPACKING pc=0x0000021830fd2b43 sp=0x000000ce2b9f74d0 mode 0
Event: 37.410 Thread 0x00000218479080b0 Uncommon trap: trap_request=0xffffff45 fr.pc=0x0000021838e567c8 relative=0x0000000000000048
Event: 37.410 Thread 0x00000218479080b0 Uncommon trap: reason=unstable_if action=reinterpret pc=0x0000021838e567c8 method=java.lang.StringConcatHelper.stringOf(Ljava/lang/Object;)Ljava/lang/String; @ 1 c2
Event: 37.410 Thread 0x00000218479080b0 DEOPT PACKING pc=0x0000021838e567c8 sp=0x000000ce2b9f87c0
Event: 37.410 Thread 0x00000218479080b0 DEOPT UNPACKING pc=0x0000021830fd23a3 sp=0x000000ce2b9f8750 mode 2

Classes unloaded (0 events):
No events

Classes redefined (0 events):
No events

Internal exceptions (20 events):
Event: 34.048 Thread 0x00000218479080b0 Exception <a 'java/lang/ClassNotFoundException'{0x00000000a7a83a80}: org/gradle/accessors/dm/LibrariesForLibs$ExtLibraryAccessorsCustomizer> (0x00000000a7a83a80) 
thrown [t:\workspace\open\src\hotspot\share\classfile\systemDictionary.cpp, line 256]
Event: 34.053 Thread 0x00000218479080b0 Exception <a 'java/lang/ClassNotFoundException'{0x00000000a7aa5fe0}: org/gradle/accessors/dm/LibrariesForLibs$EspressoLibraryAccessorsBeanInfo> (0x00000000a7aa5fe0) 
thrown [t:\workspace\open\src\hotspot\share\classfile\systemDictionary.cpp, line 256]
Event: 34.055 Thread 0x00000218479080b0 Exception <a 'java/lang/ClassNotFoundException'{0x00000000a7abac48}: org/gradle/accessors/dm/LibrariesForLibs$EspressoLibraryAccessorsCustomizer> (0x00000000a7abac48) 
thrown [t:\workspace\open\src\hotspot\share\classfile\systemDictionary.cpp, line 256]
Event: 34.306 Thread 0x00000218479080b0 Exception <a 'java/lang/NoClassDefFoundError'{0x00000000a71936c8}: org/jetbrains/kotlin/gradle/plugin/KotlinBasePluginWrapper> (0x00000000a71936c8) 
thrown [t:\workspace\open\src\hotspot\share\classfile\systemDictionary.cpp, line 245]
Event: 34.622 Thread 0x00000218479080b0 Exception <a 'java/lang/NoClassDefFoundError'{0x00000000a64d2518}: org/jetbrains/kotlin/gradle/plugin/KotlinBasePluginWrapper> (0x00000000a64d2518) 
thrown [t:\workspace\open\src\hotspot\share\oops\constantPool.cpp, line 835]
Event: 34.718 Thread 0x00000218479080b0 Exception <a 'java/lang/NoClassDefFoundError'{0x00000000a61d9168}: org/jetbrains/kotlin/gradle/plugin/KotlinBasePluginWrapper> (0x00000000a61d9168) 
thrown [t:\workspace\open\src\hotspot\share\oops\constantPool.cpp, line 835]
Event: 34.874 Thread 0x00000218479080b0 Exception <a 'java/lang/NoClassDefFoundError'{0x00000000a5c23730}: org/jetbrains/kotlin/gradle/plugin/KotlinBasePluginWrapper> (0x00000000a5c23730) 
thrown [t:\workspace\open\src\hotspot\share\oops\constantPool.cpp, line 835]
Event: 34.887 Thread 0x00000218479080b0 Exception <a 'java/lang/NoClassDefFoundError'{0x00000000a5c3eef0}: org/jetbrains/kotlin/gradle/plugin/KotlinBasePluginWrapper> (0x00000000a5c3eef0) 
thrown [t:\workspace\open\src\hotspot\share\oops\constantPool.cpp, line 835]
Event: 36.803 Thread 0x00000218479080b0 Exception <a 'java/lang/NoSuchMethodError'{0x00000000a7537218}: 'int java.lang.invoke.DirectMethodHandle$Holder.invokeSpecialIFC(java.lang.Object, java.lang.Object, java.lang.Object, java.lang.Object, java.lang.Object)'> (0x00000000a7537218) 
thrown [t:\workspace\open\src\hotspot\share\interpreter\linkResolver.cpp, line 766]
Event: 36.973 Thread 0x00000218479080b0 Exception <a 'java/lang/NoSuchMethodError'{0x00000000a70a08b0}: 'java.lang.Object java.lang.invoke.Invokers$Holder.invokeExact_MT(java.lang.Object, java.lang.Object, java.lang.Object, int, java.lang.Object, java.lang.Object)'> (0x00000000a70a08b0) 
thrown [t:\workspace\open\src\hotspot\share\interpreter\linkResolver.cpp, line 766]
Event: 37.391 Thread 0x00000218479080b0 Exception <a 'java/lang/NoSuchMethodError'{0x00000000a64f38e0}: 'java.lang.Object java.lang.invoke.DelegatingMethodHandle$Holder.reinvoke_L(java.lang.Object, java.lang.Object, long, int, int, int, int, int, int, java.lang.Object, int, int, int, int, java.lang.Object)'> (0x00000000a64f38e0) 
thrown [t:\workspace\open\src\hotspot\share\interpreter\linkResolver.cpp, line 766]
Event: 37.406 Thread 0x00000218479080b0 Exception <a 'java/lang/NoSuchMethodError'{0x00000000a6335d08}: 'java.lang.Object java.lang.invoke.DirectMethodHandle$Holder.invokeSpecial(java.lang.Object, java.lang.Object, long, int, int, int, int, int, int, java.lang.Object, int, int, int, int, java.lang.Object)'> (0x00000000a6335d08) 
thrown [t:\workspace\open\src\hotspot\share\interpreter\linkResolver.cpp, line 766]
Event: 37.407 Thread 0x00000218479080b0 Exception <a 'java/lang/NoSuchMethodError'{0x00000000a633abe0}: 'java.lang.Object java.lang.invoke.DelegatingMethodHandle$Holder.reinvoke_L(java.lang.Object, long, int, int, int, int, int, int, java.lang.Object, int, int, int, int, java.lang.Object)'> (0x00000000a633abe0) 
thrown [t:\workspace\open\src\hotspot\share\interpreter\linkResolver.cpp, line 766]
Event: 39.997 Thread 0x00000218479080b0 Exception <a 'java/lang/ClassNotFoundException'{0x00000000a5dfa848}: com/android/build/gradle/internal/api/ApkVariantOutputImpl_DecoratedBeanInfo> (0x00000000a5dfa848) 
thrown [t:\workspace\open\src\hotspot\share\classfile\systemDictionary.cpp, line 256]
Event: 40.001 Thread 0x00000218479080b0 Exception <a 'java/lang/ClassNotFoundException'{0x00000000a5c09b88}: com/android/build/gradle/internal/api/ApkVariantOutputImplBeanInfo> (0x00000000a5c09b88) 
thrown [t:\workspace\open\src\hotspot\share\classfile\systemDictionary.cpp, line 256]
Event: 40.002 Thread 0x00000218479080b0 Exception <a 'java/lang/ClassNotFoundException'{0x00000000a5c18cd0}: com/android/build/gradle/internal/api/BaseVariantOutputImplBeanInfo> (0x00000000a5c18cd0) 
thrown [t:\workspace\open\src\hotspot\share\classfile\systemDictionary.cpp, line 256]
Event: 40.004 Thread 0x00000218479080b0 Exception <a 'java/lang/ClassNotFoundException'{0x00000000a5c27df8}: com/android/build/gradle/internal/api/BaseVariantOutputImplCustomizer> (0x00000000a5c27df8) 
thrown [t:\workspace\open\src\hotspot\share\classfile\systemDictionary.cpp, line 256]
Event: 40.010 Thread 0x00000218479080b0 Exception <a 'java/lang/ClassNotFoundException'{0x00000000a5c49e18}: com/android/build/gradle/internal/api/ApkVariantOutputImplCustomizer> (0x00000000a5c49e18) 
thrown [t:\workspace\open\src\hotspot\share\classfile\systemDictionary.cpp, line 256]
Event: 40.012 Thread 0x00000218479080b0 Exception <a 'java/lang/ClassNotFoundException'{0x00000000a5c65e88}: com/android/build/gradle/internal/api/ApkVariantOutputImpl_DecoratedCustomizer> (0x00000000a5c65e88) 
thrown [t:\workspace\open\src\hotspot\share\classfile\systemDictionary.cpp, line 256]
Event: 40.199 Thread 0x00000218479080b0 Exception <a 'java/lang/NoClassDefFoundError'{0x00000000a5b61720}: org/jetbrains/kotlin/gradle/plugin/KotlinBasePluginWrapper> (0x00000000a5b61720) 
thrown [t:\workspace\open\src\hotspot\share\oops\constantPool.cpp, line 835]

VM Operations (20 events):
Event: 35.605 Executing VM operation: ICBufferFull done
Event: 35.608 Executing VM operation: ICBufferFull
Event: 35.608 Executing VM operation: ICBufferFull done
Event: 35.610 Executing VM operation: ICBufferFull
Event: 35.610 Executing VM operation: ICBufferFull done
Event: 36.319 Executing VM operation: G1CollectForAllocation
Event: 36.331 Executing VM operation: G1CollectForAllocation done
Event: 36.407 Executing VM operation: G1CollectForAllocation
Event: 36.415 Executing VM operation: G1CollectForAllocation done
Event: 36.645 Executing VM operation: ICBufferFull
Event: 36.646 Executing VM operation: ICBufferFull done
Event: 36.760 Executing VM operation: ICBufferFull
Event: 36.760 Executing VM operation: ICBufferFull done
Event: 37.770 Executing VM operation: Cleanup
Event: 37.795 Executing VM operation: Cleanup done
Event: 38.796 Executing VM operation: Cleanup
Event: 38.796 Executing VM operation: Cleanup done
Event: 39.797 Executing VM operation: Cleanup
Event: 39.842 Executing VM operation: Cleanup done
Event: 40.432 Executing VM operation: G1CollectForAllocation

Events (20 events):
Event: 32.958 loading class java/beans/IntrospectionException
Event: 32.958 loading class java/beans/IntrospectionException done
Event: 35.069 loading class java/util/concurrent/atomic/AtomicIntegerArray
Event: 35.070 loading class java/util/concurrent/atomic/AtomicIntegerArray done
Event: 35.076 loading class java/util/Currency
Event: 35.077 loading class java/util/Currency done
Event: 35.089 loading class java/util/concurrent/atomic/AtomicLongArray
Event: 35.089 loading class java/util/concurrent/atomic/AtomicLongArray done
Event: 35.145 loading class sun/reflect/generics/repository/FieldRepository
Event: 35.145 loading class sun/reflect/generics/repository/FieldRepository done
Event: 35.211 loading class jdk/internal/vm/annotation/ForceInline
Event: 35.211 loading class jdk/internal/vm/annotation/ForceInline done
Event: 35.368 Thread 0x0000021845d0cf70 flushing nmethod 0x0000021838c2f610
Event: 35.370 Thread 0x0000021845d0cf70 flushing nmethod 0x0000021838d8e690
Event: 35.370 Thread 0x0000021845d0cf70 flushing nmethod 0x0000021838d91f10
Event: 35.376 Thread 0x0000021845d0cf70 flushing nmethod 0x000002183199f210
Event: 35.457 loading class java/util/regex/Pattern$Caret
Event: 35.457 loading class java/util/regex/Pattern$Caret done
Event: 35.977 Thread 0x000002184aa71bd0 Thread exited: 0x000002184aa71bd0
Event: 36.646 Thread 0x000002184aa72b00 Thread added: 0x000002184aa72b00


Dynamic libraries:
0x00007ff7fc040000 - 0x00007ff7fc04e000 	E:\Java\jdk-17\jdk-17\bin\java.exe
0x00007ff8b7940000 - 0x00007ff8b7b30000 	C:\WINDOWS\SYSTEM32\ntdll.dll
0x00007ff8b7690000 - 0x00007ff8b7742000 	C:\WINDOWS\System32\KERNEL32.DLL
0x00007ff8b53a0000 - 0x00007ff8b5645000 	C:\WINDOWS\System32\KERNELBASE.dll
0x00007ff8b58f0000 - 0x00007ff8b59ea000 	C:\WINDOWS\System32\ucrtbase.dll
0x00007ff8a27b0000 - 0x00007ff8a27ca000 	E:\Java\jdk-17\jdk-17\bin\VCRUNTIME140.dll
0x00007ff8add40000 - 0x00007ff8add58000 	E:\Java\jdk-17\jdk-17\bin\jli.dll
0x00007ff8b5b30000 - 0x00007ff8b5cc4000 	C:\WINDOWS\System32\USER32.dll
0x00007ff8a43e0000 - 0x00007ff8a4664000 	C:\WINDOWS\WinSxS\amd64_microsoft.windows.common-controls_6595b64144ccf1df_6.0.18362.1556_none_9e7e372fe45e41d5\COMCTL32.dll
0x00007ff8b49b0000 - 0x00007ff8b49d1000 	C:\WINDOWS\System32\win32u.dll
0x00007ff8b7280000 - 0x00007ff8b731e000 	C:\WINDOWS\System32\msvcrt.dll
0x00007ff8b5d30000 - 0x00007ff8b5d56000 	C:\WINDOWS\System32\GDI32.dll
0x00007ff8b68d0000 - 0x00007ff8b6c06000 	C:\WINDOWS\System32\combase.dll
0x00007ff8b5650000 - 0x00007ff8b57e8000 	C:\WINDOWS\System32\gdi32full.dll
0x00007ff8b66a0000 - 0x00007ff8b67bf000 	C:\WINDOWS\System32\RPCRT4.dll
0x00007ff8b48b0000 - 0x00007ff8b494e000 	C:\WINDOWS\System32\msvcp_win.dll
0x00007ff8b51b0000 - 0x00007ff8b5231000 	C:\WINDOWS\System32\bcryptPrimitives.dll
0x00007ff8b68a0000 - 0x00007ff8b68ce000 	C:\WINDOWS\System32\IMM32.DLL
0x00007ff8b1180000 - 0x00007ff8b118c000 	E:\Java\jdk-17\jdk-17\bin\vcruntime140_1.dll
0x00007ff894400000 - 0x00007ff89448d000 	E:\Java\jdk-17\jdk-17\bin\msvcp140.dll
0x00007ff86b0b0000 - 0x00007ff86bc6e000 	E:\Java\jdk-17\jdk-17\bin\server\jvm.dll
0x00007ff8b74d0000 - 0x00007ff8b7573000 	C:\WINDOWS\System32\ADVAPI32.dll
0x00007ff8b71e0000 - 0x00007ff8b7277000 	C:\WINDOWS\System32\sechost.dll
0x00007ff8b67c0000 - 0x00007ff8b67c8000 	C:\WINDOWS\System32\PSAPI.DLL
0x00007ff8b1070000 - 0x00007ff8b1079000 	C:\WINDOWS\SYSTEM32\WSOCK32.dll
0x00007ff8b0b90000 - 0x00007ff8b0bb4000 	C:\WINDOWS\SYSTEM32\WINMM.dll
0x00007ff8b67d0000 - 0x00007ff8b683f000 	C:\WINDOWS\System32\WS2_32.dll
0x00007ff8a5530000 - 0x00007ff8a553a000 	C:\WINDOWS\SYSTEM32\VERSION.dll
0x00007ff8b0b60000 - 0x00007ff8b0b8d000 	C:\WINDOWS\SYSTEM32\winmmbase.dll
0x00007ff8b49e0000 - 0x00007ff8b4a2a000 	C:\WINDOWS\System32\cfgmgr32.dll
0x00007ff8b4890000 - 0x00007ff8b48a1000 	C:\WINDOWS\System32\kernel.appcore.dll
0x00007ff8a9e00000 - 0x00007ff8a9e0a000 	E:\Java\jdk-17\jdk-17\bin\jimage.dll
0x00007ff8a4850000 - 0x00007ff8a4a44000 	C:\WINDOWS\SYSTEM32\DBGHELP.DLL
0x00007ff8a2bd0000 - 0x00007ff8a2bfa000 	C:\WINDOWS\SYSTEM32\dbgcore.DLL
0x00007ff8a9d40000 - 0x00007ff8a9d4e000 	E:\Java\jdk-17\jdk-17\bin\instrument.dll
0x00007ff8a9d80000 - 0x00007ff8a9da5000 	E:\Java\jdk-17\jdk-17\bin\java.dll
0x00007ff871080000 - 0x00007ff871156000 	E:\Java\jdk-17\jdk-17\bin\svml.dll
0x00007ff8b5e10000 - 0x00007ff8b64f7000 	C:\WINDOWS\System32\SHELL32.dll
0x00007ff8b7760000 - 0x00007ff8b7808000 	C:\WINDOWS\System32\shcore.dll
0x00007ff8b4a30000 - 0x00007ff8b51ab000 	C:\WINDOWS\System32\windows.storage.dll
0x00007ff8b4870000 - 0x00007ff8b488e000 	C:\WINDOWS\System32\profapi.dll
0x00007ff8b4800000 - 0x00007ff8b484a000 	C:\WINDOWS\System32\powrprof.dll
0x00007ff8b47f0000 - 0x00007ff8b4800000 	C:\WINDOWS\System32\UMPDC.dll
0x00007ff8b6840000 - 0x00007ff8b6892000 	C:\WINDOWS\System32\shlwapi.dll
0x00007ff8b58d0000 - 0x00007ff8b58e7000 	C:\WINDOWS\System32\cryptsp.dll
0x00007ff8a5a00000 - 0x00007ff8a5a18000 	E:\Java\jdk-17\jdk-17\bin\zip.dll
0x00007ff8a9cd0000 - 0x00007ff8a9ce9000 	E:\Java\jdk-17\jdk-17\bin\net.dll
0x00007ff8aa4e0000 - 0x00007ff8aa5da000 	C:\WINDOWS\SYSTEM32\WINHTTP.dll
0x00007ff8b3fe0000 - 0x00007ff8b4047000 	C:\WINDOWS\system32\mswsock.dll
0x00007ff8a5a20000 - 0x00007ff8a5a35000 	E:\Java\jdk-17\jdk-17\bin\nio.dll
0x00007ff8a9df0000 - 0x00007ff8a9e00000 	E:\Java\jdk-17\jdk-17\bin\verify.dll
0x00007ff8a5910000 - 0x00007ff8a5937000 	C:\Users\Kiran\.gradle\native\c067742578af261105cb4f569cf0c3c89f3d7b1fecec35dd04571415982c5e48\windows-amd64\native-platform.dll
0x00007ff8a57c0000 - 0x00007ff8a5904000 	C:\Users\Kiran\.gradle\native\38dada09dfb8b06ba9b0570ebf7e218e3eb74d4ef43ca46872605cf95ebc2f47\windows-amd64\native-platform-file-events.dll
0x00007ff8b0600000 - 0x00007ff8b0609000 	E:\Java\jdk-17\jdk-17\bin\management.dll
0x00007ff8a9d50000 - 0x00007ff8a9d5b000 	E:\Java\jdk-17\jdk-17\bin\management_ext.dll
0x00007ff8b3b70000 - 0x00007ff8b3ba3000 	C:\WINDOWS\system32\rsaenh.dll
0x00007ff8b58a0000 - 0x00007ff8b58c6000 	C:\WINDOWS\System32\bcrypt.dll
0x00007ff8b46e0000 - 0x00007ff8b4705000 	C:\WINDOWS\SYSTEM32\USERENV.dll
0x00007ff8b4160000 - 0x00007ff8b416c000 	C:\WINDOWS\SYSTEM32\CRYPTBASE.dll
0x00007ff8b3d00000 - 0x00007ff8b3d3a000 	C:\WINDOWS\SYSTEM32\IPHLPAPI.DLL
0x00007ff8b7750000 - 0x00007ff8b7758000 	C:\WINDOWS\System32\NSI.dll
0x00007ff8aa880000 - 0x00007ff8aa896000 	C:\WINDOWS\SYSTEM32\dhcpcsvc6.DLL
0x00007ff8aa860000 - 0x00007ff8aa87c000 	C:\WINDOWS\SYSTEM32\dhcpcsvc.DLL
0x00007ff8b3d40000 - 0x00007ff8b3e0b000 	C:\WINDOWS\SYSTEM32\DNSAPI.dll
0x00007ff8b1170000 - 0x00007ff8b117e000 	E:\Java\jdk-17\jdk-17\bin\sunmscapi.dll
0x00007ff8b5240000 - 0x00007ff8b5391000 	C:\WINDOWS\System32\CRYPT32.dll
0x00007ff8b4850000 - 0x00007ff8b4862000 	C:\WINDOWS\System32\MSASN1.dll
0x00007ff8b4270000 - 0x00007ff8b4296000 	C:\WINDOWS\SYSTEM32\ncrypt.dll
0x00007ff8b4230000 - 0x00007ff8b426b000 	C:\WINDOWS\SYSTEM32\NTASN1.dll
0x00007ff8b1160000 - 0x00007ff8b1167000 	C:\WINDOWS\system32\wshunix.dll

dbghelp: loaded successfully - version: 4.0.5 - missing functions: none
symbol engine: initialized successfully - sym options: 0x614 - pdb path: .;E:\Java\jdk-17\jdk-17\bin;C:\WINDOWS\SYSTEM32;C:\WINDOWS\WinSxS\amd64_microsoft.windows.common-controls_6595b64144ccf1df_6.0.18362.1556_none_9e7e372fe45e41d5;E:\Java\jdk-17\jdk-17\bin\server;C:\Users\Kiran\.gradle\native\c067742578af261105cb4f569cf0c3c89f3d7b1fecec35dd04571415982c5e48\windows-amd64;C:\Users\Kiran\.gradle\native\38dada09dfb8b06ba9b0570ebf7e218e3eb74d4ef43ca46872605cf95ebc2f47\windows-amd64

VM Arguments:
jvm_args: -XX:MaxMetaspaceSize=384m --add-opens=java.base/java.util=ALL-UNNAMED --add-opens=java.base/java.lang=ALL-UNNAMED --add-opens=java.base/java.lang.invoke=ALL-UNNAMED --add-opens=java.prefs/java.util.prefs=ALL-UNNAMED --add-opens=java.base/java.nio.charset=ALL-UNNAMED --add-opens=java.base/java.net=ALL-UNNAMED --add-opens=java.base/java.util.concurrent.atomic=ALL-UNNAMED -Xmx1536m -Dfile.encoding=UTF-8 -Duser.country=US -Duser.language=en -Duser.variant -javaagent:C:\Users\Kiran\.gradle\wrapper\dists\gradle-8.6-bin\afr5mpiioh2wthjmwnkmdsd5w\gradle-8.6\lib\agents\gradle-instrumentation-agent-8.6.jar 
java_command: org.gradle.launcher.daemon.bootstrap.GradleDaemon 8.6
java_class_path (initial): C:\Users\Kiran\.gradle\wrapper\dists\gradle-8.6-bin\afr5mpiioh2wthjmwnkmdsd5w\gradle-8.6\lib\gradle-launcher-8.6.jar
Launcher Type: SUN_STANDARD

[Global flags]
     intx CICompilerCount                          = 3                                         {product} {ergonomic}
   size_t CompressedClassSpaceSize                 = 322961408                                 {product} {ergonomic}
     uint ConcGCThreads                            = 1                                         {product} {ergonomic}
     uint G1ConcRefinementThreads                  = 4                                         {product} {ergonomic}
   size_t G1HeapRegionSize                         = 1048576                                   {product} {ergonomic}
    uintx GCDrainStackTargetSize                   = 64                                        {product} {ergonomic}
   size_t InitialHeapSize                          = 100663296                                 {product} {ergonomic}
   size_t MarkStackSize                            = 4194304                                   {product} {ergonomic}
   size_t MaxHeapSize                              = 1610612736                                {product} {command line}
   size_t MaxMetaspaceSize                         = 402653184                                 {product} {command line}
   size_t MaxNewSize                               = 965738496                                 {product} {ergonomic}
   size_t MinHeapDeltaBytes                        = 1048576                                   {product} {ergonomic}
   size_t MinHeapSize                              = 8388608                                   {product} {ergonomic}
    uintx NonNMethodCodeHeapSize                   = 5832780                                {pd product} {ergonomic}
    uintx NonProfiledCodeHeapSize                  = 122912730                              {pd product} {ergonomic}
    uintx ProfiledCodeHeapSize                     = 122912730                              {pd product} {ergonomic}
    uintx ReservedCodeCacheSize                    = 251658240                              {pd product} {ergonomic}
     bool SegmentedCodeCache                       = true                                      {product} {ergonomic}
   size_t SoftMaxHeapSize                          = 1610612736                             {manageable} {ergonomic}
     bool UseCompressedClassPointers               = true                           {product lp64_product} {ergonomic}
     bool UseCompressedOops                        = true                           {product lp64_product} {ergonomic}
     bool UseG1GC                                  = true                                      {product} {ergonomic}
     bool UseLargePagesIndividualAllocation        = false                                  {pd product} {ergonomic}

Logging:
Log output configuration:
 #0: stdout all=warning uptime,level,tags
 #1: stderr all=off uptime,level,tags

Environment Variables:
JAVA_HOME=E:\Java\jdk-17\jdk-17
CLASSPATH=D:\Msc sc\BloodBuddy\BloodBuddy\\gradle\wrapper\gradle-wrapper.jar
PATH=C:\WINDOWS\system32;C:\WINDOWS;C:\WINDOWS\System32\Wbem;C:\WINDOWS\System32\WindowsPowerShell\v1.0\;C:\WINDOWS\System32\OpenSSH\;C:\Program Files\Docker\Docker\resources\bin;C:\ProgramData\DockerDesktop\version-bin;E:\bin;E:\nodejs\;E:\Java\jdk-17\jdk-17\bin;C:\Users\Kiran\AppData\Local\Microsoft\WindowsApps;;C:\Users\Kiran\AppData\Local\Programs\Microsoft VS Code\bin;E:\Antigravity\bin;C:\Users\Kiran\go\bin;C:\Users\Kiran\AppData\Roaming\npm
USERNAME=Kiran
OS=Windows_NT
PROCESSOR_IDENTIFIER=Intel64 Family 6 Model 42 Stepping 7, GenuineIntel



---------------  S Y S T E M  ---------------

OS:
 Windows 10 , 64 bit Build 18362 (10.0.18362.1500)
OS uptime: 0 days 3:03 hours
Hyper-V role detected

CPU: total 4 (initial active 4) (2 cores per cpu, 2 threads per core) family 6 model 42 stepping 7 microcode 0x2f, cx8, cmov, fxsr, ht, mmx, sse, sse2, sse3, ssse3, sse4.1, sse4.2, popcnt, tsc, tscinvbit, avx, clmul, vzeroupper, clflush, hv

Memory: 4k page, system-wide physical 6052M (574M free)
TotalPageFile size 6052M (AvailPageFile size 29M)
current process WorkingSet (physical memory assigned to process): 353M, peak: 353M
current process commit charge ("private bytes"): 387M, peak: 464M

vm_info: OpenJDK 64-Bit Server VM (17+35-2724) for windows-amd64 JRE (17+35-2724), built on Aug  5 2021 23:26:02 by "mach5one" with MS VC++ 16.8 (VS2019)

END.
