#
# There is insufficient memory for the Java Runtime Environment to continue.
# Native memory allocation (mmap) failed to map 65536 bytes for Failed to commit metaspace.
# Possible reasons:
#   The system is out of physical RAM or swap space
#   The process is running with CompressedOops enabled, and the Java Heap may be blocking the growth of the native heap
# Possible solutions:
#   Reduce memory load on the system
#   Increase physical memory or swap space
#   Check if swap backing store is full
#   Decrease Java heap size (-Xmx/-Xms)
#   Decrease number of Java threads
#   Decrease Java thread stack sizes (-Xss)
#   Set larger code cache with -XX:ReservedCodeCacheSize=
#   JVM is running with Unscaled Compressed Oops mode in which the Java heap is
#     placed in the first 4GB address space. The Java Heap base address is the
#     maximum limit for the native heap growth. Please use -XX:HeapBaseMinAddress
#     to set the Java Heap base and to place the Java Heap above 4GB virtual address.
# This output file may be truncated or incomplete.
#
#  Out of Memory Error (virtualSpaceNode.cpp:110), pid=5280, tid=9332
#
# JRE version: OpenJDK Runtime Environment (17.0+35) (build 17+35-2724)
# Java VM: OpenJDK 64-Bit Server VM (17+35-2724, mixed mode, sharing, tiered, compressed oops, compressed class ptrs, g1 gc, windows-amd64)
# No core dump will be written. Minidumps are not enabled by default on client versions of Windows
#

---------------  S U M M A R Y ------------

Command Line: -XX:MaxMetaspaceSize=384m --add-opens=java.base/java.util=ALL-UNNAMED --add-opens=java.base/java.lang=ALL-UNNAMED --add-opens=java.base/java.lang.invoke=ALL-UNNAMED --add-opens=java.prefs/java.util.prefs=ALL-UNNAMED --add-opens=java.base/java.nio.charset=ALL-UNNAMED --add-opens=java.base/java.net=ALL-UNNAMED --add-opens=java.base/java.util.concurrent.atomic=ALL-UNNAMED -Xmx1536m -Dfile.encoding=UTF-8 -Duser.country=US -Duser.language=en -Duser.variant -javaagent:C:\Users\Kiran\.gradle\wrapper\dists\gradle-8.6-bin\afr5mpiioh2wthjmwnkmdsd5w\gradle-8.6\lib\agents\gradle-instrumentation-agent-8.6.jar org.gradle.launcher.daemon.bootstrap.GradleDaemon 8.6

Host: Intel(R) Core(TM) i3-2330M CPU @ 2.20GHz, 4 cores, 5G,  Windows 10 , 64 bit Build 18362 (10.0.18362.1500)
Time: Wed Feb 18 13:58:27 2026 Sri Lanka Standard Time elapsed time: 16.838162 seconds (0d 0h 0m 16s)

---------------  T H R E A D  ---------------

Current thread (0x000001d017189060):  JavaThread "Cache worker for file hash cache (C:\Users\Kiran\.gradle\caches\8.6\fileHashes)" [_thread_in_vm, id=9332, stack(0x000000351eb00000,0x000000351ec00000)]

Stack: [0x000000351eb00000,0x000000351ec00000]
Native frames: (J=compiled Java code, j=interpreted, Vv=VM code, C=native code)
V  [jvm.dll+0x66f8ea]
V  [jvm.dll+0x7ce224]
V  [jvm.dll+0x7cf9ce]
V  [jvm.dll+0x7d0033]
V  [jvm.dll+0x242bb5]
V  [jvm.dll+0x7ca1cb]
V  [jvm.dll+0x615a46]
V  [jvm.dll+0x1be28e]
V  [jvm.dll+0x618381]
V  [jvm.dll+0x6163e6]
V  [jvm.dll+0x627019]
V  [jvm.dll+0x620324]
V  [jvm.dll+0x37b761]
C  0x000001d00000c711

Java frames: (J=compiled Java code, j=interpreted, Vv=VM code)
j  org.gradle.cache.internal.btree.BTreePersistentIndexedCache.load(Lorg/gradle/cache/internal/btree/BlockPointer;Lorg/gradle/cache/internal/btree/BTreePersistentIndexedCache$IndexRoot;Lorg/gradle/cache/internal/btree/BTreePersistentIndexedCache$IndexBlock;I)Lorg/gradle/cache/internal/btree/BTreePersistentIndexedCache$IndexBlock;+0
j  org.gradle.cache.internal.btree.BTreePersistentIndexedCache.access$1200(Lorg/gradle/cache/internal/btree/BTreePersistentIndexedCache;Lorg/gradle/cache/internal/btree/BlockPointer;Lorg/gradle/cache/internal/btree/BTreePersistentIndexedCache$IndexRoot;Lorg/gradle/cache/internal/btree/BTreePersistentIndexedCache$IndexBlock;I)Lorg/gradle/cache/internal/btree/BTreePersistentIndexedCache$IndexBlock;+6
j  org.gradle.cache.internal.btree.BTreePersistentIndexedCache$IndexRoot.getRoot()Lorg/gradle/cache/internal/btree/BTreePersistentIndexedCache$IndexBlock;+11
j  org.gradle.cache.internal.btree.BTreePersistentIndexedCache$HeaderBlock.getRoot()Lorg/gradle/cache/internal/btree/BTreePersistentIndexedCache$IndexBlock;+4
j  org.gradle.cache.internal.btree.BTreePersistentIndexedCache.get(Ljava/lang/Object;)Ljava/lang/Object;+4
j  org.gradle.cache.internal.DefaultMultiProcessSafeIndexedCache.lambda$getIfPresent$0(Lorg/gradle/cache/internal/btree/BTreePersistentIndexedCache;Ljava/lang/Object;)Ljava/lang/Object;+2
j  org.gradle.cache.internal.DefaultMultiProcessSafeIndexedCache$$Lambda$517+0x0000000801081570.create()Ljava/lang/Object;+8
j  org.gradle.cache.internal.DefaultFileLockManager$DefaultFileLock.readFile(Lorg/gradle/internal/Factory;)Ljava/lang/Object;+5
j  org.gradle.cache.internal.DefaultCacheCoordinator$UnitOfWorkFileAccess.readFile(Lorg/gradle/internal/Factory;)Ljava/lang/Object;+8
j  org.gradle.cache.internal.DefaultMultiProcessSafeIndexedCache.getIfPresent(Ljava/lang/Object;)Ljava/lang/Object;+16
j  org.gradle.cache.internal.AsyncCacheAccessDecoratedCache.lambda$get$0(Ljava/lang/Object;)Ljava/lang/Object;+5
j  org.gradle.cache.internal.AsyncCacheAccessDecoratedCache$$Lambda$515+0x000000080107f628.create()Ljava/lang/Object;+8
j  org.gradle.cache.internal.ExclusiveCacheAccessingWorker$1.call()Ljava/lang/Object;+4
j  java.util.concurrent.FutureTask.run()V+39 java.base@17
j  org.gradle.internal.concurrent.ExecutorPolicy$CatchAndRecordFailures.onExecute(Ljava/lang/Runnable;)V+1
j  org.gradle.cache.internal.ExclusiveCacheAccessingWorker$2.run()V+32
j  org.gradle.internal.Factories$1.create()Ljava/lang/Object;+4
j  org.gradle.cache.internal.DefaultCacheCoordinator.useCache(Lorg/gradle/internal/Factory;)Ljava/lang/Object;+58
j  org.gradle.cache.internal.DefaultCacheCoordinator.useCache(Ljava/lang/Runnable;)V+5
j  org.gradle.cache.internal.ExclusiveCacheAccessingWorker.flushOperations(Ljava/lang/Runnable;)V+22
j  org.gradle.cache.internal.ExclusiveCacheAccessingWorker.run()V+60
j  org.gradle.internal.concurrent.ExecutorPolicy$CatchAndRecordFailures.onExecute(Ljava/lang/Runnable;)V+1
j  org.gradle.internal.concurrent.AbstractManagedExecutor$1.run()V+25
j  java.util.concurrent.ThreadPoolExecutor.runWorker(Ljava/util/concurrent/ThreadPoolExecutor$Worker;)V+92 java.base@17
j  java.util.concurrent.ThreadPoolExecutor$Worker.run()V+5 java.base@17
j  java.lang.Thread.run()V+11 java.base@17
v  ~StubRoutines::call_stub

---------------  P R O C E S S  ---------------

Threads class SMR info:
_java_thread_list=0x000001d0168a5c00, length=32, elements={
0x000001d0786d13b0, 0x000001d014c41f80, 0x000001d014c43620, 0x000001d014c55730,
0x000001d014c55ff0, 0x000001d014c59060, 0x000001d014c5a0c0, 0x000001d014c5e950,
0x000001d014c621a0, 0x000001d014c77a50, 0x000001d014c3d170, 0x000001d015920450,
0x000001d0175cc590, 0x000001d0171555d0, 0x000001d016618700, 0x000001d01585c030,
0x000001d016fa7fd0, 0x000001d016bb9840, 0x000001d016d6dc10, 0x000001d017185b70,
0x000001d0171869e0, 0x000001d017188b90, 0x000001d017186eb0, 0x000001d017186510,
0x000001d017189060, 0x000001d017187d20, 0x000001d0171881f0, 0x000001d0171886c0,
0x000001d0174a8550, 0x000001d0174aba40, 0x000001d0174abf10, 0x000001d0174a5a00
}

Java Threads: ( => current thread )
  0x000001d0786d13b0 JavaThread "main" [_thread_blocked, id=7744, stack(0x000000351c900000,0x000000351ca00000)]
  0x000001d014c41f80 JavaThread "Reference Handler" daemon [_thread_blocked, id=9376, stack(0x000000351d000000,0x000000351d100000)]
  0x000001d014c43620 JavaThread "Finalizer" daemon [_thread_blocked, id=5308, stack(0x000000351d100000,0x000000351d200000)]
  0x000001d014c55730 JavaThread "Signal Dispatcher" daemon [_thread_blocked, id=7792, stack(0x000000351d200000,0x000000351d300000)]
  0x000001d014c55ff0 JavaThread "Attach Listener" daemon [_thread_blocked, id=2056, stack(0x000000351d300000,0x000000351d400000)]
  0x000001d014c59060 JavaThread "Service Thread" daemon [_thread_blocked, id=12152, stack(0x000000351d400000,0x000000351d500000)]
  0x000001d014c5a0c0 JavaThread "Monitor Deflation Thread" daemon [_thread_blocked, id=7048, stack(0x000000351d500000,0x000000351d600000)]
  0x000001d014c5e950 JavaThread "C2 CompilerThread0" daemon [_thread_blocked, id=9448, stack(0x000000351d600000,0x000000351d700000)]
  0x000001d014c621a0 JavaThread "C1 CompilerThread0" daemon [_thread_blocked, id=4892, stack(0x000000351d700000,0x000000351d800000)]
  0x000001d014c77a50 JavaThread "Sweeper thread" daemon [_thread_blocked, id=9320, stack(0x000000351d800000,0x000000351d900000)]
  0x000001d014c3d170 JavaThread "Common-Cleaner" daemon [_thread_blocked, id=8644, stack(0x000000351d900000,0x000000351da00000)]
  0x000001d015920450 JavaThread "Notification Thread" daemon [_thread_blocked, id=11112, stack(0x000000351da00000,0x000000351db00000)]
  0x000001d0175cc590 JavaThread "Daemon health stats" [_thread_blocked, id=11508, stack(0x000000351e000000,0x000000351e100000)]
  0x000001d0171555d0 JavaThread "Incoming local TCP Connector on port 14434" [_thread_in_native, id=3820, stack(0x000000351dc00000,0x000000351dd00000)]
  0x000001d016618700 JavaThread "Daemon periodic checks" [_thread_blocked, id=5692, stack(0x000000351e100000,0x000000351e200000)]
  0x000001d01585c030 JavaThread "Daemon" [_thread_blocked, id=10916, stack(0x000000351e200000,0x000000351e300000)]
  0x000001d016fa7fd0 JavaThread "Handler for socket connection from /127.0.0.1:14434 to /127.0.0.1:14435" [_thread_in_native, id=2860, stack(0x000000351e300000,0x000000351e400000)]
  0x000001d016bb9840 JavaThread "Cancel handler" [_thread_blocked, id=4196, stack(0x000000351e400000,0x000000351e500000)]
  0x000001d016d6dc10 JavaThread "Daemon worker" [_thread_blocked, id=8184, stack(0x000000351e500000,0x000000351e600000)]
  0x000001d017185b70 JavaThread "Asynchronous log dispatcher for DefaultDaemonConnection: socket connection from /127.0.0.1:14434 to /127.0.0.1:14435" [_thread_blocked, id=9328, stack(0x000000351e600000,0x000000351e700000)]
  0x000001d0171869e0 JavaThread "Stdin handler" [_thread_blocked, id=5648, stack(0x000000351e700000,0x000000351e800000)]
  0x000001d017188b90 JavaThread "Daemon client event forwarder" [_thread_blocked, id=11012, stack(0x000000351e800000,0x000000351e900000)]
  0x000001d017186eb0 JavaThread "Cache worker for journal cache (C:\Users\Kiran\.gradle\caches\journal-1)" [_thread_blocked, id=6304, stack(0x000000351e900000,0x000000351ea00000)]
  0x000001d017186510 JavaThread "File lock request listener" [_thread_in_native, id=7712, stack(0x000000351ea00000,0x000000351eb00000)]
=>0x000001d017189060 JavaThread "Cache worker for file hash cache (C:\Users\Kiran\.gradle\caches\8.6\fileHashes)" [_thread_in_vm, id=9332, stack(0x000000351eb00000,0x000000351ec00000)]
  0x000001d017187d20 JavaThread "File watcher server" daemon [_thread_in_native, id=11700, stack(0x000000351ed00000,0x000000351ee00000)]
  0x000001d0171881f0 JavaThread "File watcher consumer" daemon [_thread_blocked, id=8252, stack(0x000000351ee00000,0x000000351ef00000)]
  0x000001d0171886c0 JavaThread "Cache worker for checksums cache (D:\Msc sc\BloodBuddy\BloodBuddy\.gradle\8.6\checksums)" [_thread_blocked, id=1348, stack(0x000000351ec00000,0x000000351ed00000)]
  0x000001d0174a8550 JavaThread "Cache worker for file hash cache (D:\Msc sc\BloodBuddy\BloodBuddy\.gradle\8.6\fileHashes)" [_thread_blocked, id=7396, stack(0x000000351ef00000,0x000000351f000000)]
  0x000001d0174aba40 JavaThread "Cache worker for cache directory md-supplier (C:\Users\Kiran\.gradle\caches\8.6\md-supplier)" [_thread_blocked, id=11628, stack(0x000000351f000000,0x000000351f100000)]
  0x000001d0174abf10 JavaThread "Cache worker for cache directory md-rule (C:\Users\Kiran\.gradle\caches\8.6\md-rule)" [_thread_blocked, id=3040, stack(0x000000351f200000,0x000000351f300000)]
  0x000001d0174a5a00 JavaThread "Cache worker for file content cache (C:\Users\Kiran\.gradle\caches\8.6\fileContent)" [_thread_blocked, id=10860, stack(0x000000351f100000,0x000000351f200000)]

Other Threads:
  0x000001d07879c470 VMThread "VM Thread" [stack: 0x000000351cf00000,0x000000351d000000] [id=11636] _threads_hazard_ptr=0x000001d0168a5c00
  0x000001d015984020 WatcherThread [stack: 0x000000351db00000,0x000000351dc00000] [id=7476]
  0x000001d078708310 GCTaskThread "GC Thread#0" [stack: 0x000000351ca00000,0x000000351cb00000] [id=11828]
  0x000001d015bda370 GCTaskThread "GC Thread#1" [stack: 0x000000351dd00000,0x000000351de00000] [id=7456]
  0x000001d015a08ef0 GCTaskThread "GC Thread#2" [stack: 0x000000351de00000,0x000000351df00000] [id=9572]
  0x000001d015d26b40 GCTaskThread "GC Thread#3" [stack: 0x000000351df00000,0x000000351e000000] [id=10888]
  0x000001d078715160 ConcurrentGCThread "G1 Main Marker" [stack: 0x000000351cb00000,0x000000351cc00000] [id=8324]
  0x000001d078716a90 ConcurrentGCThread "G1 Conc#0" [stack: 0x000000351cc00000,0x000000351cd00000] [id=1180]
  0x000001d078779860 ConcurrentGCThread "G1 Refine#0" [stack: 0x000000351cd00000,0x000000351ce00000] [id=2496]
  0x000001d07877a190 ConcurrentGCThread "G1 Service" [stack: 0x000000351ce00000,0x000000351cf00000] [id=9700]

Threads with active compile tasks:

VM state: synchronizing (normal execution)

VM Mutex/Monitor currently owned by a thread:  ([mutex/lock_event])
[0x000001d0786cbd80] Metaspace_lock - owner thread: 0x000001d017189060
[0x000001d0786cdb10] Threads_lock - owner thread: 0x000001d07879c470

Heap address: 0x00000000a0000000, size: 1536 MB, Compressed Oops mode: 32-bit

CDS archive(s) mapped at: [0x0000000800000000-0x0000000800bc0000-0x0000000800bc0000), size 12320768, SharedBaseAddress: 0x0000000800000000, ArchiveRelocationMode: 0.
Compressed class space mapped at: 0x0000000800c00000-0x0000000814000000, reserved size: 322961408
Narrow klass base: 0x0000000800000000, Narrow klass shift: 0, Narrow klass range: 0x100000000

GC Precious Log:
 CPUs: 4 total, 4 available
 Memory: 6052M
 Large Page Support: Disabled
 NUMA Support: Disabled
 Compressed Oops: Enabled (32-bit)
 Heap Region Size: 1M
 Heap Min Capacity: 8M
 Heap Initial Capacity: 96M
 Heap Max Capacity: 1536M
 Pre-touch: Disabled
 Parallel Workers: 4
 Concurrent Workers: 1
 Concurrent Refinement Workers: 4
 Periodic GC: Disabled

Heap:
 garbage-first heap   total 86016K, used 49680K [0x00000000a0000000, 0x0000000100000000)
  region size 1024K, 32 young (32768K), 7 survivors (7168K)
 Metaspace       used 31027K, committed 31424K, reserved 348160K
  class space    used 4383K, committed 4608K, reserved 315392K

Heap Regions: E=young(eden), S=young(survivor), O=old, HS=humongous(starts), HC=humongous(continues), CS=collection set, F=free, OA=open archive, CA=closed archive, TAMS=top-at-mark-start (previous, next)
|   0|0x00000000a0000000, 0x00000000a0100000, 0x00000000a0100000|100%| O|  |TAMS 0x00000000a0100000, 0x00000000a0000000| Untracked 
|   1|0x00000000a0100000, 0x00000000a0200000, 0x00000000a0200000|100%| O|  |TAMS 0x00000000a0200000, 0x00000000a0100000| Untracked 
|   2|0x00000000a0200000, 0x00000000a0300000, 0x00000000a0300000|100%|HS|  |TAMS 0x00000000a0300000, 0x00000000a0200000| Complete 
|   3|0x00000000a0300000, 0x00000000a0400000, 0x00000000a0400000|100%|HC|  |TAMS 0x00000000a0400000, 0x00000000a0300000| Complete 
|   4|0x00000000a0400000, 0x00000000a0500000, 0x00000000a0500000|100%|HC|  |TAMS 0x00000000a0500000, 0x00000000a0400000| Complete 
|   5|0x00000000a0500000, 0x00000000a0600000, 0x00000000a0600000|100%|HC|  |TAMS 0x00000000a0600000, 0x00000000a0500000| Complete 
|   6|0x00000000a0600000, 0x00000000a0700000, 0x00000000a0700000|100%| O|  |TAMS 0x00000000a0700000, 0x00000000a0600000| Untracked 
|   7|0x00000000a0700000, 0x00000000a0800000, 0x00000000a0800000|100%| O|  |TAMS 0x00000000a0800000, 0x00000000a0700000| Untracked 
|   8|0x00000000a0800000, 0x00000000a0900000, 0x00000000a0900000|100%| O|  |TAMS 0x00000000a0900000, 0x00000000a0800000| Untracked 
|   9|0x00000000a0900000, 0x00000000a0a00000, 0x00000000a0a00000|100%| O|  |TAMS 0x00000000a0a00000, 0x00000000a0900000| Untracked 
|  10|0x00000000a0a00000, 0x00000000a0b00000, 0x00000000a0b00000|100%| O|  |TAMS 0x00000000a0b00000, 0x00000000a0a00000| Untracked 
|  11|0x00000000a0b00000, 0x00000000a0c00000, 0x00000000a0c00000|100%| O|  |TAMS 0x00000000a0c00000, 0x00000000a0b00000| Untracked 
|  12|0x00000000a0c00000, 0x00000000a0d00000, 0x00000000a0d00000|100%| O|  |TAMS 0x00000000a0d00000, 0x00000000a0c00000| Untracked 
|  13|0x00000000a0d00000, 0x00000000a0e00000, 0x00000000a0e00000|100%| O|  |TAMS 0x00000000a0e00000, 0x00000000a0d00000| Untracked 
|  14|0x00000000a0e00000, 0x00000000a0f00000, 0x00000000a0f00000|100%| O|  |TAMS 0x00000000a0f00000, 0x00000000a0e00000| Untracked 
|  15|0x00000000a0f00000, 0x00000000a1000000, 0x00000000a1000000|100%| O|  |TAMS 0x00000000a1000000, 0x00000000a0f00000| Untracked 
|  16|0x00000000a1000000, 0x00000000a1100000, 0x00000000a1100000|100%| O|  |TAMS 0x00000000a1100000, 0x00000000a1000000| Untracked 
|  17|0x00000000a1100000, 0x00000000a1200000, 0x00000000a1200000|100%| O|  |TAMS 0x00000000a1200000, 0x00000000a1100000| Untracked 
|  18|0x00000000a1200000, 0x00000000a128ac00, 0x00000000a1300000| 54%| O|  |TAMS 0x00000000a128ac00, 0x00000000a1200000| Untracked 
|  19|0x00000000a1300000, 0x00000000a1300000, 0x00000000a1400000|  0%| F|  |TAMS 0x00000000a1300000, 0x00000000a1300000| Untracked 
|  20|0x00000000a1400000, 0x00000000a1400000, 0x00000000a1500000|  0%| F|  |TAMS 0x00000000a1400000, 0x00000000a1400000| Untracked 
|  21|0x00000000a1500000, 0x00000000a1500000, 0x00000000a1600000|  0%| F|  |TAMS 0x00000000a1500000, 0x00000000a1500000| Untracked 
|  22|0x00000000a1600000, 0x00000000a1600000, 0x00000000a1700000|  0%| F|  |TAMS 0x00000000a1600000, 0x00000000a1600000| Untracked 
|  23|0x00000000a1700000, 0x00000000a1700000, 0x00000000a1800000|  0%| F|  |TAMS 0x00000000a1700000, 0x00000000a1700000| Untracked 
|  24|0x00000000a1800000, 0x00000000a1800000, 0x00000000a1900000|  0%| F|  |TAMS 0x00000000a1800000, 0x00000000a1800000| Untracked 
|  25|0x00000000a1900000, 0x00000000a1900000, 0x00000000a1a00000|  0%| F|  |TAMS 0x00000000a1900000, 0x00000000a1900000| Untracked 
|  26|0x00000000a1a00000, 0x00000000a1a00000, 0x00000000a1b00000|  0%| F|  |TAMS 0x00000000a1a00000, 0x00000000a1a00000| Untracked 
|  27|0x00000000a1b00000, 0x00000000a1bf97b0, 0x00000000a1c00000| 97%| S|CS|TAMS 0x00000000a1b00000, 0x00000000a1b00000| Complete 
|  28|0x00000000a1c00000, 0x00000000a1d00000, 0x00000000a1d00000|100%| S|CS|TAMS 0x00000000a1c00000, 0x00000000a1c00000| Complete 
|  29|0x00000000a1d00000, 0x00000000a1e00000, 0x00000000a1e00000|100%| S|CS|TAMS 0x00000000a1d00000, 0x00000000a1d00000| Complete 
|  30|0x00000000a1e00000, 0x00000000a1f00000, 0x00000000a1f00000|100%| S|CS|TAMS 0x00000000a1e00000, 0x00000000a1e00000| Complete 
|  31|0x00000000a1f00000, 0x00000000a2000000, 0x00000000a2000000|100%| S|CS|TAMS 0x00000000a1f00000, 0x00000000a1f00000| Complete 
|  32|0x00000000a2000000, 0x00000000a2100000, 0x00000000a2100000|100%| S|CS|TAMS 0x00000000a2000000, 0x00000000a2000000| Complete 
|  33|0x00000000a2100000, 0x00000000a2200000, 0x00000000a2200000|100%| S|CS|TAMS 0x00000000a2100000, 0x00000000a2100000| Complete 
|  34|0x00000000a2200000, 0x00000000a2200000, 0x00000000a2300000|  0%| F|  |TAMS 0x00000000a2200000, 0x00000000a2200000| Untracked 
|  35|0x00000000a2300000, 0x00000000a2300000, 0x00000000a2400000|  0%| F|  |TAMS 0x00000000a2300000, 0x00000000a2300000| Untracked 
|  36|0x00000000a2400000, 0x00000000a2400000, 0x00000000a2500000|  0%| F|  |TAMS 0x00000000a2400000, 0x00000000a2400000| Untracked 
|  37|0x00000000a2500000, 0x00000000a2500000, 0x00000000a2600000|  0%| F|  |TAMS 0x00000000a2500000, 0x00000000a2500000| Untracked 
|  38|0x00000000a2600000, 0x00000000a2600000, 0x00000000a2700000|  0%| F|  |TAMS 0x00000000a2600000, 0x00000000a2600000| Untracked 
|  39|0x00000000a2700000, 0x00000000a2700000, 0x00000000a2800000|  0%| F|  |TAMS 0x00000000a2700000, 0x00000000a2700000| Untracked 
|  40|0x00000000a2800000, 0x00000000a2800000, 0x00000000a2900000|  0%| F|  |TAMS 0x00000000a2800000, 0x00000000a2800000| Untracked 
|  41|0x00000000a2900000, 0x00000000a2900000, 0x00000000a2a00000|  0%| F|  |TAMS 0x00000000a2900000, 0x00000000a2900000| Untracked 
|  42|0x00000000a2a00000, 0x00000000a2a00000, 0x00000000a2b00000|  0%| F|  |TAMS 0x00000000a2a00000, 0x00000000a2a00000| Untracked 
|  43|0x00000000a2b00000, 0x00000000a2b00000, 0x00000000a2c00000|  0%| F|  |TAMS 0x00000000a2b00000, 0x00000000a2b00000| Untracked 
|  44|0x00000000a2c00000, 0x00000000a2c00000, 0x00000000a2d00000|  0%| F|  |TAMS 0x00000000a2c00000, 0x00000000a2c00000| Untracked 
|  45|0x00000000a2d00000, 0x00000000a2d00000, 0x00000000a2e00000|  0%| F|  |TAMS 0x00000000a2d00000, 0x00000000a2d00000| Untracked 
|  46|0x00000000a2e00000, 0x00000000a2e00000, 0x00000000a2f00000|  0%| F|  |TAMS 0x00000000a2e00000, 0x00000000a2e00000| Untracked 
|  47|0x00000000a2f00000, 0x00000000a2f00000, 0x00000000a3000000|  0%| F|  |TAMS 0x00000000a2f00000, 0x00000000a2f00000| Untracked 
|  48|0x00000000a3000000, 0x00000000a3000000, 0x00000000a3100000|  0%| F|  |TAMS 0x00000000a3000000, 0x00000000a3000000| Untracked 
|  49|0x00000000a3100000, 0x00000000a3100000, 0x00000000a3200000|  0%| F|  |TAMS 0x00000000a3100000, 0x00000000a3100000| Untracked 
|  50|0x00000000a3200000, 0x00000000a3200000, 0x00000000a3300000|  0%| F|  |TAMS 0x00000000a3200000, 0x00000000a3200000| Untracked 
|  51|0x00000000a3300000, 0x00000000a3300000, 0x00000000a3400000|  0%| F|  |TAMS 0x00000000a3300000, 0x00000000a3300000| Untracked 
|  52|0x00000000a3400000, 0x00000000a3400000, 0x00000000a3500000|  0%| F|  |TAMS 0x00000000a3400000, 0x00000000a3400000| Untracked 
|  53|0x00000000a3500000, 0x00000000a3500000, 0x00000000a3600000|  0%| F|  |TAMS 0x00000000a3500000, 0x00000000a3500000| Untracked 
|  54|0x00000000a3600000, 0x00000000a3600000, 0x00000000a3700000|  0%| F|  |TAMS 0x00000000a3600000, 0x00000000a3600000| Untracked 
|  55|0x00000000a3700000, 0x00000000a3700000, 0x00000000a3800000|  0%| F|  |TAMS 0x00000000a3700000, 0x00000000a3700000| Untracked 
|  56|0x00000000a3800000, 0x00000000a3800000, 0x00000000a3900000|  0%| F|  |TAMS 0x00000000a3800000, 0x00000000a3800000| Untracked 
|  57|0x00000000a3900000, 0x00000000a3900000, 0x00000000a3a00000|  0%| F|  |TAMS 0x00000000a3900000, 0x00000000a3900000| Untracked 
|  58|0x00000000a3a00000, 0x00000000a3a00000, 0x00000000a3b00000|  0%| F|  |TAMS 0x00000000a3a00000, 0x00000000a3a00000| Untracked 
|  59|0x00000000a3b00000, 0x00000000a3b278d0, 0x00000000a3c00000| 15%| E|  |TAMS 0x00000000a3b00000, 0x00000000a3b00000| Complete 
|  60|0x00000000a3c00000, 0x00000000a3d00000, 0x00000000a3d00000|100%| E|CS|TAMS 0x00000000a3c00000, 0x00000000a3c00000| Complete 
|  61|0x00000000a3d00000, 0x00000000a3e00000, 0x00000000a3e00000|100%| E|CS|TAMS 0x00000000a3d00000, 0x00000000a3d00000| Complete 
|  62|0x00000000a3e00000, 0x00000000a3f00000, 0x00000000a3f00000|100%| E|CS|TAMS 0x00000000a3e00000, 0x00000000a3e00000| Complete 
|  63|0x00000000a3f00000, 0x00000000a4000000, 0x00000000a4000000|100%| E|CS|TAMS 0x00000000a3f00000, 0x00000000a3f00000| Complete 
|  64|0x00000000a4000000, 0x00000000a4100000, 0x00000000a4100000|100%| E|CS|TAMS 0x00000000a4000000, 0x00000000a4000000| Complete 
|  65|0x00000000a4100000, 0x00000000a4200000, 0x00000000a4200000|100%| E|CS|TAMS 0x00000000a4100000, 0x00000000a4100000| Complete 
|  66|0x00000000a4200000, 0x00000000a4300000, 0x00000000a4300000|100%| E|CS|TAMS 0x00000000a4200000, 0x00000000a4200000| Complete 
|  67|0x00000000a4300000, 0x00000000a4400000, 0x00000000a4400000|100%| E|CS|TAMS 0x00000000a4300000, 0x00000000a4300000| Complete 
|  68|0x00000000a4400000, 0x00000000a4500000, 0x00000000a4500000|100%| E|CS|TAMS 0x00000000a4400000, 0x00000000a4400000| Complete 
|  69|0x00000000a4500000, 0x00000000a4600000, 0x00000000a4600000|100%| E|CS|TAMS 0x00000000a4500000, 0x00000000a4500000| Complete 
|  70|0x00000000a4600000, 0x00000000a4700000, 0x00000000a4700000|100%| E|CS|TAMS 0x00000000a4600000, 0x00000000a4600000| Complete 
|  71|0x00000000a4700000, 0x00000000a4800000, 0x00000000a4800000|100%| E|CS|TAMS 0x00000000a4700000, 0x00000000a4700000| Complete 
|  72|0x00000000a4800000, 0x00000000a4900000, 0x00000000a4900000|100%| E|CS|TAMS 0x00000000a4800000, 0x00000000a4800000| Complete 
|  73|0x00000000a4900000, 0x00000000a4a00000, 0x00000000a4a00000|100%| E|CS|TAMS 0x00000000a4900000, 0x00000000a4900000| Complete 
|  74|0x00000000a4a00000, 0x00000000a4b00000, 0x00000000a4b00000|100%| E|CS|TAMS 0x00000000a4a00000, 0x00000000a4a00000| Complete 
|  75|0x00000000a4b00000, 0x00000000a4c00000, 0x00000000a4c00000|100%| E|CS|TAMS 0x00000000a4b00000, 0x00000000a4b00000| Complete 
|  76|0x00000000a4c00000, 0x00000000a4d00000, 0x00000000a4d00000|100%| E|CS|TAMS 0x00000000a4c00000, 0x00000000a4c00000| Complete 
|  77|0x00000000a4d00000, 0x00000000a4e00000, 0x00000000a4e00000|100%| E|CS|TAMS 0x00000000a4d00000, 0x00000000a4d00000| Complete 
|  78|0x00000000a4e00000, 0x00000000a4f00000, 0x00000000a4f00000|100%| E|CS|TAMS 0x00000000a4e00000, 0x00000000a4e00000| Complete 
|  79|0x00000000a4f00000, 0x00000000a5000000, 0x00000000a5000000|100%| E|CS|TAMS 0x00000000a4f00000, 0x00000000a4f00000| Complete 
|  80|0x00000000a5000000, 0x00000000a5100000, 0x00000000a5100000|100%| E|CS|TAMS 0x00000000a5000000, 0x00000000a5000000| Complete 
|  81|0x00000000a5100000, 0x00000000a5200000, 0x00000000a5200000|100%| E|CS|TAMS 0x00000000a5100000, 0x00000000a5100000| Complete 
|  94|0x00000000a5e00000, 0x00000000a5f00000, 0x00000000a5f00000|100%| E|CS|TAMS 0x00000000a5e00000, 0x00000000a5e00000| Complete 
|  95|0x00000000a5f00000, 0x00000000a6000000, 0x00000000a6000000|100%| E|  |TAMS 0x00000000a5f00000, 0x00000000a5f00000| Complete 

Card table byte_map: [0x000001d00f300000,0x000001d00f600000] _byte_map_base: 0x000001d00ee00000

Marking Bits (Prev, Next): (CMBitMap*) 0x000001d078708870, (CMBitMap*) 0x000001d078708830
 Prev Bits: [0x000001d011100000, 0x000001d012900000)
 Next Bits: [0x000001d00f900000, 0x000001d011100000)

Polling page: 0x000001d076840000

Metaspace:

Usage:
  Non-class:     26.02 MB used.
      Class:      4.28 MB used.
       Both:     30.30 MB used.

Virtual space:
  Non-class space:       32.00 MB reserved,      26.19 MB ( 82%) committed,  4 nodes.
      Class space:      308.00 MB reserved,       4.50 MB (  1%) committed,  1 nodes.
             Both:      340.00 MB reserved,      30.69 MB (  9%) committed. 

Chunk freelists:
   Non-Class:  1.42 MB
       Class:  3.48 MB
        Both:  4.91 MB

MaxMetaspaceSize: 384.00 MB
CompressedClassSpaceSize: 308.00 MB
Initial GC threshold: 21.00 MB
Current GC threshold: 35.25 MB
CDS: on
MetaspaceReclaimPolicy: balanced
 - commit_granule_bytes: 65536.
 - commit_granule_words: 8192.
 - virtual_space_node_default_size: 1048576.
 - enlarge_chunks_in_place: 1.
 - new_chunks_are_fully_committed: 0.
 - uncommit_free_chunks: 1.
 - use_allocation_guard: 0.
 - handle_deallocations: 1.


Internal statistics:

num_allocs_failed_limit: 3.
num_arena_births: 306.
num_arena_deaths: 0.
num_vsnodes_births: 5.
num_vsnodes_deaths: 0.
num_space_committed: 491.
num_space_uncommitted: 0.
num_chunks_returned_to_freelist: 3.
num_chunks_taken_from_freelist: 1406.
num_chunk_merges: 3.
num_chunk_splits: 943.
num_chunks_enlarged: 674.
num_purges: 0.
num_inconsistent_stats: 0.

CodeHeap 'non-profiled nmethods': size=120000Kb used=1873Kb max_used=1873Kb free=118127Kb
 bounds [0x000001d007ad0000, 0x000001d007d40000, 0x000001d00f000000]
CodeHeap 'profiled nmethods': size=120000Kb used=7456Kb max_used=7456Kb free=112543Kb
 bounds [0x000001d0005a0000, 0x000001d000cf0000, 0x000001d007ad0000]
CodeHeap 'non-nmethods': size=5760Kb used=1589Kb max_used=1655Kb free=4170Kb
 bounds [0x000001d000000000, 0x000001d000270000, 0x000001d0005a0000]
 total_blobs=4242 nmethods=3591 adapters=563
 compilation: enabled
              stopped_count=0, restarted_count=0
 full_count=0

Compilation events (20 events):
Event: 16.627 Thread 0x000001d017c848b0 nmethod 3525 0x000001d007c9ac90 code [0x000001d007c9afc0, 0x000001d007c9e250]
Event: 16.628 Thread 0x000001d017c848b0 3605       4       jdk.internal.org.objectweb.asm.ByteVector::put122 (93 bytes)
Event: 16.632 Thread 0x000001d014c621a0 3606       3       jdk.internal.jimage.BasicImageReader::verifyLocation (39 bytes)
Event: 16.633 Thread 0x000001d014c621a0 nmethod 3606 0x000001d000ce1d90 code [0x000001d000ce1f60, 0x000001d000ce2248]
Event: 16.637 Thread 0x000001d017c848b0 nmethod 3605 0x000001d007c9f310 code [0x000001d007c9f4a0, 0x000001d007c9f9d8]
Event: 16.668 Thread 0x000001d017c848b0 3607   !   4       java.lang.invoke.MemberName::getMethodType (211 bytes)
Event: 16.669 Thread 0x000001d014c621a0 3608       3       java.lang.invoke.LambdaForm::editor (5 bytes)
Event: 16.669 Thread 0x000001d014c621a0 nmethod 3608 0x000001d000ce2390 code [0x000001d000ce2560, 0x000001d000ce2888]
Event: 16.669 Thread 0x000001d014c621a0 3610       3       java.lang.invoke.LambdaFormEditor::getInCache (165 bytes)
Event: 16.671 Thread 0x000001d014c621a0 nmethod 3610 0x000001d000ce2a10 code [0x000001d000ce2c80, 0x000001d000ce3b78]
Event: 16.671 Thread 0x000001d014c621a0 3609       3       java.lang.invoke.LambdaFormEditor::lambdaFormEditor (12 bytes)
Event: 16.671 Thread 0x000001d014c621a0 nmethod 3609 0x000001d000ce3f10 code [0x000001d000ce40c0, 0x000001d000ce4388]
Event: 16.674 Thread 0x000001d014c621a0 3611       3       sun.invoke.util.VerifyAccess::isModuleAccessible (97 bytes)
Event: 16.676 Thread 0x000001d014c621a0 nmethod 3611 0x000001d000ce4510 code [0x000001d000ce47c0, 0x000001d000ce54e8]
Event: 16.676 Thread 0x000001d014c621a0 3612       3       java.lang.invoke.BoundMethodHandle::editor (8 bytes)
Event: 16.676 Thread 0x000001d014c621a0 nmethod 3612 0x000001d000ce5990 code [0x000001d000ce5b60, 0x000001d000ce5ee8]
Event: 16.679 Thread 0x000001d017c848b0 nmethod 3607 0x000001d007ca0190 code [0x000001d007ca0360, 0x000001d007ca0968]
Event: 16.683 Thread 0x000001d014c5e950 nmethod 3598 0x000001d007ca0d10 code [0x000001d007ca1000, 0x000001d007ca2df0]
Event: 16.716 Thread 0x000001d014c621a0 3615   !   3       java.lang.Class::desiredAssertionStatus (54 bytes)
Event: 16.717 Thread 0x000001d014c621a0 nmethod 3615 0x000001d000ce6090 code [0x000001d000ce6280, 0x000001d000ce67b8]

GC Heap History (14 events):
Event: 2.312 GC heap before
{Heap before GC invocations=0 (full 0):
 garbage-first heap   total 98304K, used 13312K [0x00000000a0000000, 0x0000000100000000)
  region size 1024K, 13 young (13312K), 0 survivors (0K)
 Metaspace       used 1001K, committed 1152K, reserved 323584K
  class space    used 75K, committed 128K, reserved 315392K
}
Event: 2.319 GC heap after
{Heap after GC invocations=1 (full 0):
 garbage-first heap   total 98304K, used 3304K [0x00000000a0000000, 0x0000000100000000)
  region size 1024K, 2 young (2048K), 2 survivors (2048K)
 Metaspace       used 1001K, committed 1152K, reserved 323584K
  class space    used 75K, committed 128K, reserved 315392K
}
Event: 3.340 GC heap before
{Heap before GC invocations=1 (full 0):
 garbage-first heap   total 98304K, used 22760K [0x00000000a0000000, 0x0000000100000000)
  region size 1024K, 17 young (17408K), 2 survivors (2048K)
 Metaspace       used 3211K, committed 3328K, reserved 323584K
  class space    used 404K, committed 448K, reserved 315392K
}
Event: 3.350 GC heap after
{Heap after GC invocations=2 (full 0):
 garbage-first heap   total 98304K, used 10751K [0x00000000a0000000, 0x0000000100000000)
  region size 1024K, 3 young (3072K), 3 survivors (3072K)
 Metaspace       used 3211K, committed 3328K, reserved 323584K
  class space    used 404K, committed 448K, reserved 315392K
}
Event: 4.368 GC heap before
{Heap before GC invocations=2 (full 0):
 garbage-first heap   total 98304K, used 33279K [0x00000000a0000000, 0x0000000100000000)
  region size 1024K, 26 young (26624K), 3 survivors (3072K)
 Metaspace       used 3994K, committed 4160K, reserved 323584K
  class space    used 491K, committed 576K, reserved 315392K
}
Event: 4.375 GC heap after
{Heap after GC invocations=3 (full 0):
 garbage-first heap   total 98304K, used 11260K [0x00000000a0000000, 0x0000000100000000)
  region size 1024K, 1 young (1024K), 1 survivors (1024K)
 Metaspace       used 3994K, committed 4160K, reserved 323584K
  class space    used 491K, committed 576K, reserved 315392K
}
Event: 9.324 GC heap before
{Heap before GC invocations=3 (full 0):
 garbage-first heap   total 98304K, used 68604K [0x00000000a0000000, 0x0000000100000000)
  region size 1024K, 57 young (58368K), 1 survivors (1024K)
 Metaspace       used 11892K, committed 12096K, reserved 331776K
  class space    used 1628K, committed 1728K, reserved 315392K
}
Event: 9.337 GC heap after
{Heap after GC invocations=4 (full 0):
 garbage-first heap   total 98304K, used 19182K [0x00000000a0000000, 0x0000000100000000)
  region size 1024K, 8 young (8192K), 8 survivors (8192K)
 Metaspace       used 11892K, committed 12096K, reserved 331776K
  class space    used 1628K, committed 1728K, reserved 315392K
}
Event: 11.315 GC heap before
{Heap before GC invocations=4 (full 0):
 garbage-first heap   total 98304K, used 63214K [0x00000000a0000000, 0x0000000100000000)
  region size 1024K, 51 young (52224K), 8 survivors (8192K)
 Metaspace       used 18047K, committed 18432K, reserved 331776K
  class space    used 2626K, committed 2816K, reserved 315392K
}
Event: 11.330 GC heap after
{Heap after GC invocations=5 (full 0):
 garbage-first heap   total 98304K, used 21763K [0x00000000a0000000, 0x0000000100000000)
  region size 1024K, 3 young (3072K), 3 survivors (3072K)
 Metaspace       used 18047K, committed 18432K, reserved 331776K
  class space    used 2626K, committed 2816K, reserved 315392K
}
Event: 13.221 GC heap before
{Heap before GC invocations=5 (full 0):
 garbage-first heap   total 98304K, used 45315K [0x00000000a0000000, 0x0000000100000000)
  region size 1024K, 27 young (27648K), 3 survivors (3072K)
 Metaspace       used 21201K, committed 21504K, reserved 339968K
  class space    used 3118K, committed 3264K, reserved 315392K
}
Event: 13.242 GC heap after
{Heap after GC invocations=6 (full 0):
 garbage-first heap   total 98304K, used 22850K [0x00000000a0000000, 0x0000000100000000)
  region size 1024K, 4 young (4096K), 4 survivors (4096K)
 Metaspace       used 21201K, committed 21504K, reserved 339968K
  class space    used 3118K, committed 3264K, reserved 315392K
}
Event: 15.947 GC heap before
{Heap before GC invocations=7 (full 0):
 garbage-first heap   total 86016K, used 68930K [0x00000000a0000000, 0x0000000100000000)
  region size 1024K, 50 young (51200K), 4 survivors (4096K)
 Metaspace       used 29451K, committed 29824K, reserved 348160K
  class space    used 4172K, committed 4352K, reserved 315392K
}
Event: 15.968 GC heap after
{Heap after GC invocations=8 (full 0):
 garbage-first heap   total 86016K, used 26128K [0x00000000a0000000, 0x0000000100000000)
  region size 1024K, 7 young (7168K), 7 survivors (7168K)
 Metaspace       used 29451K, committed 29824K, reserved 348160K
  class space    used 4172K, committed 4352K, reserved 315392K
}

Deoptimization events (20 events):
Event: 16.224 Thread 0x000001d016d6dc10 DEOPT PACKING pc=0x000001d000c83619 sp=0x000000351e5f84e0
Event: 16.224 Thread 0x000001d016d6dc10 DEOPT UNPACKING pc=0x000001d000052b43 sp=0x000000351e5f79a0 mode 0
Event: 16.225 Thread 0x000001d016d6dc10 DEOPT PACKING pc=0x000001d000c825a8 sp=0x000000351e5f85b0
Event: 16.225 Thread 0x000001d016d6dc10 DEOPT UNPACKING pc=0x000001d000052b43 sp=0x000000351e5f7a58 mode 0
Event: 16.272 Thread 0x000001d016d6dc10 DEOPT PACKING pc=0x000001d000c88740 sp=0x000000351e5f8b90
Event: 16.272 Thread 0x000001d016d6dc10 DEOPT UNPACKING pc=0x000001d000052b43 sp=0x000000351e5f80a8 mode 0
Event: 16.383 Thread 0x000001d016d6dc10 DEOPT PACKING pc=0x000001d000c891f3 sp=0x000000351e5f88d0
Event: 16.383 Thread 0x000001d016d6dc10 DEOPT UNPACKING pc=0x000001d000052b43 sp=0x000000351e5f7dc0 mode 0
Event: 16.383 Thread 0x000001d016d6dc10 Uncommon trap: trap_request=0xffffffcc fr.pc=0x000001d007c9306c relative=0x000000000000014c
Event: 16.383 Thread 0x000001d016d6dc10 Uncommon trap: reason=intrinsic_or_type_checked_inlining action=make_not_entrant pc=0x000001d007c9306c method=java.util.ArrayList$SubList.toArray([Ljava/lang/Object;)[Ljava/lang/Object; @ 58 c2
Event: 16.383 Thread 0x000001d016d6dc10 DEOPT PACKING pc=0x000001d007c9306c sp=0x000000351e5f8d10
Event: 16.383 Thread 0x000001d016d6dc10 DEOPT UNPACKING pc=0x000001d0000523a3 sp=0x000000351e5f8cb0 mode 2
Event: 16.530 Thread 0x000001d016d6dc10 DEOPT PACKING pc=0x000001d0009ee65c sp=0x000000351e5fa5c0
Event: 16.530 Thread 0x000001d016d6dc10 DEOPT UNPACKING pc=0x000001d000052b43 sp=0x000000351e5f9b40 mode 0
Event: 16.598 Thread 0x000001d016d6dc10 DEOPT PACKING pc=0x000001d00066a2cb sp=0x000000351e5f9540
Event: 16.598 Thread 0x000001d016d6dc10 DEOPT UNPACKING pc=0x000001d000052b43 sp=0x000000351e5f8a60 mode 0
Event: 16.598 Thread 0x000001d016d6dc10 Uncommon trap: trap_request=0xffffff45 fr.pc=0x000001d007aff464 relative=0x0000000000000064
Event: 16.598 Thread 0x000001d016d6dc10 Uncommon trap: reason=unstable_if action=reinterpret pc=0x000001d007aff464 method=java.io.WinNTFileSystem.isSlash(C)Z @ 9 c2
Event: 16.598 Thread 0x000001d016d6dc10 DEOPT PACKING pc=0x000001d007aff464 sp=0x000000351e5f9560
Event: 16.598 Thread 0x000001d016d6dc10 DEOPT UNPACKING pc=0x000001d0000523a3 sp=0x000000351e5f94e8 mode 2

Classes unloaded (0 events):
No events

Classes redefined (0 events):
No events

Internal exceptions (20 events):
Event: 15.296 Thread 0x000001d016d6dc10 Exception <a 'java/lang/NoSuchMethodError'{0x00000000a30e5858}: 'int java.lang.invoke.DirectMethodHandle$Holder.invokeStaticInit(java.lang.Object, java.lang.Object, java.lang.Object)'> (0x00000000a30e5858) 
thrown [t:\workspace\open\src\hotspot\share\interpreter\linkResolver.cpp, line 766]
Event: 15.331 Thread 0x000001d016d6dc10 Exception <a 'java/lang/NoSuchMethodError'{0x00000000a2f3d470}: 'int java.lang.invoke.DirectMethodHandle$Holder.invokeStaticInit(java.lang.Object, java.lang.Object, java.lang.Object, java.lang.Object)'> (0x00000000a2f3d470) 
thrown [t:\workspace\open\src\hotspot\share\interpreter\linkResolver.cpp, line 766]
Event: 15.764 Thread 0x000001d016d6dc10 Exception <a 'java/lang/ClassNotFoundException'{0x00000000a2692498}: groovy/lang/ExpandoMetaClassBeanInfo> (0x00000000a2692498) 
thrown [t:\workspace\open\src\hotspot\share\classfile\systemDictionary.cpp, line 256]
Event: 15.768 Thread 0x000001d016d6dc10 Exception <a 'java/lang/ClassNotFoundException'{0x00000000a26a8f00}: groovy/lang/MetaClassImplBeanInfo> (0x00000000a26a8f00) 
thrown [t:\workspace\open\src\hotspot\share\classfile\systemDictionary.cpp, line 256]
Event: 15.769 Thread 0x000001d016d6dc10 Exception <a 'java/lang/ClassNotFoundException'{0x00000000a26adf90}: java/lang/ObjectBeanInfo> (0x00000000a26adf90) 
thrown [t:\workspace\open\src\hotspot\share\classfile\systemDictionary.cpp, line 256]
Event: 15.778 Thread 0x000001d016d6dc10 Exception <a 'java/lang/ClassNotFoundException'{0x00000000a26b4258}: java/lang/ObjectCustomizer> (0x00000000a26b4258) 
thrown [t:\workspace\open\src\hotspot\share\classfile\systemDictionary.cpp, line 256]
Event: 15.785 Thread 0x000001d016d6dc10 Exception <a 'java/lang/IncompatibleClassChangeError'{0x00000000a26c3cf0}: Found class java.lang.Object, but interface was expected> (0x00000000a26c3cf0) 
thrown [t:\workspace\open\src\hotspot\share\interpreter\linkResolver.cpp, line 833]
Event: 15.792 Thread 0x000001d016d6dc10 Exception <a 'java/lang/ClassNotFoundException'{0x00000000a26e9508}: groovy/lang/MetaClassImplCustomizer> (0x00000000a26e9508) 
thrown [t:\workspace\open\src\hotspot\share\classfile\systemDictionary.cpp, line 256]
Event: 15.808 Thread 0x000001d016d6dc10 Exception <a 'java/lang/ClassNotFoundException'{0x00000000a251fa58}: groovy/lang/ExpandoMetaClassCustomizer> (0x00000000a251fa58) 
thrown [t:\workspace\open\src\hotspot\share\classfile\systemDictionary.cpp, line 256]
Event: 16.446 Thread 0x000001d016d6dc10 Exception <a 'java/lang/ClassNotFoundException'{0x00000000a41d4080}: org/gradle/internal/extensibility/DefaultExtraPropertiesExtensionBeanInfo> (0x00000000a41d4080) 
thrown [t:\workspace\open\src\hotspot\share\classfile\systemDictionary.cpp, line 256]
Event: 16.448 Thread 0x000001d016d6dc10 Exception <a 'java/lang/ClassNotFoundException'{0x00000000a41eab68}: groovy/lang/GroovyObjectSupportBeanInfo> (0x00000000a41eab68) 
thrown [t:\workspace\open\src\hotspot\share\classfile\systemDictionary.cpp, line 256]
Event: 16.449 Thread 0x000001d016d6dc10 Exception <a 'java/lang/ClassNotFoundException'{0x00000000a4001b70}: groovy/lang/GroovyObjectSupportCustomizer> (0x00000000a4001b70) 
thrown [t:\workspace\open\src\hotspot\share\classfile\systemDictionary.cpp, line 256]
Event: 16.453 Thread 0x000001d016d6dc10 Exception <a 'java/lang/ClassNotFoundException'{0x00000000a401b190}: org/gradle/internal/extensibility/DefaultExtraPropertiesExtensionCustomizer> (0x00000000a401b190) 
thrown [t:\workspace\open\src\hotspot\share\classfile\systemDictionary.cpp, line 256]
Event: 16.508 Thread 0x000001d016d6dc10 Exception <a 'sun/nio/fs/WindowsException'{0x00000000a3f0c040}> (0x00000000a3f0c040) 
thrown [t:\workspace\open\src\hotspot\share\prims\jni.cpp, line 516]
Event: 16.510 Thread 0x000001d016d6dc10 Exception <a 'sun/nio/fs/WindowsException'{0x00000000a3f0d610}> (0x00000000a3f0d610) 
thrown [t:\workspace\open\src\hotspot\share\prims\jni.cpp, line 516]
Event: 16.512 Thread 0x000001d016d6dc10 Exception <a 'sun/nio/fs/WindowsException'{0x00000000a3f0eb98}> (0x00000000a3f0eb98) 
thrown [t:\workspace\open\src\hotspot\share\prims\jni.cpp, line 516]
Event: 16.513 Thread 0x000001d016d6dc10 Exception <a 'sun/nio/fs/WindowsException'{0x00000000a3f10130}> (0x00000000a3f10130) 
thrown [t:\workspace\open\src\hotspot\share\prims\jni.cpp, line 516]
Event: 16.605 Thread 0x000001d016d6dc10 Exception <a 'java/lang/NoSuchMethodError'{0x00000000a3d209b0}: 'void java.lang.invoke.DirectMethodHandle$Holder.invokeStatic(java.lang.Object, java.lang.Object, java.lang.Object, java.lang.Object, java.lang.Object, java.lang.Object)'> (0x00000000a3d209b0) 
thrown [t:\workspace\open\src\hotspot\share\interpreter\linkResolver.cpp, line 766]
Event: 16.678 Thread 0x000001d016d6dc10 Exception <a 'java/lang/NoSuchMethodError'{0x00000000a3dc5820}: 'java.lang.Object java.lang.invoke.DirectMethodHandle$Holder.newInvokeSpecial(java.lang.Object, java.lang.Object, long)'> (0x00000000a3dc5820) 
thrown [t:\workspace\open\src\hotspot\share\interpreter\linkResolver.cpp, line 766]
Event: 16.679 Thread 0x000001d016d6dc10 Exception <a 'java/lang/NoSuchMethodError'{0x00000000a3dca0d8}: 'java.lang.Object java.lang.invoke.Invokers$Holder.linkToTargetMethod(java.lang.Object, long, java.lang.Object)'> (0x00000000a3dca0d8) 
thrown [t:\workspace\open\src\hotspot\share\interpreter\linkResolver.cpp, line 766]

VM Operations (20 events):
Event: 15.641 Executing VM operation: HandshakeAllThreads
Event: 15.641 Executing VM operation: HandshakeAllThreads done
Event: 15.641 Executing VM operation: Cleanup
Event: 15.641 Executing VM operation: Cleanup done
Event: 15.941 Executing VM operation: HandshakeAllThreads
Event: 15.942 Executing VM operation: HandshakeAllThreads done
Event: 15.942 Executing VM operation: HandshakeAllThreads
Event: 15.942 Executing VM operation: HandshakeAllThreads done
Event: 15.947 Executing VM operation: G1CollectForAllocation
Event: 15.968 Executing VM operation: G1CollectForAllocation done
Event: 15.971 Executing VM operation: HandshakeAllThreads
Event: 15.971 Executing VM operation: HandshakeAllThreads done
Event: 15.999 Executing VM operation: HandshakeAllThreads
Event: 15.999 Executing VM operation: HandshakeAllThreads done
Event: 16.194 Executing VM operation: HandshakeAllThreads
Event: 16.194 Executing VM operation: HandshakeAllThreads done
Event: 16.593 Executing VM operation: ICBufferFull
Event: 16.593 Executing VM operation: ICBufferFull done
Event: 16.715 Executing VM operation: HandshakeAllThreads
Event: 16.715 Executing VM operation: HandshakeAllThreads done

Events (20 events):
Event: 16.198 loading class java/util/function/BooleanSupplier
Event: 16.198 loading class java/util/function/BooleanSupplier done
Event: 16.199 loading class jdk/internal/jimage/ImageReader$Resource
Event: 16.199 loading class jdk/internal/jimage/ImageReader$Resource done
Event: 16.437 loading class java/util/WeakHashMap$KeyIterator
Event: 16.437 loading class java/util/WeakHashMap$HashIterator
Event: 16.437 loading class java/util/WeakHashMap$HashIterator done
Event: 16.437 loading class java/util/WeakHashMap$KeyIterator done
Event: 16.507 loading class sun/nio/fs/WindowsPath$1
Event: 16.507 loading class sun/nio/fs/WindowsPath$1 done
Event: 16.508 loading class sun/nio/fs/WindowsException
Event: 16.508 loading class sun/nio/fs/WindowsException done
Event: 16.539 loading class java/io/StringReader
Event: 16.540 loading class java/io/StringReader done
Event: 16.555 loading class java/math/MutableBigInteger
Event: 16.556 loading class java/math/MutableBigInteger done
Event: 16.584 loading class java/lang/ProcessBuilder
Event: 16.584 loading class java/lang/ProcessBuilder done
Event: 16.608 loading class java/util/Collections$2
Event: 16.608 loading class java/util/Collections$2 done


Dynamic libraries:
0x00007ff7fc040000 - 0x00007ff7fc04e000 	E:\Java\jdk-17\jdk-17\bin\java.exe
0x00007ff8b7940000 - 0x00007ff8b7b30000 	C:\WINDOWS\SYSTEM32\ntdll.dll
0x00007ff8b7690000 - 0x00007ff8b7742000 	C:\WINDOWS\System32\KERNEL32.DLL
0x00007ff8b53a0000 - 0x00007ff8b5645000 	C:\WINDOWS\System32\KERNELBASE.dll
0x00007ff8b58f0000 - 0x00007ff8b59ea000 	C:\WINDOWS\System32\ucrtbase.dll
0x00007ff8add40000 - 0x00007ff8add58000 	E:\Java\jdk-17\jdk-17\bin\jli.dll
0x00007ff8a27b0000 - 0x00007ff8a27ca000 	E:\Java\jdk-17\jdk-17\bin\VCRUNTIME140.dll
0x00007ff8b5b30000 - 0x00007ff8b5cc4000 	C:\WINDOWS\System32\USER32.dll
0x00007ff8b49b0000 - 0x00007ff8b49d1000 	C:\WINDOWS\System32\win32u.dll
0x00007ff8a43e0000 - 0x00007ff8a4664000 	C:\WINDOWS\WinSxS\amd64_microsoft.windows.common-controls_6595b64144ccf1df_6.0.18362.1556_none_9e7e372fe45e41d5\COMCTL32.dll
0x00007ff8b7280000 - 0x00007ff8b731e000 	C:\WINDOWS\System32\msvcrt.dll
0x00007ff8b68d0000 - 0x00007ff8b6c06000 	C:\WINDOWS\System32\combase.dll
0x00007ff8b66a0000 - 0x00007ff8b67bf000 	C:\WINDOWS\System32\RPCRT4.dll
0x00007ff8b51b0000 - 0x00007ff8b5231000 	C:\WINDOWS\System32\bcryptPrimitives.dll
0x00007ff8b5d30000 - 0x00007ff8b5d56000 	C:\WINDOWS\System32\GDI32.dll
0x00007ff8b5650000 - 0x00007ff8b57e8000 	C:\WINDOWS\System32\gdi32full.dll
0x00007ff8b48b0000 - 0x00007ff8b494e000 	C:\WINDOWS\System32\msvcp_win.dll
0x00007ff8b68a0000 - 0x00007ff8b68ce000 	C:\WINDOWS\System32\IMM32.DLL
0x00007ff8b1180000 - 0x00007ff8b118c000 	E:\Java\jdk-17\jdk-17\bin\vcruntime140_1.dll
0x00007ff894400000 - 0x00007ff89448d000 	E:\Java\jdk-17\jdk-17\bin\msvcp140.dll
0x00007ff86b0b0000 - 0x00007ff86bc6e000 	E:\Java\jdk-17\jdk-17\bin\server\jvm.dll
0x00007ff8b74d0000 - 0x00007ff8b7573000 	C:\WINDOWS\System32\ADVAPI32.dll
0x00007ff8b71e0000 - 0x00007ff8b7277000 	C:\WINDOWS\System32\sechost.dll
0x00007ff8b67c0000 - 0x00007ff8b67c8000 	C:\WINDOWS\System32\PSAPI.DLL
0x00007ff8b1070000 - 0x00007ff8b1079000 	C:\WINDOWS\SYSTEM32\WSOCK32.dll
0x00007ff8b67d0000 - 0x00007ff8b683f000 	C:\WINDOWS\System32\WS2_32.dll
0x00007ff8b0b90000 - 0x00007ff8b0bb4000 	C:\WINDOWS\SYSTEM32\WINMM.dll
0x00007ff8a5530000 - 0x00007ff8a553a000 	C:\WINDOWS\SYSTEM32\VERSION.dll
0x00007ff8b0b60000 - 0x00007ff8b0b8d000 	C:\WINDOWS\SYSTEM32\WINMMBASE.dll
0x00007ff8b49e0000 - 0x00007ff8b4a2a000 	C:\WINDOWS\System32\cfgmgr32.dll
0x00007ff8b4890000 - 0x00007ff8b48a1000 	C:\WINDOWS\System32\kernel.appcore.dll
0x00007ff8a9e00000 - 0x00007ff8a9e0a000 	E:\Java\jdk-17\jdk-17\bin\jimage.dll
0x00007ff8a4850000 - 0x00007ff8a4a44000 	C:\WINDOWS\SYSTEM32\DBGHELP.DLL
0x00007ff8a2bd0000 - 0x00007ff8a2bfa000 	C:\WINDOWS\SYSTEM32\dbgcore.DLL
0x00007ff8a9d40000 - 0x00007ff8a9d4e000 	E:\Java\jdk-17\jdk-17\bin\instrument.dll
0x00007ff8a9d80000 - 0x00007ff8a9da5000 	E:\Java\jdk-17\jdk-17\bin\java.dll
0x00007ff871080000 - 0x00007ff871156000 	E:\Java\jdk-17\jdk-17\bin\svml.dll
0x00007ff8b5e10000 - 0x00007ff8b64f7000 	C:\WINDOWS\System32\SHELL32.dll
0x00007ff8b7760000 - 0x00007ff8b7808000 	C:\WINDOWS\System32\shcore.dll
0x00007ff8b4a30000 - 0x00007ff8b51ab000 	C:\WINDOWS\System32\windows.storage.dll
0x00007ff8b4870000 - 0x00007ff8b488e000 	C:\WINDOWS\System32\profapi.dll
0x00007ff8b4800000 - 0x00007ff8b484a000 	C:\WINDOWS\System32\powrprof.dll
0x00007ff8b47f0000 - 0x00007ff8b4800000 	C:\WINDOWS\System32\UMPDC.dll
0x00007ff8b6840000 - 0x00007ff8b6892000 	C:\WINDOWS\System32\shlwapi.dll
0x00007ff8b58d0000 - 0x00007ff8b58e7000 	C:\WINDOWS\System32\cryptsp.dll
0x00007ff8a5a00000 - 0x00007ff8a5a18000 	E:\Java\jdk-17\jdk-17\bin\zip.dll
0x00007ff8a9cd0000 - 0x00007ff8a9ce9000 	E:\Java\jdk-17\jdk-17\bin\net.dll
0x00007ff8aa4e0000 - 0x00007ff8aa5da000 	C:\WINDOWS\SYSTEM32\WINHTTP.dll
0x00007ff8b3fe0000 - 0x00007ff8b4047000 	C:\WINDOWS\system32\mswsock.dll
0x00007ff8a5a20000 - 0x00007ff8a5a35000 	E:\Java\jdk-17\jdk-17\bin\nio.dll
0x00007ff8a9df0000 - 0x00007ff8a9e00000 	E:\Java\jdk-17\jdk-17\bin\verify.dll
0x00007ff8a5910000 - 0x00007ff8a5937000 	C:\Users\Kiran\.gradle\native\c067742578af261105cb4f569cf0c3c89f3d7b1fecec35dd04571415982c5e48\windows-amd64\native-platform.dll
0x00007ff8a57c0000 - 0x00007ff8a5904000 	C:\Users\Kiran\.gradle\native\38dada09dfb8b06ba9b0570ebf7e218e3eb74d4ef43ca46872605cf95ebc2f47\windows-amd64\native-platform-file-events.dll
0x00007ff8b0600000 - 0x00007ff8b0609000 	E:\Java\jdk-17\jdk-17\bin\management.dll
0x00007ff8a9d50000 - 0x00007ff8a9d5b000 	E:\Java\jdk-17\jdk-17\bin\management_ext.dll
0x00007ff8b3b70000 - 0x00007ff8b3ba3000 	C:\WINDOWS\system32\rsaenh.dll
0x00007ff8b58a0000 - 0x00007ff8b58c6000 	C:\WINDOWS\System32\bcrypt.dll
0x00007ff8b46e0000 - 0x00007ff8b4705000 	C:\WINDOWS\SYSTEM32\USERENV.dll
0x00007ff8b4160000 - 0x00007ff8b416c000 	C:\WINDOWS\SYSTEM32\CRYPTBASE.dll
0x00007ff8b3d00000 - 0x00007ff8b3d3a000 	C:\WINDOWS\SYSTEM32\IPHLPAPI.DLL
0x00007ff8b7750000 - 0x00007ff8b7758000 	C:\WINDOWS\System32\NSI.dll
0x00007ff8aa880000 - 0x00007ff8aa896000 	C:\WINDOWS\SYSTEM32\dhcpcsvc6.DLL
0x00007ff8aa860000 - 0x00007ff8aa87c000 	C:\WINDOWS\SYSTEM32\dhcpcsvc.DLL
0x00007ff8b3d40000 - 0x00007ff8b3e0b000 	C:\WINDOWS\SYSTEM32\DNSAPI.dll
0x00007ff8b1170000 - 0x00007ff8b117e000 	E:\Java\jdk-17\jdk-17\bin\sunmscapi.dll
0x00007ff8b5240000 - 0x00007ff8b5391000 	C:\WINDOWS\System32\CRYPT32.dll
0x00007ff8b4850000 - 0x00007ff8b4862000 	C:\WINDOWS\System32\MSASN1.dll
0x00007ff8b4270000 - 0x00007ff8b4296000 	C:\WINDOWS\SYSTEM32\ncrypt.dll
0x00007ff8b4230000 - 0x00007ff8b426b000 	C:\WINDOWS\SYSTEM32\NTASN1.dll
0x00007ff8b1160000 - 0x00007ff8b1167000 	C:\WINDOWS\system32\wshunix.dll

dbghelp: loaded successfully - version: 4.0.5 - missing functions: none
symbol engine: initialized successfully - sym options: 0x614 - pdb path: .;E:\Java\jdk-17\jdk-17\bin;C:\WINDOWS\SYSTEM32;C:\WINDOWS\WinSxS\amd64_microsoft.windows.common-controls_6595b64144ccf1df_6.0.18362.1556_none_9e7e372fe45e41d5;E:\Java\jdk-17\jdk-17\bin\server;C:\Users\Kiran\.gradle\native\c067742578af261105cb4f569cf0c3c89f3d7b1fecec35dd04571415982c5e48\windows-amd64;C:\Users\Kiran\.gradle\native\38dada09dfb8b06ba9b0570ebf7e218e3eb74d4ef43ca46872605cf95ebc2f47\windows-amd64

VM Arguments:
jvm_args: -XX:MaxMetaspaceSize=384m --add-opens=java.base/java.util=ALL-UNNAMED --add-opens=java.base/java.lang=ALL-UNNAMED --add-opens=java.base/java.lang.invoke=ALL-UNNAMED --add-opens=java.prefs/java.util.prefs=ALL-UNNAMED --add-opens=java.base/java.nio.charset=ALL-UNNAMED --add-opens=java.base/java.net=ALL-UNNAMED --add-opens=java.base/java.util.concurrent.atomic=ALL-UNNAMED -Xmx1536m -Dfile.encoding=UTF-8 -Duser.country=US -Duser.language=en -Duser.variant -javaagent:C:\Users\Kiran\.gradle\wrapper\dists\gradle-8.6-bin\afr5mpiioh2wthjmwnkmdsd5w\gradle-8.6\lib\agents\gradle-instrumentation-agent-8.6.jar 
java_command: org.gradle.launcher.daemon.bootstrap.GradleDaemon 8.6
java_class_path (initial): C:\Users\Kiran\.gradle\wrapper\dists\gradle-8.6-bin\afr5mpiioh2wthjmwnkmdsd5w\gradle-8.6\lib\gradle-launcher-8.6.jar
Launcher Type: SUN_STANDARD

[Global flags]
     intx CICompilerCount                          = 3                                         {product} {ergonomic}
   size_t CompressedClassSpaceSize                 = 322961408                                 {product} {ergonomic}
     uint ConcGCThreads                            = 1                                         {product} {ergonomic}
     uint G1ConcRefinementThreads                  = 4                                         {product} {ergonomic}
   size_t G1HeapRegionSize                         = 1048576                                   {product} {ergonomic}
    uintx GCDrainStackTargetSize                   = 64                                        {product} {ergonomic}
   size_t InitialHeapSize                          = 100663296                                 {product} {ergonomic}
   size_t MarkStackSize                            = 4194304                                   {product} {ergonomic}
   size_t MaxHeapSize                              = 1610612736                                {product} {command line}
   size_t MaxMetaspaceSize                         = 402653184                                 {product} {command line}
   size_t MaxNewSize                               = 965738496                                 {product} {ergonomic}
   size_t MinHeapDeltaBytes                        = 1048576                                   {product} {ergonomic}
   size_t MinHeapSize                              = 8388608                                   {product} {ergonomic}
    uintx NonNMethodCodeHeapSize                   = 5832780                                {pd product} {ergonomic}
    uintx NonProfiledCodeHeapSize                  = 122912730                              {pd product} {ergonomic}
    uintx ProfiledCodeHeapSize                     = 122912730                              {pd product} {ergonomic}
    uintx ReservedCodeCacheSize                    = 251658240                              {pd product} {ergonomic}
     bool SegmentedCodeCache                       = true                                      {product} {ergonomic}
   size_t SoftMaxHeapSize                          = 1610612736                             {manageable} {ergonomic}
     bool UseCompressedClassPointers               = true                           {product lp64_product} {ergonomic}
     bool UseCompressedOops                        = true                           {product lp64_product} {ergonomic}
     bool UseG1GC                                  = true                                      {product} {ergonomic}
     bool UseLargePagesIndividualAllocation        = false                                  {pd product} {ergonomic}

Logging:
Log output configuration:
 #0: stdout all=warning uptime,level,tags
 #1: stderr all=off uptime,level,tags

Environment Variables:
JAVA_HOME=E:\Java\jdk-17\jdk-17
CLASSPATH=D:\Msc sc\BloodBuddy\BloodBuddy\\gradle\wrapper\gradle-wrapper.jar
PATH=C:\WINDOWS\system32;C:\WINDOWS;C:\WINDOWS\System32\Wbem;C:\WINDOWS\System32\WindowsPowerShell\v1.0\;C:\WINDOWS\System32\OpenSSH\;C:\Program Files\Docker\Docker\resources\bin;C:\ProgramData\DockerDesktop\version-bin;E:\bin;E:\nodejs\;E:\Java\jdk-17\jdk-17\bin;C:\Users\Kiran\AppData\Local\Microsoft\WindowsApps;;C:\Users\Kiran\AppData\Local\Programs\Microsoft VS Code\bin;E:\Antigravity\bin;C:\Users\Kiran\go\bin;C:\Users\Kiran\AppData\Roaming\npm
USERNAME=Kiran
OS=Windows_NT
PROCESSOR_IDENTIFIER=Intel64 Family 6 Model 42 Stepping 7, GenuineIntel



---------------  S Y S T E M  ---------------

OS:
 Windows 10 , 64 bit Build 18362 (10.0.18362.1500)
OS uptime: 0 days 3:00 hours
Hyper-V role detected

CPU: total 4 (initial active 4) (2 cores per cpu, 2 threads per core) family 6 model 42 stepping 7 microcode 0x2f, cx8, cmov, fxsr, ht, mmx, sse, sse2, sse3, ssse3, sse4.1, sse4.2, popcnt, tsc, tscinvbit, avx, clmul, vzeroupper, clflush, hv

Memory: 4k page, system-wide physical 6052M (511M free)
TotalPageFile size 6052M (AvailPageFile size 0M)
current process WorkingSet (physical memory assigned to process): 217M, peak: 221M
current process commit charge ("private bytes"): 261M, peak: 265M

vm_info: OpenJDK 64-Bit Server VM (17+35-2724) for windows-amd64 JRE (17+35-2724), built on Aug  5 2021 23:26:02 by "mach5one" with MS VC++ 16.8 (VS2019)

END.
