#
# There is insufficient memory for the Java Runtime Environment to continue.
# Native memory allocation (malloc) failed to allocate 1696656 bytes for Chunk::new
# Possible reasons:
#   The system is out of physical RAM or swap space
#   The process is running with CompressedOops enabled, and the Java Heap may be blocking the growth of the native heap
# Possible solutions:
#   Reduce memory load on the system
#   Increase physical memory or swap space
#   Check if swap backing store is full
#   Decrease Java heap size (-Xmx/-Xms)
#   Decrease number of Java threads
#   Decrease Java thread stack sizes (-Xss)
#   Set larger code cache with -XX:ReservedCodeCacheSize=
#   JVM is running with Unscaled Compressed Oops mode in which the Java heap is
#     placed in the first 4GB address space. The Java Heap base address is the
#     maximum limit for the native heap growth. Please use -XX:HeapBaseMinAddress
#     to set the Java Heap base and to place the Java Heap above 4GB virtual address.
# This output file may be truncated or incomplete.
#
#  Out of Memory Error (arena.cpp:189), pid=10504, tid=10428
#
# JRE version: OpenJDK Runtime Environment (17.0+35) (build 17+35-2724)
# Java VM: OpenJDK 64-Bit Server VM (17+35-2724, mixed mode, sharing, tiered, compressed oops, compressed class ptrs, g1 gc, windows-amd64)
# No core dump will be written. Minidumps are not enabled by default on client versions of Windows
#

---------------  S U M M A R Y ------------

Command Line: --add-opens=java.base/java.util=ALL-UNNAMED --add-opens=java.base/java.lang=ALL-UNNAMED --add-opens=java.base/java.lang.invoke=ALL-UNNAMED --add-opens=java.prefs/java.util.prefs=ALL-UNNAMED --add-opens=java.base/java.nio.charset=ALL-UNNAMED --add-opens=java.base/java.net=ALL-UNNAMED --add-opens=java.base/java.util.concurrent.atomic=ALL-UNNAMED -Xmx2048m -Dfile.encoding=UTF-8 -Duser.country=US -Duser.language=en -Duser.variant -javaagent:C:\Users\Kiran\.gradle\wrapper\dists\gradle-8.6-bin\afr5mpiioh2wthjmwnkmdsd5w\gradle-8.6\lib\agents\gradle-instrumentation-agent-8.6.jar org.gradle.launcher.daemon.bootstrap.GradleDaemon 8.6

Host: Intel(R) Core(TM) i3-2330M CPU @ 2.20GHz, 4 cores, 5G,  Windows 10 , 64 bit Build 18362 (10.0.18362.1500)
Time: Wed Feb 18 09:01:48 2026 Sri Lanka Standard Time elapsed time: 224.577525 seconds (0d 0h 3m 44s)

---------------  T H R E A D  ---------------

Current thread (0x0000013670c062b0):  JavaThread "C2 CompilerThread0" daemon [_thread_in_native, id=10428, stack(0x0000000291d00000,0x0000000291e00000)]


Current CompileTask:
C2: 224577 4027       4       groovyjarjarantlr4.v4.runtime.atn.PredictionContext::join (569 bytes)

Stack: [0x0000000291d00000,0x0000000291e00000]
Native frames: (J=compiled Java code, j=interpreted, Vv=VM code, C=native code)
V  [jvm.dll+0x66f8ea]
V  [jvm.dll+0x7ce224]
V  [jvm.dll+0x7cf9ce]
V  [jvm.dll+0x7d0033]
V  [jvm.dll+0x242bb5]
V  [jvm.dll+0xaa05b]
V  [jvm.dll+0xaa5ec]
V  [jvm.dll+0x35f9a2]
V  [jvm.dll+0x329f61]
V  [jvm.dll+0x32940a]
V  [jvm.dll+0x215ca1]
V  [jvm.dll+0x2150c1]
V  [jvm.dll+0x1a168d]
V  [jvm.dll+0x2248f8]
V  [jvm.dll+0x222a5c]
V  [jvm.dll+0x78422b]
V  [jvm.dll+0x77e7ea]
V  [jvm.dll+0x66e715]
C  [ucrtbase.dll+0x210b2]
C  [KERNEL32.DLL+0x17c24]
C  [ntdll.dll+0x6d721]


---------------  P R O C E S S  ---------------

Threads class SMR info:
_java_thread_list=0x0000013673315940, length=32, elements={
0x00000136533805f0, 0x0000013670be5f20, 0x0000013670be6ca0, 0x0000013670bf70f0,
0x0000013670bf7bb0, 0x0000013670bfa580, 0x0000013670bfae40, 0x0000013670c062b0,
0x0000013670c130c0, 0x0000013670c44190, 0x000001367187c810, 0x000001367197b090,
0x00000136730ec9c0, 0x0000013670c431d0, 0x000001367353ff70, 0x0000013673423060,
0x0000013672e4f080, 0x00000136733ff000, 0x0000013672e4f550, 0x0000013672aee020,
0x000001367299ea40, 0x00000136729a0250, 0x000001367299f8b0, 0x000001367299dbd0,
0x000001367299e0a0, 0x000001367299cd60, 0x000001367299c890, 0x000001367299ef10,
0x000001367299d700, 0x000001367299e570, 0x000001367299f3e0, 0x000001367376abe0
}

Java Threads: ( => current thread )
  0x00000136533805f0 JavaThread "main" [_thread_blocked, id=9844, stack(0x0000000291000000,0x0000000291100000)]
  0x0000013670be5f20 JavaThread "Reference Handler" daemon [_thread_blocked, id=7644, stack(0x0000000291700000,0x0000000291800000)]
  0x0000013670be6ca0 JavaThread "Finalizer" daemon [_thread_blocked, id=10776, stack(0x0000000291800000,0x0000000291900000)]
  0x0000013670bf70f0 JavaThread "Signal Dispatcher" daemon [_thread_blocked, id=10460, stack(0x0000000291900000,0x0000000291a00000)]
  0x0000013670bf7bb0 JavaThread "Attach Listener" daemon [_thread_blocked, id=308, stack(0x0000000291a00000,0x0000000291b00000)]
  0x0000013670bfa580 JavaThread "Service Thread" daemon [_thread_blocked, id=10632, stack(0x0000000291b00000,0x0000000291c00000)]
  0x0000013670bfae40 JavaThread "Monitor Deflation Thread" daemon [_thread_blocked, id=10580, stack(0x0000000291c00000,0x0000000291d00000)]
=>0x0000013670c062b0 JavaThread "C2 CompilerThread0" daemon [_thread_in_native, id=10428, stack(0x0000000291d00000,0x0000000291e00000)]
  0x0000013670c130c0 JavaThread "C1 CompilerThread0" daemon [_thread_blocked, id=3564, stack(0x0000000291e00000,0x0000000291f00000)]
  0x0000013670c44190 JavaThread "Sweeper thread" daemon [_thread_blocked, id=9820, stack(0x0000000291f00000,0x0000000292000000)]
  0x000001367187c810 JavaThread "Common-Cleaner" daemon [_thread_blocked, id=8272, stack(0x0000000292000000,0x0000000292100000)]
  0x000001367197b090 JavaThread "Notification Thread" daemon [_thread_blocked, id=7540, stack(0x0000000292100000,0x0000000292200000)]
  0x00000136730ec9c0 JavaThread "Daemon health stats" [_thread_blocked, id=2300, stack(0x0000000290d00000,0x0000000290e00000)]
  0x0000013670c431d0 JavaThread "Incoming local TCP Connector on port 2400" [_thread_in_native, id=10052, stack(0x0000000292600000,0x0000000292700000)]
  0x000001367353ff70 JavaThread "Daemon periodic checks" [_thread_blocked, id=10228, stack(0x0000000292700000,0x0000000292800000)]
  0x0000013673423060 JavaThread "Daemon" [_thread_blocked, id=876, stack(0x0000000292800000,0x0000000292900000)]
  0x0000013672e4f080 JavaThread "Handler for socket connection from /127.0.0.1:2400 to /127.0.0.1:2403" [_thread_in_native, id=3668, stack(0x0000000292900000,0x0000000292a00000)]
  0x00000136733ff000 JavaThread "Cancel handler" [_thread_blocked, id=4976, stack(0x0000000292a00000,0x0000000292b00000)]
  0x0000013672e4f550 JavaThread "Daemon worker" [_thread_in_vm, id=10968, stack(0x0000000292b00000,0x0000000292c00000)]
  0x0000013672aee020 JavaThread "Asynchronous log dispatcher for DefaultDaemonConnection: socket connection from /127.0.0.1:2400 to /127.0.0.1:2403" [_thread_blocked, id=3636, stack(0x0000000292c00000,0x0000000292d00000)]
  0x000001367299ea40 JavaThread "Stdin handler" [_thread_blocked, id=10704, stack(0x0000000292d00000,0x0000000292e00000)]
  0x00000136729a0250 JavaThread "Daemon client event forwarder" [_thread_blocked, id=10596, stack(0x0000000292e00000,0x0000000292f00000)]
  0x000001367299f8b0 JavaThread "Cache worker for journal cache (C:\Users\Kiran\.gradle\caches\journal-1)" [_thread_blocked, id=6364, stack(0x0000000292f00000,0x0000000293000000)]
  0x000001367299dbd0 JavaThread "File lock request listener" [_thread_in_native, id=1088, stack(0x0000000293000000,0x0000000293100000)]
  0x000001367299e0a0 JavaThread "Cache worker for file hash cache (C:\Users\Kiran\.gradle\caches\8.6\fileHashes)" [_thread_blocked, id=10216, stack(0x0000000293100000,0x0000000293200000)]
  0x000001367299cd60 JavaThread "File watcher server" daemon [_thread_in_native, id=5136, stack(0x0000000290e00000,0x0000000290f00000)]
  0x000001367299c890 JavaThread "File watcher consumer" daemon [_thread_blocked, id=6136, stack(0x0000000290f00000,0x0000000291000000)]
  0x000001367299ef10 JavaThread "Cache worker for checksums cache (D:\Msc sc\BloodBuddy\BloodBuddy\.gradle\8.6\checksums)" [_thread_blocked, id=4260, stack(0x0000000293400000,0x0000000293500000)]
  0x000001367299d700 JavaThread "Cache worker for file hash cache (D:\Msc sc\BloodBuddy\BloodBuddy\.gradle\8.6\fileHashes)" [_thread_blocked, id=7392, stack(0x0000000293500000,0x0000000293600000)]
  0x000001367299e570 JavaThread "Cache worker for cache directory md-supplier (C:\Users\Kiran\.gradle\caches\8.6\md-supplier)" [_thread_blocked, id=6176, stack(0x0000000293600000,0x0000000293700000)]
  0x000001367299f3e0 JavaThread "Cache worker for cache directory md-rule (C:\Users\Kiran\.gradle\caches\8.6\md-rule)" [_thread_blocked, id=10156, stack(0x0000000293700000,0x0000000293800000)]
  0x000001367376abe0 JavaThread "Cache worker for file content cache (C:\Users\Kiran\.gradle\caches\8.6\fileContent)" [_thread_blocked, id=10784, stack(0x0000000293800000,0x0000000293900000)]

Other Threads:
  0x0000013670bdcff0 VMThread "VM Thread" [stack: 0x0000000291600000,0x0000000291700000] [id=11024] _threads_hazard_ptr=0x0000013673315940
  0x00000136533814b0 WatcherThread [stack: 0x0000000292200000,0x0000000292300000] [id=9696]
  0x00000136533bf0d0 GCTaskThread "GC Thread#0" [stack: 0x0000000291100000,0x0000000291200000] [id=10184]
  0x0000013671f33a30 GCTaskThread "GC Thread#1" [stack: 0x0000000292400000,0x0000000292500000] [id=8880]
  0x0000013671f96c30 GCTaskThread "GC Thread#2" [stack: 0x0000000292500000,0x0000000292600000] [id=5756]
  0x00000136727807c0 GCTaskThread "GC Thread#3" [stack: 0x0000000292300000,0x0000000292400000] [id=9476]
  0x00000136533cff20 ConcurrentGCThread "G1 Main Marker" [stack: 0x0000000291200000,0x0000000291300000] [id=9576]
  0x00000136533d0fe0 ConcurrentGCThread "G1 Conc#0" [stack: 0x0000000291300000,0x0000000291400000] [id=11256]
  0x0000013653439f20 ConcurrentGCThread "G1 Refine#0" [stack: 0x0000000291400000,0x0000000291500000] [id=10444]
  0x000001365343a850 ConcurrentGCThread "G1 Service" [stack: 0x0000000291500000,0x0000000291600000] [id=10200]

Threads with active compile tasks:
C2 CompilerThread0   227962 4027       4       groovyjarjarantlr4.v4.runtime.atn.PredictionContext::join (569 bytes)

VM state: synchronizing (normal execution)

VM Mutex/Monitor currently owned by a thread:  ([mutex/lock_event])
[0x000001365337ba00] Metaspace_lock - owner thread: 0x0000013672e4f550
[0x000001365337cd70] Threads_lock - owner thread: 0x0000013670bdcff0

Heap address: 0x0000000080000000, size: 2048 MB, Compressed Oops mode: 32-bit

CDS archive(s) mapped at: [0x0000000800000000-0x0000000800bc0000-0x0000000800bc0000), size 12320768, SharedBaseAddress: 0x0000000800000000, ArchiveRelocationMode: 0.
Compressed class space mapped at: 0x0000000800c00000-0x0000000840c00000, reserved size: 1073741824
Narrow klass base: 0x0000000800000000, Narrow klass shift: 0, Narrow klass range: 0x100000000

GC Precious Log:
 CPUs: 4 total, 4 available
 Memory: 6052M
 Large Page Support: Disabled
 NUMA Support: Disabled
 Compressed Oops: Enabled (32-bit)
 Heap Region Size: 1M
 Heap Min Capacity: 8M
 Heap Initial Capacity: 96M
 Heap Max Capacity: 2G
 Pre-touch: Disabled
 Parallel Workers: 4
 Concurrent Workers: 1
 Concurrent Refinement Workers: 4
 Periodic GC: Disabled

Heap:
 garbage-first heap   total 81920K, used 31817K [0x0000000080000000, 0x0000000100000000)
  region size 1024K, 4 young (4096K), 2 survivors (2048K)
 Metaspace       used 34079K, committed 34432K, reserved 1081344K
  class space    used 4853K, committed 5056K, reserved 1048576K

Heap Regions: E=young(eden), S=young(survivor), O=old, HS=humongous(starts), HC=humongous(continues), CS=collection set, F=free, OA=open archive, CA=closed archive, TAMS=top-at-mark-start (previous, next)
|   0|0x0000000080000000, 0x0000000080100000, 0x0000000080100000|100%| O|  |TAMS 0x0000000080100000, 0x0000000080000000| Untracked 
|   1|0x0000000080100000, 0x0000000080200000, 0x0000000080200000|100%| O|  |TAMS 0x0000000080200000, 0x0000000080100000| Untracked 
|   2|0x0000000080200000, 0x0000000080300000, 0x0000000080300000|100%|HS|  |TAMS 0x0000000080300000, 0x0000000080200000| Complete 
|   3|0x0000000080300000, 0x0000000080400000, 0x0000000080400000|100%|HC|  |TAMS 0x0000000080400000, 0x0000000080300000| Complete 
|   4|0x0000000080400000, 0x0000000080500000, 0x0000000080500000|100%|HC|  |TAMS 0x0000000080500000, 0x0000000080400000| Complete 
|   5|0x0000000080500000, 0x0000000080600000, 0x0000000080600000|100%|HC|  |TAMS 0x0000000080600000, 0x0000000080500000| Complete 
|   6|0x0000000080600000, 0x0000000080700000, 0x0000000080700000|100%| O|  |TAMS 0x0000000080700000, 0x0000000080600000| Untracked 
|   7|0x0000000080700000, 0x0000000080800000, 0x0000000080800000|100%| O|  |TAMS 0x0000000080800000, 0x0000000080700000| Untracked 
|   8|0x0000000080800000, 0x0000000080900000, 0x0000000080900000|100%| O|  |TAMS 0x0000000080900000, 0x0000000080800000| Untracked 
|   9|0x0000000080900000, 0x0000000080a00000, 0x0000000080a00000|100%| O|  |TAMS 0x0000000080a00000, 0x0000000080900000| Untracked 
|  10|0x0000000080a00000, 0x0000000080b00000, 0x0000000080b00000|100%| O|  |TAMS 0x0000000080b00000, 0x0000000080a00000| Untracked 
|  11|0x0000000080b00000, 0x0000000080c00000, 0x0000000080c00000|100%| O|  |TAMS 0x0000000080c00000, 0x0000000080b00000| Untracked 
|  12|0x0000000080c00000, 0x0000000080d00000, 0x0000000080d00000|100%| O|  |TAMS 0x0000000080d00000, 0x0000000080c00000| Untracked 
|  13|0x0000000080d00000, 0x0000000080e00000, 0x0000000080e00000|100%| O|  |TAMS 0x0000000080e00000, 0x0000000080d00000| Untracked 
|  14|0x0000000080e00000, 0x0000000080f00000, 0x0000000080f00000|100%| O|  |TAMS 0x0000000080f00000, 0x0000000080e00000| Untracked 
|  15|0x0000000080f00000, 0x0000000081000000, 0x0000000081000000|100%| O|  |TAMS 0x0000000081000000, 0x0000000080f00000| Untracked 
|  16|0x0000000081000000, 0x0000000081100000, 0x0000000081100000|100%| O|  |TAMS 0x0000000081100000, 0x0000000081000000| Untracked 
|  17|0x0000000081100000, 0x0000000081200000, 0x0000000081200000|100%| O|  |TAMS 0x0000000081200000, 0x0000000081100000| Untracked 
|  18|0x0000000081200000, 0x00000000812ff600, 0x0000000081300000| 99%| O|  |TAMS 0x00000000812ff600, 0x0000000081200000| Untracked 
|  19|0x0000000081300000, 0x0000000081400000, 0x0000000081400000|100%| O|  |TAMS 0x0000000081300000, 0x0000000081300000| Untracked 
|  20|0x0000000081400000, 0x0000000081500000, 0x0000000081500000|100%| O|  |TAMS 0x0000000081400000, 0x0000000081400000| Untracked 
|  21|0x0000000081500000, 0x0000000081600000, 0x0000000081600000|100%| O|  |TAMS 0x0000000081500000, 0x0000000081500000| Untracked 
|  22|0x0000000081600000, 0x0000000081700000, 0x0000000081700000|100%| O|  |TAMS 0x0000000081600000, 0x0000000081600000| Untracked 
|  23|0x0000000081700000, 0x0000000081800000, 0x0000000081800000|100%| O|  |TAMS 0x0000000081700000, 0x0000000081700000| Untracked 
|  24|0x0000000081800000, 0x0000000081900000, 0x0000000081900000|100%| O|  |TAMS 0x0000000081800000, 0x0000000081800000| Untracked 
|  25|0x0000000081900000, 0x0000000081a00000, 0x0000000081a00000|100%| O|  |TAMS 0x0000000081900000, 0x0000000081900000| Untracked 
|  26|0x0000000081a00000, 0x0000000081b00000, 0x0000000081b00000|100%| O|  |TAMS 0x0000000081a00000, 0x0000000081a00000| Untracked 
|  27|0x0000000081b00000, 0x0000000081c00000, 0x0000000081c00000|100%| O|  |TAMS 0x0000000081b00000, 0x0000000081b00000| Untracked 
|  28|0x0000000081c00000, 0x0000000081c7b800, 0x0000000081d00000| 48%| O|  |TAMS 0x0000000081c00000, 0x0000000081c00000| Untracked 
|  29|0x0000000081d00000, 0x0000000081d00000, 0x0000000081e00000|  0%| F|  |TAMS 0x0000000081d00000, 0x0000000081d00000| Untracked 
|  30|0x0000000081e00000, 0x0000000081e00000, 0x0000000081f00000|  0%| F|  |TAMS 0x0000000081e00000, 0x0000000081e00000| Untracked 
|  31|0x0000000081f00000, 0x0000000081f00000, 0x0000000082000000|  0%| F|  |TAMS 0x0000000081f00000, 0x0000000081f00000| Untracked 
|  32|0x0000000082000000, 0x0000000082000000, 0x0000000082100000|  0%| F|  |TAMS 0x0000000082000000, 0x0000000082000000| Untracked 
|  33|0x0000000082100000, 0x0000000082100000, 0x0000000082200000|  0%| F|  |TAMS 0x0000000082100000, 0x0000000082100000| Untracked 
|  34|0x0000000082200000, 0x0000000082200000, 0x0000000082300000|  0%| F|  |TAMS 0x0000000082200000, 0x0000000082200000| Untracked 
|  35|0x0000000082300000, 0x0000000082300000, 0x0000000082400000|  0%| F|  |TAMS 0x0000000082300000, 0x0000000082300000| Untracked 
|  36|0x0000000082400000, 0x0000000082400000, 0x0000000082500000|  0%| F|  |TAMS 0x0000000082400000, 0x0000000082400000| Untracked 
|  37|0x0000000082500000, 0x0000000082500000, 0x0000000082600000|  0%| F|  |TAMS 0x0000000082500000, 0x0000000082500000| Untracked 
|  38|0x0000000082600000, 0x0000000082600000, 0x0000000082700000|  0%| F|  |TAMS 0x0000000082600000, 0x0000000082600000| Untracked 
|  39|0x0000000082700000, 0x0000000082700000, 0x0000000082800000|  0%| F|  |TAMS 0x0000000082700000, 0x0000000082700000| Untracked 
|  40|0x0000000082800000, 0x00000000828979c8, 0x0000000082900000| 59%| S|CS|TAMS 0x0000000082800000, 0x0000000082800000| Complete 
|  41|0x0000000082900000, 0x0000000082900000, 0x0000000082a00000|  0%| F|  |TAMS 0x0000000082900000, 0x0000000082900000| Untracked 
|  42|0x0000000082a00000, 0x0000000082a00000, 0x0000000082b00000|  0%| F|  |TAMS 0x0000000082a00000, 0x0000000082a00000| Untracked 
|  43|0x0000000082b00000, 0x0000000082b00000, 0x0000000082c00000|  0%| F|  |TAMS 0x0000000082b00000, 0x0000000082b00000| Untracked 
|  44|0x0000000082c00000, 0x0000000082d00000, 0x0000000082d00000|100%| S|CS|TAMS 0x0000000082c00000, 0x0000000082c00000| Complete 
|  45|0x0000000082d00000, 0x0000000082d00000, 0x0000000082e00000|  0%| F|  |TAMS 0x0000000082d00000, 0x0000000082d00000| Untracked 
|  46|0x0000000082e00000, 0x0000000082e00000, 0x0000000082f00000|  0%| F|  |TAMS 0x0000000082e00000, 0x0000000082e00000| Untracked 
|  47|0x0000000082f00000, 0x0000000082f00000, 0x0000000083000000|  0%| F|  |TAMS 0x0000000082f00000, 0x0000000082f00000| Untracked 
|  48|0x0000000083000000, 0x0000000083000000, 0x0000000083100000|  0%| F|  |TAMS 0x0000000083000000, 0x0000000083000000| Untracked 
|  49|0x0000000083100000, 0x0000000083100000, 0x0000000083200000|  0%| F|  |TAMS 0x0000000083100000, 0x0000000083100000| Untracked 
|  50|0x0000000083200000, 0x0000000083200000, 0x0000000083300000|  0%| F|  |TAMS 0x0000000083200000, 0x0000000083200000| Untracked 
|  51|0x0000000083300000, 0x0000000083300000, 0x0000000083400000|  0%| F|  |TAMS 0x0000000083300000, 0x0000000083300000| Untracked 
|  52|0x0000000083400000, 0x0000000083400000, 0x0000000083500000|  0%| F|  |TAMS 0x0000000083400000, 0x0000000083400000| Untracked 
|  53|0x0000000083500000, 0x0000000083500000, 0x0000000083600000|  0%| F|  |TAMS 0x0000000083500000, 0x0000000083500000| Untracked 
|  54|0x0000000083600000, 0x0000000083600000, 0x0000000083700000|  0%| F|  |TAMS 0x0000000083600000, 0x0000000083600000| Untracked 
|  55|0x0000000083700000, 0x0000000083700000, 0x0000000083800000|  0%| F|  |TAMS 0x0000000083700000, 0x0000000083700000| Untracked 
|  56|0x0000000083800000, 0x0000000083800000, 0x0000000083900000|  0%| F|  |TAMS 0x0000000083800000, 0x0000000083800000| Untracked 
|  57|0x0000000083900000, 0x0000000083900000, 0x0000000083a00000|  0%| F|  |TAMS 0x0000000083900000, 0x0000000083900000| Untracked 
|  58|0x0000000083a00000, 0x0000000083a00000, 0x0000000083b00000|  0%| F|  |TAMS 0x0000000083a00000, 0x0000000083a00000| Untracked 
|  59|0x0000000083b00000, 0x0000000083b00000, 0x0000000083c00000|  0%| F|  |TAMS 0x0000000083b00000, 0x0000000083b00000| Untracked 
|  60|0x0000000083c00000, 0x0000000083c00000, 0x0000000083d00000|  0%| F|  |TAMS 0x0000000083c00000, 0x0000000083c00000| Untracked 
|  61|0x0000000083d00000, 0x0000000083d00000, 0x0000000083e00000|  0%| F|  |TAMS 0x0000000083d00000, 0x0000000083d00000| Untracked 
|  62|0x0000000083e00000, 0x0000000083e00000, 0x0000000083f00000|  0%| F|  |TAMS 0x0000000083e00000, 0x0000000083e00000| Untracked 
|  63|0x0000000083f00000, 0x0000000083f00000, 0x0000000084000000|  0%| F|  |TAMS 0x0000000083f00000, 0x0000000083f00000| Untracked 
|  64|0x0000000084000000, 0x0000000084000000, 0x0000000084100000|  0%| F|  |TAMS 0x0000000084000000, 0x0000000084000000| Untracked 
|  65|0x0000000084100000, 0x0000000084100000, 0x0000000084200000|  0%| F|  |TAMS 0x0000000084100000, 0x0000000084100000| Untracked 
|  66|0x0000000084200000, 0x0000000084200000, 0x0000000084300000|  0%| F|  |TAMS 0x0000000084200000, 0x0000000084200000| Untracked 
|  67|0x0000000084300000, 0x0000000084300000, 0x0000000084400000|  0%| F|  |TAMS 0x0000000084300000, 0x0000000084300000| Untracked 
|  68|0x0000000084400000, 0x0000000084400000, 0x0000000084500000|  0%| F|  |TAMS 0x0000000084400000, 0x0000000084400000| Untracked 
|  69|0x0000000084500000, 0x0000000084500000, 0x0000000084600000|  0%| F|  |TAMS 0x0000000084500000, 0x0000000084500000| Untracked 
|  70|0x0000000084600000, 0x0000000084600000, 0x0000000084700000|  0%| F|  |TAMS 0x0000000084600000, 0x0000000084600000| Untracked 
|  71|0x0000000084700000, 0x0000000084700000, 0x0000000084800000|  0%| F|  |TAMS 0x0000000084700000, 0x0000000084700000| Untracked 
|  72|0x0000000084800000, 0x0000000084800000, 0x0000000084900000|  0%| F|  |TAMS 0x0000000084800000, 0x0000000084800000| Untracked 
|  73|0x0000000084900000, 0x0000000084900000, 0x0000000084a00000|  0%| F|  |TAMS 0x0000000084900000, 0x0000000084900000| Untracked 
|  74|0x0000000084a00000, 0x0000000084a00000, 0x0000000084b00000|  0%| F|  |TAMS 0x0000000084a00000, 0x0000000084a00000| Untracked 
|  75|0x0000000084b00000, 0x0000000084b00000, 0x0000000084c00000|  0%| F|  |TAMS 0x0000000084b00000, 0x0000000084b00000| Untracked 
|  76|0x0000000084c00000, 0x0000000084c00000, 0x0000000084d00000|  0%| F|  |TAMS 0x0000000084c00000, 0x0000000084c00000| Untracked 
|  77|0x0000000084d00000, 0x0000000084d00000, 0x0000000084e00000|  0%| F|  |TAMS 0x0000000084d00000, 0x0000000084d00000| Untracked 
|  78|0x0000000084e00000, 0x0000000084e80800, 0x0000000084f00000| 50%| E|  |TAMS 0x0000000084e00000, 0x0000000084e00000| Complete 
|  95|0x0000000085f00000, 0x0000000086000000, 0x0000000086000000|100%| E|CS|TAMS 0x0000000085f00000, 0x0000000085f00000| Complete 

Card table byte_map: [0x0000013669f70000,0x000001366a370000] _byte_map_base: 0x0000013669b70000

Marking Bits (Prev, Next): (CMBitMap*) 0x00000136533bf630, (CMBitMap*) 0x00000136533bf5f0
 Prev Bits: [0x000001366c770000, 0x000001366e770000)
 Next Bits: [0x000001366a770000, 0x000001366c770000)

Polling page: 0x00000136511f0000

Metaspace:

Usage:
  Non-class:     28.54 MB used.
      Class:      4.74 MB used.
       Both:     33.28 MB used.

Virtual space:
  Non-class space:       32.00 MB reserved,      28.69 MB ( 90%) committed,  4 nodes.
      Class space:        1.00 GB reserved,       4.94 MB ( <1%) committed,  1 nodes.
             Both:        1.03 GB reserved,      33.63 MB (  3%) committed. 

Chunk freelists:
   Non-Class:  3.11 MB
       Class:  3.05 MB
        Both:  6.16 MB

MaxMetaspaceSize: unlimited
CompressedClassSpaceSize: 1.00 GB
Initial GC threshold: 21.00 MB
Current GC threshold: 35.25 MB
CDS: on
MetaspaceReclaimPolicy: balanced
 - commit_granule_bytes: 65536.
 - commit_granule_words: 8192.
 - virtual_space_node_default_size: 1048576.
 - enlarge_chunks_in_place: 1.
 - new_chunks_are_fully_committed: 0.
 - uncommit_free_chunks: 1.
 - use_allocation_guard: 0.
 - handle_deallocations: 1.


Internal statistics:

num_allocs_failed_limit: 3.
num_arena_births: 314.
num_arena_deaths: 0.
num_vsnodes_births: 5.
num_vsnodes_deaths: 0.
num_space_committed: 538.
num_space_uncommitted: 0.
num_chunks_returned_to_freelist: 3.
num_chunks_taken_from_freelist: 1493.
num_chunk_merges: 3.
num_chunk_splits: 1034.
num_chunks_enlarged: 762.
num_purges: 0.
num_inconsistent_stats: 0.

CodeHeap 'non-profiled nmethods': size=120000Kb used=2513Kb max_used=2513Kb free=117487Kb
 bounds [0x0000013662640000, 0x00000136628c0000, 0x0000013669b70000]
CodeHeap 'profiled nmethods': size=120000Kb used=8381Kb max_used=8381Kb free=111618Kb
 bounds [0x000001365b110000, 0x000001365b940000, 0x0000013662640000]
CodeHeap 'non-nmethods': size=5760Kb used=1601Kb max_used=1644Kb free=4158Kb
 bounds [0x000001365ab70000, 0x000001365ade0000, 0x000001365b110000]
 total_blobs=4820 nmethods=4152 adapters=580
 compilation: enabled
              stopped_count=0, restarted_count=0
 full_count=0

Compilation events (20 events):
Event: 223.949 Thread 0x0000013670c130c0 nmethod 4086 0x000001365b907110 code [0x000001365b9072a0, 0x000001365b9073c8]
Event: 223.949 Thread 0x0000013670c130c0 4087       2       groovyjarjarantlr4.v4.runtime.atn.ParserATNSimulator::adaptivePredict (9 bytes)
Event: 223.949 Thread 0x0000013670c130c0 nmethod 4087 0x000001365b907490 code [0x000001365b907620, 0x000001365b907748]
Event: 223.949 Thread 0x0000013670c130c0 4088   !   2       groovyjarjarantlr4.v4.runtime.atn.ParserATNSimulator::adaptivePredict (341 bytes)
Event: 223.952 Thread 0x0000013670c130c0 nmethod 4088 0x000001365b907810 code [0x000001365b907ac0, 0x000001365b9085c8]
Event: 223.953 Thread 0x0000013670c130c0 4089 %     3       groovyjarjarantlr4.v4.runtime.atn.ParserATNSimulator::computeTargetState @ 73 (617 bytes)
Event: 223.961 Thread 0x0000013670c130c0 nmethod 4089% 0x000001365b908d90 code [0x000001365b909320, 0x000001365b90d6a8]
Event: 223.961 Thread 0x0000013670c130c0 4091       2       groovyjarjarantlr4.v4.runtime.atn.ParserATNSimulator::computeReachSet (268 bytes)
Event: 223.963 Thread 0x0000013670c130c0 nmethod 4091 0x000001365b90ec90 code [0x000001365b90eee0, 0x000001365b90f6a8]
Event: 223.963 Thread 0x0000013670c130c0 4092 %     3       groovyjarjarantlr4.v4.runtime.atn.ATNConfigSet::optimizeConfigs @ 13 (58 bytes)
Event: 223.965 Thread 0x0000013670c130c0 nmethod 4092% 0x000001365b90fc10 code [0x000001365b90fe60, 0x000001365b910908]
Event: 223.965 Thread 0x0000013670c130c0 4090       2       java.lang.Integer::equals (29 bytes)
Event: 223.965 Thread 0x0000013670c130c0 nmethod 4090 0x000001365b910d90 code [0x000001365b910f20, 0x000001365b9110f8]
Event: 223.966 Thread 0x0000013670c130c0 4093       2       org.apache.groovy.parser.antlr4.GroovyParser$GroovyParserRuleContext::<init> (12 bytes)
Event: 223.966 Thread 0x0000013670c130c0 nmethod 4093 0x000001365b911210 code [0x000001365b9113a0, 0x000001365b911518]
Event: 223.966 Thread 0x0000013670c130c0 4094       2       groovyjarjarantlr4.v4.runtime.Parser::enterOuterAlt (50 bytes)
Event: 223.967 Thread 0x0000013670c130c0 nmethod 4094 0x000001365b911590 code [0x000001365b911760, 0x000001365b9119e8]
Event: 223.972 Thread 0x0000013670c130c0 4095       2       java.util.HashMap$TreeNode::rotateLeft (91 bytes)
Event: 223.972 Thread 0x0000013670c130c0 nmethod 4095 0x000001365b911b90 code [0x000001365b911d40, 0x000001365b912118]
Event: 223.983 Thread 0x0000013670c130c0 4096       2       java.util.HashMap$TreeNode::putTreeVal (314 bytes)

GC Heap History (20 events):
Event: 9.849 GC heap before
{Heap before GC invocations=1 (full 0):
 garbage-first heap   total 98304K, used 22929K [0x0000000080000000, 0x0000000100000000)
  region size 1024K, 18 young (18432K), 2 survivors (2048K)
 Metaspace       used 3488K, committed 3648K, reserved 1056768K
  class space    used 440K, committed 512K, reserved 1048576K
}
Event: 9.872 GC heap after
{Heap after GC invocations=2 (full 0):
 garbage-first heap   total 98304K, used 10813K [0x0000000080000000, 0x0000000100000000)
  region size 1024K, 3 young (3072K), 3 survivors (3072K)
 Metaspace       used 3488K, committed 3648K, reserved 1056768K
  class space    used 440K, committed 512K, reserved 1048576K
}
Event: 32.308 GC heap before
{Heap before GC invocations=2 (full 0):
 garbage-first heap   total 98304K, used 33341K [0x0000000080000000, 0x0000000100000000)
  region size 1024K, 26 young (26624K), 3 survivors (3072K)
 Metaspace       used 3984K, committed 4160K, reserved 1056768K
  class space    used 490K, committed 576K, reserved 1048576K
}
Event: 32.314 GC heap after
{Heap after GC invocations=3 (full 0):
 garbage-first heap   total 98304K, used 11604K [0x0000000080000000, 0x0000000100000000)
  region size 1024K, 1 young (1024K), 1 survivors (1024K)
 Metaspace       used 3984K, committed 4160K, reserved 1056768K
  class space    used 490K, committed 576K, reserved 1048576K
}
Event: 98.000 GC heap before
{Heap before GC invocations=3 (full 0):
 garbage-first heap   total 98304K, used 65876K [0x0000000080000000, 0x0000000100000000)
  region size 1024K, 54 young (55296K), 1 survivors (1024K)
 Metaspace       used 11401K, committed 11648K, reserved 1064960K
  class space    used 1541K, committed 1664K, reserved 1048576K
}
Event: 98.429 GC heap after
{Heap after GC invocations=4 (full 0):
 garbage-first heap   total 98304K, used 18908K [0x0000000080000000, 0x0000000100000000)
  region size 1024K, 7 young (7168K), 7 survivors (7168K)
 Metaspace       used 11401K, committed 11648K, reserved 1064960K
  class space    used 1541K, committed 1664K, reserved 1048576K
}
Event: 98.490 GC heap before
{Heap before GC invocations=4 (full 0):
 garbage-first heap   total 98304K, used 19932K [0x0000000080000000, 0x0000000100000000)
  region size 1024K, 8 young (8192K), 7 survivors (7168K)
 Metaspace       used 11621K, committed 11840K, reserved 1064960K
  class space    used 1560K, committed 1664K, reserved 1048576K
}
Event: 98.500 GC heap after
{Heap after GC invocations=5 (full 0):
 garbage-first heap   total 98304K, used 20142K [0x0000000080000000, 0x0000000100000000)
  region size 1024K, 1 young (1024K), 1 survivors (1024K)
 Metaspace       used 11621K, committed 11840K, reserved 1064960K
  class space    used 1560K, committed 1664K, reserved 1048576K
}
Event: 115.968 GC heap before
{Heap before GC invocations=5 (full 0):
 garbage-first heap   total 98304K, used 42670K [0x0000000080000000, 0x0000000100000000)
  region size 1024K, 24 young (24576K), 1 survivors (1024K)
 Metaspace       used 15418K, committed 15744K, reserved 1064960K
  class space    used 2170K, committed 2368K, reserved 1048576K
}
Event: 115.975 GC heap after
{Heap after GC invocations=6 (full 0):
 garbage-first heap   total 98304K, used 20680K [0x0000000080000000, 0x0000000100000000)
  region size 1024K, 2 young (2048K), 2 survivors (2048K)
 Metaspace       used 15418K, committed 15744K, reserved 1064960K
  class space    used 2170K, committed 2368K, reserved 1048576K
}
Event: 158.551 GC heap before
{Heap before GC invocations=6 (full 0):
 garbage-first heap   total 98304K, used 65736K [0x0000000080000000, 0x0000000100000000)
  region size 1024K, 47 young (48128K), 2 survivors (2048K)
 Metaspace       used 21238K, committed 21504K, reserved 1073152K
  class space    used 3121K, committed 3264K, reserved 1048576K
}
Event: 158.952 GC heap after
{Heap after GC invocations=7 (full 0):
 garbage-first heap   total 98304K, used 23237K [0x0000000080000000, 0x0000000100000000)
  region size 1024K, 4 young (4096K), 4 survivors (4096K)
 Metaspace       used 21238K, committed 21504K, reserved 1073152K
  class space    used 3121K, committed 3264K, reserved 1048576K
}
Event: 159.453 GC heap before
{Heap before GC invocations=8 (full 0):
 garbage-first heap   total 81920K, used 24261K [0x0000000080000000, 0x0000000100000000)
  region size 1024K, 5 young (5120K), 4 survivors (4096K)
 Metaspace       used 21328K, committed 21696K, reserved 1073152K
  class space    used 3137K, committed 3328K, reserved 1048576K
}
Event: 159.475 GC heap after
{Heap after GC invocations=9 (full 0):
 garbage-first heap   total 81920K, used 23685K [0x0000000080000000, 0x0000000100000000)
  region size 1024K, 1 young (1024K), 1 survivors (1024K)
 Metaspace       used 21328K, committed 21696K, reserved 1073152K
  class space    used 3137K, committed 3328K, reserved 1048576K
}
Event: 160.333 GC heap before
{Heap before GC invocations=9 (full 0):
 garbage-first heap   total 81920K, used 26757K [0x0000000080000000, 0x0000000100000000)
  region size 1024K, 4 young (4096K), 1 survivors (1024K)
 Metaspace       used 21631K, committed 21888K, reserved 1073152K
  class space    used 3195K, committed 3328K, reserved 1048576K
}
Event: 160.338 GC heap after
{Heap after GC invocations=10 (full 0):
 garbage-first heap   total 81920K, used 23366K [0x0000000080000000, 0x0000000100000000)
  region size 1024K, 1 young (1024K), 1 survivors (1024K)
 Metaspace       used 21631K, committed 21888K, reserved 1073152K
  class space    used 3195K, committed 3328K, reserved 1048576K
}
Event: 191.274 GC heap before
{Heap before GC invocations=10 (full 0):
 garbage-first heap   total 81920K, used 62278K [0x0000000080000000, 0x0000000100000000)
  region size 1024K, 40 young (40960K), 1 survivors (1024K)
 Metaspace       used 28757K, committed 29184K, reserved 1081344K
  class space    used 4097K, committed 4288K, reserved 1048576K
}
Event: 191.282 GC heap after
{Heap after GC invocations=11 (full 0):
 garbage-first heap   total 81920K, used 26556K [0x0000000080000000, 0x0000000100000000)
  region size 1024K, 4 young (4096K), 4 survivors (4096K)
 Metaspace       used 28757K, committed 29184K, reserved 1081344K
  class space    used 4097K, committed 4288K, reserved 1048576K
}
Event: 220.954 GC heap before
{Heap before GC invocations=11 (full 0):
 garbage-first heap   total 81920K, used 62396K [0x0000000080000000, 0x0000000100000000)
  region size 1024K, 40 young (40960K), 4 survivors (4096K)
 Metaspace       used 32555K, committed 32960K, reserved 1081344K
  class space    used 4661K, committed 4864K, reserved 1048576K
}
Event: 220.968 GC heap after
{Heap after GC invocations=12 (full 0):
 garbage-first heap   total 81920K, used 29504K [0x0000000080000000, 0x0000000100000000)
  region size 1024K, 3 young (3072K), 3 survivors (3072K)
 Metaspace       used 32555K, committed 32960K, reserved 1081344K
  class space    used 4661K, committed 4864K, reserved 1048576K
}

Deoptimization events (20 events):
Event: 223.323 Thread 0x0000013672e4f550 Uncommon trap: trap_request=0xffffffde fr.pc=0x000001366276b260 relative=0x00000000000011c0
Event: 223.323 Thread 0x0000013672e4f550 Uncommon trap: reason=class_check action=maybe_recompile pc=0x000001366276b260 method=java.util.concurrent.ConcurrentHashMap.putVal(Ljava/lang/Object;Ljava/lang/Object;Z)Ljava/lang/Object; @ 242 c2
Event: 223.323 Thread 0x0000013672e4f550 DEOPT PACKING pc=0x000001366276b260 sp=0x0000000292bf7990
Event: 223.323 Thread 0x0000013672e4f550 DEOPT UNPACKING pc=0x000001365abc23a3 sp=0x0000000292bf7900 mode 2
Event: 223.397 Thread 0x0000013672e4f550 Uncommon trap: trap_request=0xffffffde fr.pc=0x000001366276b260 relative=0x00000000000011c0
Event: 223.397 Thread 0x0000013672e4f550 Uncommon trap: reason=class_check action=maybe_recompile pc=0x000001366276b260 method=java.util.concurrent.ConcurrentHashMap.putVal(Ljava/lang/Object;Ljava/lang/Object;Z)Ljava/lang/Object; @ 242 c2
Event: 223.397 Thread 0x0000013672e4f550 DEOPT PACKING pc=0x000001366276b260 sp=0x0000000292bf6da0
Event: 223.397 Thread 0x0000013672e4f550 DEOPT UNPACKING pc=0x000001365abc23a3 sp=0x0000000292bf6d10 mode 2
Event: 223.414 Thread 0x0000013672e4f550 Uncommon trap: trap_request=0xffffffde fr.pc=0x000001366276b260 relative=0x00000000000011c0
Event: 223.414 Thread 0x0000013672e4f550 Uncommon trap: reason=class_check action=maybe_recompile pc=0x000001366276b260 method=java.util.concurrent.ConcurrentHashMap.putVal(Ljava/lang/Object;Ljava/lang/Object;Z)Ljava/lang/Object; @ 242 c2
Event: 223.414 Thread 0x0000013672e4f550 DEOPT PACKING pc=0x000001366276b260 sp=0x0000000292bf67a0
Event: 223.414 Thread 0x0000013672e4f550 DEOPT UNPACKING pc=0x000001365abc23a3 sp=0x0000000292bf6710 mode 2
Event: 223.798 Thread 0x0000013672e4f550 Uncommon trap: trap_request=0xffffff45 fr.pc=0x00000136628a6648 relative=0x0000000000002be8
Event: 223.798 Thread 0x0000013672e4f550 Uncommon trap: reason=unstable_if action=reinterpret pc=0x00000136628a6648 method=groovyjarjarantlr4.v4.runtime.atn.ATNConfig.isPrecedenceFilterSuppressed()Z @ 7 c2
Event: 223.798 Thread 0x0000013672e4f550 DEOPT PACKING pc=0x00000136628a6648 sp=0x0000000292bf64f0
Event: 223.798 Thread 0x0000013672e4f550 DEOPT UNPACKING pc=0x000001365abc23a3 sp=0x0000000292bf6450 mode 2
Event: 223.947 Thread 0x0000013672e4f550 Uncommon trap: trap_request=0xffffffde fr.pc=0x000001366276b104 relative=0x0000000000001064
Event: 223.947 Thread 0x0000013672e4f550 Uncommon trap: reason=class_check action=maybe_recompile pc=0x000001366276b104 method=java.util.concurrent.ConcurrentHashMap.putVal(Ljava/lang/Object;Ljava/lang/Object;Z)Ljava/lang/Object; @ 159 c2
Event: 223.947 Thread 0x0000013672e4f550 DEOPT PACKING pc=0x000001366276b104 sp=0x0000000292bf7480
Event: 223.947 Thread 0x0000013672e4f550 DEOPT UNPACKING pc=0x000001365abc23a3 sp=0x0000000292bf7400 mode 2

Classes unloaded (0 events):
No events

Classes redefined (0 events):
No events

Internal exceptions (20 events):
Event: 171.546 Thread 0x0000013672e4f550 Exception <a 'java/lang/NoSuchMethodError'{0x00000000833d5dd0}: 'void java.lang.invoke.DirectMethodHandle$Holder.invokeStaticInit(java.lang.Object, java.lang.Object, java.lang.Object, java.lang.Object, java.lang.Object)'> (0x00000000833d5dd0) 
thrown [t:\workspace\open\src\hotspot\share\interpreter\linkResolver.cpp, line 766]
Event: 171.547 Thread 0x0000013672e4f550 Exception <a 'java/lang/NoSuchMethodError'{0x00000000833ddb98}: 'int java.lang.invoke.DirectMethodHandle$Holder.invokeStaticInit(java.lang.Object, java.lang.Object, java.lang.Object)'> (0x00000000833ddb98) 
thrown [t:\workspace\open\src\hotspot\share\interpreter\linkResolver.cpp, line 766]
Event: 171.564 Thread 0x0000013672e4f550 Exception <a 'java/lang/NoSuchMethodError'{0x0000000083235790}: 'int java.lang.invoke.DirectMethodHandle$Holder.invokeStaticInit(java.lang.Object, java.lang.Object, java.lang.Object, java.lang.Object)'> (0x0000000083235790) 
thrown [t:\workspace\open\src\hotspot\share\interpreter\linkResolver.cpp, line 766]
Event: 190.096 Thread 0x0000013672e4f550 Exception <a 'java/lang/ClassNotFoundException'{0x00000000829cf640}: groovy/lang/ExpandoMetaClassBeanInfo> (0x00000000829cf640) 
thrown [t:\workspace\open\src\hotspot\share\classfile\systemDictionary.cpp, line 256]
Event: 190.098 Thread 0x0000013672e4f550 Exception <a 'java/lang/ClassNotFoundException'{0x00000000829e6078}: groovy/lang/MetaClassImplBeanInfo> (0x00000000829e6078) 
thrown [t:\workspace\open\src\hotspot\share\classfile\systemDictionary.cpp, line 256]
Event: 190.099 Thread 0x0000013672e4f550 Exception <a 'java/lang/ClassNotFoundException'{0x00000000829eb0f0}: java/lang/ObjectBeanInfo> (0x00000000829eb0f0) 
thrown [t:\workspace\open\src\hotspot\share\classfile\systemDictionary.cpp, line 256]
Event: 190.176 Thread 0x0000013672e4f550 Exception <a 'java/lang/ClassNotFoundException'{0x00000000829f13a0}: java/lang/ObjectCustomizer> (0x00000000829f13a0) 
thrown [t:\workspace\open\src\hotspot\share\classfile\systemDictionary.cpp, line 256]
Event: 190.435 Thread 0x0000013672e4f550 Exception <a 'java/lang/IncompatibleClassChangeError'{0x0000000082811540}: Found class java.lang.Object, but interface was expected> (0x0000000082811540) 
thrown [t:\workspace\open\src\hotspot\share\interpreter\linkResolver.cpp, line 833]
Event: 190.837 Thread 0x0000013672e4f550 Exception <a 'java/lang/ClassNotFoundException'{0x0000000082836d28}: groovy/lang/MetaClassImplCustomizer> (0x0000000082836d28) 
thrown [t:\workspace\open\src\hotspot\share\classfile\systemDictionary.cpp, line 256]
Event: 190.890 Thread 0x0000013672e4f550 Exception <a 'java/lang/ClassNotFoundException'{0x000000008286ce00}: groovy/lang/ExpandoMetaClassCustomizer> (0x000000008286ce00) 
thrown [t:\workspace\open\src\hotspot\share\classfile\systemDictionary.cpp, line 256]
Event: 208.649 Thread 0x0000013672e4f550 Exception <a 'java/lang/ClassNotFoundException'{0x000000008395a1e0}: org/gradle/internal/extensibility/DefaultExtraPropertiesExtensionBeanInfo> (0x000000008395a1e0) 
thrown [t:\workspace\open\src\hotspot\share\classfile\systemDictionary.cpp, line 256]
Event: 208.651 Thread 0x0000013672e4f550 Exception <a 'java/lang/ClassNotFoundException'{0x0000000083970cc8}: groovy/lang/GroovyObjectSupportBeanInfo> (0x0000000083970cc8) 
thrown [t:\workspace\open\src\hotspot\share\classfile\systemDictionary.cpp, line 256]
Event: 208.652 Thread 0x0000013672e4f550 Exception <a 'java/lang/ClassNotFoundException'{0x0000000083987a18}: groovy/lang/GroovyObjectSupportCustomizer> (0x0000000083987a18) 
thrown [t:\workspace\open\src\hotspot\share\classfile\systemDictionary.cpp, line 256]
Event: 208.657 Thread 0x0000013672e4f550 Exception <a 'java/lang/ClassNotFoundException'{0x00000000839a1038}: org/gradle/internal/extensibility/DefaultExtraPropertiesExtensionCustomizer> (0x00000000839a1038) 
thrown [t:\workspace\open\src\hotspot\share\classfile\systemDictionary.cpp, line 256]
Event: 210.683 Thread 0x0000013672e4f550 Exception <a 'sun/nio/fs/WindowsException'{0x000000008389fe48}> (0x000000008389fe48) 
thrown [t:\workspace\open\src\hotspot\share\prims\jni.cpp, line 516]
Event: 210.749 Thread 0x0000013672e4f550 Exception <a 'sun/nio/fs/WindowsException'{0x00000000838a1418}> (0x00000000838a1418) 
thrown [t:\workspace\open\src\hotspot\share\prims\jni.cpp, line 516]
Event: 210.753 Thread 0x0000013672e4f550 Exception <a 'sun/nio/fs/WindowsException'{0x00000000838a29a0}> (0x00000000838a29a0) 
thrown [t:\workspace\open\src\hotspot\share\prims\jni.cpp, line 516]
Event: 210.756 Thread 0x0000013672e4f550 Exception <a 'sun/nio/fs/WindowsException'{0x00000000838a3b48}> (0x00000000838a3b48) 
thrown [t:\workspace\open\src\hotspot\share\prims\jni.cpp, line 516]
Event: 218.875 Thread 0x0000013672e4f550 Exception <a 'java/lang/NoSuchMethodError'{0x00000000834207b8}: 'void java.lang.invoke.DirectMethodHandle$Holder.invokeVirtual(java.lang.Object, java.lang.Object)'> (0x00000000834207b8) 
thrown [t:\workspace\open\src\hotspot\share\interpreter\linkResolver.cpp, line 766]
Event: 219.099 Thread 0x0000013672e4f550 Exception <a 'java/lang/NoSuchMethodError'{0x0000000083476af0}: 'void java.lang.invoke.DirectMethodHandle$Holder.invokeStatic(java.lang.Object, java.lang.Object, java.lang.Object, java.lang.Object, java.lang.Object, java.lang.Object)'> (0x0000000083476af0) 
thrown [t:\workspace\open\src\hotspot\share\interpreter\linkResolver.cpp, line 766]

VM Operations (20 events):
Event: 211.427 Executing VM operation: Cleanup
Event: 211.427 Executing VM operation: Cleanup done
Event: 212.428 Executing VM operation: Cleanup
Event: 212.428 Executing VM operation: Cleanup done
Event: 216.429 Executing VM operation: Cleanup
Event: 216.429 Executing VM operation: Cleanup done
Event: 220.922 Executing VM operation: HandshakeAllThreads
Event: 220.922 Executing VM operation: HandshakeAllThreads done
Event: 220.922 Executing VM operation: Cleanup
Event: 220.922 Executing VM operation: Cleanup done
Event: 220.954 Executing VM operation: G1CollectForAllocation
Event: 220.968 Executing VM operation: G1CollectForAllocation done
Event: 221.968 Executing VM operation: Cleanup
Event: 221.968 Executing VM operation: Cleanup done
Event: 222.463 Executing VM operation: HandshakeAllThreads
Event: 222.463 Executing VM operation: HandshakeAllThreads done
Event: 222.868 Executing VM operation: HandshakeAllThreads
Event: 222.868 Executing VM operation: HandshakeAllThreads done
Event: 223.108 Executing VM operation: ICBufferFull
Event: 223.108 Executing VM operation: ICBufferFull done

Events (20 events):
Event: 213.408 loading class java/math/MutableBigInteger
Event: 213.545 loading class java/math/MutableBigInteger done
Event: 219.954 loading class java/lang/Short$ShortCache
Event: 220.358 loading class java/lang/Short$ShortCache done
Event: 220.359 loading class java/lang/Byte$ByteCache
Event: 220.476 loading class java/lang/Byte$ByteCache done
Event: 220.609 loading class java/util/EmptyStackException
Event: 220.727 loading class java/util/EmptyStackException done
Event: 220.733 loading class java/util/DualPivotQuicksort
Event: 220.794 loading class java/util/DualPivotQuicksort done
Event: 220.797 loading class java/io/InvalidClassException
Event: 220.850 loading class java/io/InvalidClassException done
Event: 220.889 loading class java/util/ArrayList$ListItr
Event: 220.921 loading class java/util/ArrayList$ListItr done
Event: 220.979 loading class java/util/concurrent/locks/ReentrantReadWriteLock$FairSync
Event: 221.051 loading class java/util/concurrent/locks/ReentrantReadWriteLock$FairSync done
Event: 222.468 loading class java/util/concurrent/atomic/AtomicIntegerArray
Event: 222.827 loading class java/util/concurrent/atomic/AtomicIntegerArray done
Event: 222.827 loading class java/lang/invoke/VarHandleInts$Array
Event: 222.859 loading class java/lang/invoke/VarHandleInts$Array done


Dynamic libraries:
0x00007ff60c0e0000 - 0x00007ff60c0ee000 	E:\Java\jdk-17\jdk-17\bin\java.exe
0x00007ffb3c660000 - 0x00007ffb3c850000 	C:\WINDOWS\SYSTEM32\ntdll.dll
0x00007ffb3bf40000 - 0x00007ffb3bff2000 	C:\WINDOWS\System32\KERNEL32.DLL
0x00007ffb3a150000 - 0x00007ffb3a3f5000 	C:\WINDOWS\System32\KERNELBASE.dll
0x00007ffb39810000 - 0x00007ffb3990a000 	C:\WINDOWS\System32\ucrtbase.dll
0x00007ffae8c80000 - 0x00007ffae8c98000 	E:\Java\jdk-17\jdk-17\bin\jli.dll
0x00007ffb1d710000 - 0x00007ffb1d72a000 	E:\Java\jdk-17\jdk-17\bin\VCRUNTIME140.dll
0x00007ffb3c480000 - 0x00007ffb3c614000 	C:\WINDOWS\System32\USER32.dll
0x00007ffb39780000 - 0x00007ffb397a1000 	C:\WINDOWS\System32\win32u.dll
0x00007ffb3b820000 - 0x00007ffb3b846000 	C:\WINDOWS\System32\GDI32.dll
0x00007ffb28860000 - 0x00007ffb28ae4000 	C:\WINDOWS\WinSxS\amd64_microsoft.windows.common-controls_6595b64144ccf1df_6.0.18362.1556_none_9e7e372fe45e41d5\COMCTL32.dll
0x00007ffb3a570000 - 0x00007ffb3a708000 	C:\WINDOWS\System32\gdi32full.dll
0x00007ffb3ad20000 - 0x00007ffb3adbe000 	C:\WINDOWS\System32\msvcrt.dll
0x00007ffb39910000 - 0x00007ffb399ae000 	C:\WINDOWS\System32\msvcp_win.dll
0x00007ffb3a980000 - 0x00007ffb3acb6000 	C:\WINDOWS\System32\combase.dll
0x00007ffb3b6a0000 - 0x00007ffb3b7bf000 	C:\WINDOWS\System32\RPCRT4.dll
0x00007ffb3a400000 - 0x00007ffb3a481000 	C:\WINDOWS\System32\bcryptPrimitives.dll
0x00007ffb3b200000 - 0x00007ffb3b22e000 	C:\WINDOWS\System32\IMM32.DLL
0x00007ffb20b70000 - 0x00007ffb20b7c000 	E:\Java\jdk-17\jdk-17\bin\vcruntime140_1.dll
0x00007ffaee2e0000 - 0x00007ffaee36d000 	E:\Java\jdk-17\jdk-17\bin\msvcp140.dll
0x00007ffadeed0000 - 0x00007ffadfa8e000 	E:\Java\jdk-17\jdk-17\bin\server\jvm.dll
0x00007ffb3af30000 - 0x00007ffb3afd3000 	C:\WINDOWS\System32\ADVAPI32.dll
0x00007ffb3b4c0000 - 0x00007ffb3b557000 	C:\WINDOWS\System32\sechost.dll
0x00007ffb3a970000 - 0x00007ffb3a978000 	C:\WINDOWS\System32\PSAPI.DLL
0x00007ffb0c090000 - 0x00007ffb0c099000 	C:\WINDOWS\SYSTEM32\WSOCK32.dll
0x00007ffb36000000 - 0x00007ffb36024000 	C:\WINDOWS\SYSTEM32\WINMM.dll
0x00007ffb35950000 - 0x00007ffb3595a000 	C:\WINDOWS\SYSTEM32\VERSION.dll
0x00007ffb3b190000 - 0x00007ffb3b1ff000 	C:\WINDOWS\System32\WS2_32.dll
0x00007ffb35fd0000 - 0x00007ffb35ffd000 	C:\WINDOWS\SYSTEM32\winmmbase.dll
0x00007ffb39730000 - 0x00007ffb3977a000 	C:\WINDOWS\System32\cfgmgr32.dll
0x00007ffb39520000 - 0x00007ffb39531000 	C:\WINDOWS\System32\kernel.appcore.dll
0x00007ffaf0b00000 - 0x00007ffaf0b0a000 	E:\Java\jdk-17\jdk-17\bin\jimage.dll
0x00007ffb28660000 - 0x00007ffb28854000 	C:\WINDOWS\SYSTEM32\DBGHELP.DLL
0x00007ffb26f90000 - 0x00007ffb26fba000 	C:\WINDOWS\SYSTEM32\dbgcore.DLL
0x00007ffb35460000 - 0x00007ffb3546e000 	E:\Java\jdk-17\jdk-17\bin\instrument.dll
0x00007ffaee2b0000 - 0x00007ffaee2d5000 	E:\Java\jdk-17\jdk-17\bin\java.dll
0x00007ffaee1d0000 - 0x00007ffaee2a6000 	E:\Java\jdk-17\jdk-17\bin\svml.dll
0x00007ffb3b850000 - 0x00007ffb3bf37000 	C:\WINDOWS\System32\SHELL32.dll
0x00007ffb3a860000 - 0x00007ffb3a908000 	C:\WINDOWS\System32\shcore.dll
0x00007ffb399d0000 - 0x00007ffb3a14b000 	C:\WINDOWS\System32\windows.storage.dll
0x00007ffb395b0000 - 0x00007ffb395ce000 	C:\WINDOWS\System32\profapi.dll
0x00007ffb39540000 - 0x00007ffb3958a000 	C:\WINDOWS\System32\powrprof.dll
0x00007ffb39510000 - 0x00007ffb39520000 	C:\WINDOWS\System32\UMPDC.dll
0x00007ffb3acc0000 - 0x00007ffb3ad12000 	C:\WINDOWS\System32\shlwapi.dll
0x00007ffb399b0000 - 0x00007ffb399c7000 	C:\WINDOWS\System32\cryptsp.dll
0x00007ffb2a000000 - 0x00007ffb2a018000 	E:\Java\jdk-17\jdk-17\bin\zip.dll
0x00007ffb2a040000 - 0x00007ffb2a059000 	E:\Java\jdk-17\jdk-17\bin\net.dll
0x00007ffb34c20000 - 0x00007ffb34d1a000 	C:\WINDOWS\SYSTEM32\WINHTTP.dll
0x00007ffb38d00000 - 0x00007ffb38d67000 	C:\WINDOWS\system32\mswsock.dll
0x00007ffb2a020000 - 0x00007ffb2a035000 	E:\Java\jdk-17\jdk-17\bin\nio.dll
0x00007ffaf09d0000 - 0x00007ffaf09e0000 	E:\Java\jdk-17\jdk-17\bin\verify.dll
0x00007ffb36230000 - 0x00007ffb36257000 	C:\Users\Kiran\.gradle\native\c067742578af261105cb4f569cf0c3c89f3d7b1fecec35dd04571415982c5e48\windows-amd64\native-platform.dll
0x00007ffae2a00000 - 0x00007ffae2b44000 	C:\Users\Kiran\.gradle\native\38dada09dfb8b06ba9b0570ebf7e218e3eb74d4ef43ca46872605cf95ebc2f47\windows-amd64\native-platform-file-events.dll
0x00007ffb36140000 - 0x00007ffb36149000 	E:\Java\jdk-17\jdk-17\bin\management.dll
0x00007ffb36130000 - 0x00007ffb3613b000 	E:\Java\jdk-17\jdk-17\bin\management_ext.dll
0x00007ffb38890000 - 0x00007ffb388c3000 	C:\WINDOWS\system32\rsaenh.dll
0x00007ffb3a490000 - 0x00007ffb3a4b6000 	C:\WINDOWS\System32\bcrypt.dll
0x00007ffb39430000 - 0x00007ffb39455000 	C:\WINDOWS\SYSTEM32\USERENV.dll
0x00007ffb38e80000 - 0x00007ffb38e8c000 	C:\WINDOWS\SYSTEM32\CRYPTBASE.dll
0x00007ffb38a20000 - 0x00007ffb38a5a000 	C:\WINDOWS\SYSTEM32\IPHLPAPI.DLL
0x00007ffb3b230000 - 0x00007ffb3b238000 	C:\WINDOWS\System32\NSI.dll
0x00007ffb2e970000 - 0x00007ffb2e986000 	C:\WINDOWS\SYSTEM32\dhcpcsvc6.DLL
0x00007ffb2e950000 - 0x00007ffb2e96c000 	C:\WINDOWS\SYSTEM32\dhcpcsvc.DLL
0x00007ffb38ab0000 - 0x00007ffb38b7b000 	C:\WINDOWS\SYSTEM32\DNSAPI.dll
0x00007ffb32f00000 - 0x00007ffb32f0e000 	E:\Java\jdk-17\jdk-17\bin\sunmscapi.dll
0x00007ffb395d0000 - 0x00007ffb39721000 	C:\WINDOWS\System32\CRYPT32.dll
0x00007ffb39590000 - 0x00007ffb395a2000 	C:\WINDOWS\System32\MSASN1.dll
0x00007ffb38f90000 - 0x00007ffb38fb6000 	C:\WINDOWS\SYSTEM32\ncrypt.dll
0x00007ffb38f50000 - 0x00007ffb38f8b000 	C:\WINDOWS\SYSTEM32\NTASN1.dll
0x00007ffb32ef0000 - 0x00007ffb32ef7000 	C:\WINDOWS\system32\wshunix.dll

dbghelp: loaded successfully - version: 4.0.5 - missing functions: none
symbol engine: initialized successfully - sym options: 0x614 - pdb path: .;E:\Java\jdk-17\jdk-17\bin;C:\WINDOWS\SYSTEM32;C:\WINDOWS\WinSxS\amd64_microsoft.windows.common-controls_6595b64144ccf1df_6.0.18362.1556_none_9e7e372fe45e41d5;E:\Java\jdk-17\jdk-17\bin\server;C:\Users\Kiran\.gradle\native\c067742578af261105cb4f569cf0c3c89f3d7b1fecec35dd04571415982c5e48\windows-amd64;C:\Users\Kiran\.gradle\native\38dada09dfb8b06ba9b0570ebf7e218e3eb74d4ef43ca46872605cf95ebc2f47\windows-amd64

VM Arguments:
jvm_args: --add-opens=java.base/java.util=ALL-UNNAMED --add-opens=java.base/java.lang=ALL-UNNAMED --add-opens=java.base/java.lang.invoke=ALL-UNNAMED --add-opens=java.prefs/java.util.prefs=ALL-UNNAMED --add-opens=java.base/java.nio.charset=ALL-UNNAMED --add-opens=java.base/java.net=ALL-UNNAMED --add-opens=java.base/java.util.concurrent.atomic=ALL-UNNAMED -Xmx2048m -Dfile.encoding=UTF-8 -Duser.country=US -Duser.language=en -Duser.variant -javaagent:C:\Users\Kiran\.gradle\wrapper\dists\gradle-8.6-bin\afr5mpiioh2wthjmwnkmdsd5w\gradle-8.6\lib\agents\gradle-instrumentation-agent-8.6.jar 
java_command: org.gradle.launcher.daemon.bootstrap.GradleDaemon 8.6
java_class_path (initial): C:\Users\Kiran\.gradle\wrapper\dists\gradle-8.6-bin\afr5mpiioh2wthjmwnkmdsd5w\gradle-8.6\lib\gradle-launcher-8.6.jar
Launcher Type: SUN_STANDARD

[Global flags]
     intx CICompilerCount                          = 3                                         {product} {ergonomic}
     uint ConcGCThreads                            = 1                                         {product} {ergonomic}
     uint G1ConcRefinementThreads                  = 4                                         {product} {ergonomic}
   size_t G1HeapRegionSize                         = 1048576                                   {product} {ergonomic}
    uintx GCDrainStackTargetSize                   = 64                                        {product} {ergonomic}
   size_t InitialHeapSize                          = 100663296                                 {product} {ergonomic}
   size_t MarkStackSize                            = 4194304                                   {product} {ergonomic}
   size_t MaxHeapSize                              = 2147483648                                {product} {command line}
   size_t MaxNewSize                               = 1287651328                                {product} {ergonomic}
   size_t MinHeapDeltaBytes                        = 1048576                                   {product} {ergonomic}
   size_t MinHeapSize                              = 8388608                                   {product} {ergonomic}
    uintx NonNMethodCodeHeapSize                   = 5832780                                {pd product} {ergonomic}
    uintx NonProfiledCodeHeapSize                  = 122912730                              {pd product} {ergonomic}
    uintx ProfiledCodeHeapSize                     = 122912730                              {pd product} {ergonomic}
    uintx ReservedCodeCacheSize                    = 251658240                              {pd product} {ergonomic}
     bool SegmentedCodeCache                       = true                                      {product} {ergonomic}
   size_t SoftMaxHeapSize                          = 2147483648                             {manageable} {ergonomic}
     bool UseCompressedClassPointers               = true                           {product lp64_product} {ergonomic}
     bool UseCompressedOops                        = true                           {product lp64_product} {ergonomic}
     bool UseG1GC                                  = true                                      {product} {ergonomic}
     bool UseLargePagesIndividualAllocation        = false                                  {pd product} {ergonomic}

Logging:
Log output configuration:
 #0: stdout all=warning uptime,level,tags
 #1: stderr all=off uptime,level,tags

Environment Variables:
JAVA_HOME=E:\Java\jdk-17\jdk-17
CLASSPATH=D:\Msc sc\BloodBuddy\BloodBuddy\\gradle\wrapper\gradle-wrapper.jar
PATH=C:\WINDOWS\system32;C:\WINDOWS;C:\WINDOWS\System32\Wbem;C:\WINDOWS\System32\WindowsPowerShell\v1.0\;C:\WINDOWS\System32\OpenSSH\;C:\Program Files\Docker\Docker\resources\bin;C:\ProgramData\DockerDesktop\version-bin;E:\bin;E:\nodejs\;E:\Java\jdk-17\jdk-17\bin;C:\Users\Kiran\AppData\Local\Microsoft\WindowsApps;;C:\Users\Kiran\AppData\Local\Programs\Microsoft VS Code\bin;E:\Antigravity\bin;C:\Users\Kiran\go\bin;C:\Users\Kiran\AppData\Roaming\npm
USERNAME=Kiran
OS=Windows_NT
PROCESSOR_IDENTIFIER=Intel64 Family 6 Model 42 Stepping 7, GenuineIntel



---------------  S Y S T E M  ---------------

OS:
 Windows 10 , 64 bit Build 18362 (10.0.18362.1500)
OS uptime: 0 days 0:26 hours
Hyper-V role detected

CPU: total 4 (initial active 4) (2 cores per cpu, 2 threads per core) family 6 model 42 stepping 7 microcode 0x2f, cx8, cmov, fxsr, ht, mmx, sse, sse2, sse3, ssse3, sse4.1, sse4.2, popcnt, tsc, tscinvbit, avx, clmul, vzeroupper, clflush, hv

Memory: 4k page, system-wide physical 6052M (153M free)
TotalPageFile size 6052M (AvailPageFile size 5M)
current process WorkingSet (physical memory assigned to process): 196M, peak: 197M
current process commit charge ("private bytes"): 239M, peak: 248M

vm_info: OpenJDK 64-Bit Server VM (17+35-2724) for windows-amd64 JRE (17+35-2724), built on Aug  5 2021 23:26:02 by "mach5one" with MS VC++ 16.8 (VS2019)

END.
